Log file open, 06/08/22 16:10:15
LogWindows: Failed to load 'aqProf.dll' (GetLastError=126)
LogWindows: File 'aqProf.dll' does not exist
LogWindows: Failed to load 'VtuneApi.dll' (GetLastError=126)
LogWindows: File 'VtuneApi.dll' does not exist
LogWindows: Failed to load 'VtuneApi32e.dll' (GetLastError=126)
LogWindows: File 'VtuneApi32e.dll' does not exist
LogConsoleResponse: Display: Failed to find resolution value strings in scalability ini. Falling back to default.
LogConsoleResponse: Display: Failed to find resolution value strings in scalability ini. Falling back to default.
LogInit: Display: Running engine for game: UneJourneeAuMusee
LogPlatformFile: Not using cached read wrapper
LogTaskGraph: Started task graph with 5 named threads and 23 total threads with 3 sets of task threads.
LogStats: Stats thread started at 0.568862
LogICUInternationalization: ICU TimeZone Detection - Raw Offset: +1:00, Platform Override: ''
LogInit: Display: Loading text-based GConfig....
LogPluginManager: Mounting plugin MeshPainting
LogPluginManager: Mounting plugin XGEController
LogPluginManager: Mounting plugin Paper2D
LogPluginManager: Mounting plugin AISupport
LogPluginManager: Mounting plugin EnvironmentQueryEditor
LogPluginManager: Mounting plugin LiveLink
LogPluginManager: Mounting plugin LightPropagationVolume
LogPluginManager: Mounting plugin CameraShakePreviewer
LogPluginManager: Mounting plugin GameplayCameras
LogPluginManager: Mounting plugin OodleData
LogPluginManager: Mounting plugin OodleNetwork
LogPluginManager: Mounting plugin CLionSourceCodeAccess
LogPluginManager: Mounting plugin CodeLiteSourceCodeAccess
LogPluginManager: Mounting plugin GitSourceControl
LogPluginManager: Mounting plugin KDevelopSourceCodeAccess
LogPluginManager: Mounting plugin NullSourceCodeAccess
LogPluginManager: Mounting plugin PerforceSourceControl
LogPluginManager: Mounting plugin PixWinPlugin
LogPluginManager: Mounting plugin PlasticSourceControl
LogPluginManager: Mounting plugin PluginUtils
LogPluginManager: Mounting plugin PropertyAccessNode
LogPluginManager: Mounting plugin RiderSourceCodeAccess
LogPluginManager: Mounting plugin SubversionSourceControl
LogPluginManager: Mounting plugin TextureFormatOodle
LogPluginManager: Mounting plugin VisualStudioCodeSourceCodeAccess
LogPluginManager: Mounting plugin VisualStudioSourceCodeAccess
LogPluginManager: Mounting plugin XCodeSourceCodeAccess
LogPluginManager: Mounting plugin AssetManagerEditor
LogPluginManager: Mounting plugin DataprepEditor
LogPluginManager: Mounting plugin DatasmithContent
LogPluginManager: Mounting plugin UObjectPlugin
LogPluginManager: Mounting plugin StaticMeshEditorExtension
LogPluginManager: Mounting plugin VariantManager
LogPluginManager: Mounting plugin VariantManagerContent
LogPluginManager: Mounting plugin CryptoKeys
LogPluginManager: Mounting plugin CurveEditorTools
LogPluginManager: Mounting plugin DataValidation
LogPluginManager: Mounting plugin EditorScriptingUtilities
LogPluginManager: Mounting plugin FacialAnimation
LogPluginManager: Mounting plugin GameplayTagsEditor
LogPluginManager: Mounting plugin MacGraphicsSwitching
LogPluginManager: Mounting plugin GeometryMode
LogPluginManager: Mounting plugin MaterialAnalyzer
LogPluginManager: Mounting plugin MeshEditor
LogPluginManager: Mounting plugin MobileLauncherProfileWizard
LogPluginManager: Mounting plugin PluginBrowser
LogPluginManager: Mounting plugin SpeedTreeImporter
LogPluginManager: Mounting plugin Niagara
LogPluginManager: Mounting plugin AlembicImporter
LogPluginManager: Mounting plugin AutomationUtils
LogPluginManager: Mounting plugin BackChannel
LogPluginManager: Mounting plugin BlastPlugin
LogPluginManager: Mounting plugin ChaosCloth
LogPluginManager: Mounting plugin ChaosClothEditor
LogPluginManager: Mounting plugin ChaosNiagara
LogPluginManager: Mounting plugin ChaosEditor
LogPluginManager: Mounting plugin ChaosSolverPlugin
LogPluginManager: Mounting plugin CharacterAI
LogPluginManager: Mounting plugin DatasmithImporter
LogPluginManager: Mounting plugin GeometryCache
LogPluginManager: Mounting plugin GeometryCollectionPlugin
LogPluginManager: Mounting plugin GeometryProcessing
LogPluginManager: Mounting plugin MotoSynth
LogPluginManager: Mounting plugin OpenImageDenoise
LogPluginManager: Mounting plugin PlanarCut
LogPluginManager: Mounting plugin LuminPlatformFeatures
LogPluginManager: Mounting plugin PlatformCrypto
LogPluginManager: Mounting plugin MagicLeap
LogPluginManager: Mounting plugin ProxyLODPlugin
LogPluginManager: Mounting plugin PythonScriptPlugin
LogPluginManager: Mounting plugin MagicLeapLightEstimation
LogPluginManager: Mounting plugin MagicLeapMedia
LogPluginManager: Mounting plugin MagicLeapPassableWorld
LogPluginManager: Mounting plugin MLSDK
LogPluginManager: Mounting plugin SkeletalReduction
LogPluginManager: Mounting plugin AndroidMedia
LogPluginManager: Mounting plugin AvfMedia
LogPluginManager: Mounting plugin ImgMedia
LogPluginManager: Mounting plugin MediaCompositing
LogPluginManager: Mounting plugin MediaPlayerEditor
LogPluginManager: Mounting plugin WebMMedia
LogPluginManager: Mounting plugin WmfMedia
LogPluginManager: Mounting plugin TcpMessaging
LogPluginManager: Mounting plugin UdpMessaging
LogPluginManager: Mounting plugin ActorSequence
LogPluginManager: Mounting plugin LevelSequenceEditor
LogPluginManager: Mounting plugin MatineeToLevelSequence
LogPluginManager: Mounting plugin TemplateSequence
LogPluginManager: Mounting plugin OnlineSubsystem
LogPluginManager: Mounting plugin OnlineSubsystemNull
LogPluginManager: Mounting plugin OnlineSubsystemSteam
LogPluginManager: Mounting plugin OnlineSubsystemUtils
LogPluginManager: Mounting plugin LauncherChunkInstaller
LogPluginManager: Mounting plugin ActorLayerUtilities
LogPluginManager: Mounting plugin AndroidMoviePlayer
LogPluginManager: Mounting plugin AndroidDeviceProfileSelector
LogPluginManager: Mounting plugin AndroidPermission
LogPluginManager: Mounting plugin AppleImageUtils
LogPluginManager: Mounting plugin AppleMoviePlayer
LogPluginManager: Mounting plugin ArchVisCharacter
LogPluginManager: Mounting plugin AssetTags
LogPluginManager: Mounting plugin AudioCapture
LogPluginManager: Mounting plugin AudioSynesthesia
LogPluginManager: Mounting plugin CableComponent
LogPluginManager: Mounting plugin ChunkDownloader
LogPluginManager: Mounting plugin CustomMeshComponent
LogPluginManager: Mounting plugin EditableMesh
LogPluginManager: Mounting plugin ExampleDeviceProfileSelector
LogPluginManager: Mounting plugin AnimationSharing
LogPluginManager: Mounting plugin GoogleCloudMessaging
LogPluginManager: Mounting plugin GooglePAD
LogPluginManager: Mounting plugin IOSDeviceProfileSelector
LogPluginManager: Mounting plugin LinuxDeviceProfileSelector
LogPluginManager: Mounting plugin LocationServicesBPLibrary
LogPluginManager: Mounting plugin MobilePatchingUtils
LogPluginManager: Mounting plugin Takes
LogPluginManager: Mounting plugin OpenXREyeTracker
LogPluginManager: Mounting plugin OpenXRHandTracking
LogPluginManager: Mounting plugin ScreenshotTools
LogPluginManager: Mounting plugin OpenXR
LogPluginManager: Mounting plugin PostSplashScreen
LogPluginManager: Mounting plugin PropertyAccessEditor
LogPluginManager: Mounting plugin RuntimePhysXCooking
LogPluginManager: Mounting plugin SignificanceManager
LogPluginManager: Mounting plugin SoundFields
LogPluginManager: Mounting plugin Synthesis
LogPluginManager: Mounting plugin WebMMoviePlayer
LogPluginManager: Mounting plugin WindowsMoviePlayer
LogPluginManager: Mounting plugin ProceduralMeshComponent
LogPluginManager: Mounting plugin PhysXVehicles
LogPluginManager: Mounting plugin ContentBrowserAssetDataSource
LogPluginManager: Mounting plugin ContentBrowserClassDataSource
LogPluginManager: Mounting plugin ContentBrowserFileDataSource
LogPluginManager: Mounting plugin OnlineSubsystemGooglePlay
LogPluginManager: Mounting plugin OnlineSubsystemIOS
LogPluginManager: Mounting plugin OculusVR
LogPluginManager: Mounting plugin SteamShared
LogPluginManager: Mounting plugin SteamVR
LogPluginManager: Mounting plugin AdvancedSessions
LogPluginManager: Mounting plugin AdvancedSteamSessions
PixWinPlugin: PIX capture plugin failed to initialize! Check that the process is launched from PIX.
LogInit: Using libcurl 7.55.1-DEV
LogInit:  - built for x86_64-pc-win32
LogInit:  - supports SSL with OpenSSL/1.1.1
LogInit:  - supports HTTP deflate (compression) using libz 1.2.8
LogInit:  - other features:
LogInit:      CURL_VERSION_SSL
LogInit:      CURL_VERSION_LIBZ
LogInit:      CURL_VERSION_IPV6
LogInit:      CURL_VERSION_ASYNCHDNS
LogInit:      CURL_VERSION_LARGEFILE
LogInit:      CURL_VERSION_IDN
LogInit:  CurlRequestOptions (configurable via config and command line):
LogInit:  - bVerifyPeer = true  - Libcurl will verify peer certificate
LogInit:  - bUseHttpProxy = false  - Libcurl will NOT use HTTP proxy
LogInit:  - bDontReuseConnections = false  - Libcurl will reuse connections
LogInit:  - MaxHostConnections = 16  - Libcurl will limit the number of connections to a host
LogInit:  - LocalHostAddr = Default
LogInit:  - BufferSize = 65536
LogSteamShared: Display: Loading Steam SDK 1.51
LogSteamShared: Steam SDK Loaded!
LogOnline: OSS: Creating online subsystem instance for: Steam
LogOnline: STEAM: Steam User is subscribed 1
LogOnline: STEAM: [AppId: 480] Client API initialized 1
LogOnline: STEAM: Initializing SteamNetworking Layer
LogOnline: STEAM: Missing P2PCleanupTimeout key in OnlineSubsystemSteam of DefaultEngine.ini, using default
LogInit: WinSock: version 1.1 (2.2), MaxSocks=32767, MaxUdp=65467
LogOnline: OSS: TryLoadSubsystemAndSetDefault: Loaded subsystem for module [Steam]
LogOculusPluginWrapper: OculusPlugin initialized successfully
LogHMD: Failed initializing OVRPlugin 1.59.0
LogInit: Build: ++UE4+Release-4.27-CL-18319896
LogInit: Engine Version: 4.27.2-18319896+++UE4+Release-4.27
LogInit: Compatible Engine Version: 4.27.0-17155196+++UE4+Release-4.27
LogInit: Net CL: 17155196
LogInit: OS: Windows 10 (Release 2009) (), CPU: Intel(R) Core(TM) i5-8259U CPU @ 2.30GHz, GPU: Intel(R) Iris(R) Plus Graphics 655
LogInit: Compiled (64-bit): Nov 30 2021 07:12:08
LogInit: Compiled with Visual C++: 19.24.28315.00
LogInit: Build Configuration: Development
LogInit: Branch Name: ++UE4+Release-4.27
LogInit: Command Line:  /Game/Maps/MainMenu -game -PIEVIACONSOLE -Multiprocess "GameUserSettingsINI=C:/Users/Darwin/Documents/Unreal Projects/journeeaumusee/Saved/Config/Windows/PIEGameUserSettings0.ini" -MultiprocessSaveConfig -forcepassthrough -messaging -SessionName="Play in Standalone Game" -windowed -WinX=291 -WinY=244 SAVEWINPOS=1 -ResX=950 -ResY=486
LogInit: Base Directory: C:/Program Files/Epic Games/UE_4.27/Engine/Binaries/Win64/
LogInit: Allocator: TBB
LogInit: Installed Engine Build: 1
LogDevObjectVersion: Number of dev versions registered: 29
LogDevObjectVersion:   Dev-Blueprints (B0D832E4-1F89-4F0D-ACCF-7EB736FD4AA2): 10
LogDevObjectVersion:   Dev-Build (E1C64328-A22C-4D53-A36C-8E866417BD8C): 0
LogDevObjectVersion:   Dev-Core (375EC13C-06E4-48FB-B500-84F0262A717E): 4
LogDevObjectVersion:   Dev-Editor (E4B068ED-F494-42E9-A231-DA0B2E46BB41): 40
LogDevObjectVersion:   Dev-Framework (CFFC743F-43B0-4480-9391-14DF171D2073): 37
LogDevObjectVersion:   Dev-Mobile (B02B49B5-BB20-44E9-A304-32B752E40360): 3
LogDevObjectVersion:   Dev-Networking (A4E4105C-59A1-49B5-A7C5-40C4547EDFEE): 0
LogDevObjectVersion:   Dev-Online (39C831C9-5AE6-47DC-9A44-9C173E1C8E7C): 0
LogDevObjectVersion:   Dev-Physics (78F01B33-EBEA-4F98-B9B4-84EACCB95AA2): 14
LogDevObjectVersion:   Dev-Platform (6631380F-2D4D-43E0-8009-CF276956A95A): 0
LogDevObjectVersion:   Dev-Rendering (12F88B9F-8875-4AFC-A67C-D90C383ABD29): 45
LogDevObjectVersion:   Dev-Sequencer (7B5AE74C-D270-4C10-A958-57980B212A5A): 13
LogDevObjectVersion:   Dev-VR (D7296918-1DD6-4BDD-9DE2-64A83CC13884): 3
LogDevObjectVersion:   Dev-LoadTimes (C2A15278-BFE7-4AFE-6C17-90FF531DF755): 1
LogDevObjectVersion:   Private-Geometry (6EACA3D4-40EC-4CC1-B786-8BED09428FC5): 3
LogDevObjectVersion:   Dev-AnimPhys (29E575DD-E0A3-4627-9D10-D276232CDCEA): 17
LogDevObjectVersion:   Dev-Anim (AF43A65D-7FD3-4947-9873-3E8ED9C1BB05): 15
LogDevObjectVersion:   Dev-ReflectionCapture (6B266CEC-1EC7-4B8F-A30B-E4D90942FC07): 1
LogDevObjectVersion:   Dev-Automation (0DF73D61-A23F-47EA-B727-89E90C41499A): 1
LogDevObjectVersion:   FortniteMain (601D1886-AC64-4F84-AA16-D3DE0DEAC7D6): 47
LogDevObjectVersion:   FortniteRelease (E7086368-6B23-4C58-8439-1B7016265E91): 1
LogDevObjectVersion:   Dev-Enterprise (9DFFBCD6-494F-0158-E221-12823C92A888): 10
LogDevObjectVersion:   Dev-Niagara (F2AED0AC-9AFE-416F-8664-AA7FFA26D6FC): 1
LogDevObjectVersion:   Dev-Destruction (174F1F0B-B4C6-45A5-B13F-2EE8D0FB917D): 10
LogDevObjectVersion:   Dev-Physics-Ext (35F94A83-E258-406C-A318-09F59610247C): 41
LogDevObjectVersion:   Dev-PhysicsMaterial-Chaos (B68FC16E-8B1B-42E2-B453-215C058844FE): 1
LogDevObjectVersion:   Dev-CineCamera (B2E18506-4273-CFC2-A54E-F4BB758BBA07): 1
LogDevObjectVersion:   Dev-VirtualProduction (64F58936-FD1B-42BA-BA96-7289D5D0FA4E): 1
LogDevObjectVersion:   Dev-MediaFramework (6F0ED827-A609-4895-9C91-998D90180EA4): 2
LogInit: Presizing for max 25165824 objects, including 0 objects not considered by GC, pre-allocating 0 bytes for permanent pool.
LogConfig: Applying CVar settings from Section [/Script/Engine.StreamingSettings] File [C:/Users/Darwin/Documents/Unreal Projects/journeeaumusee/Saved/Config/Windows/Engine.ini]
LogConfig: Setting CVar [[s.MinBulkDataSizeForAsyncLoading:131072]]
LogConfig: Setting CVar [[s.AsyncLoadingThreadEnabled:0]]
LogConfig: Setting CVar [[s.EventDrivenLoaderEnabled:1]]
LogConfig: Setting CVar [[s.WarnIfTimeLimitExceeded:0]]
LogConfig: Setting CVar [[s.TimeLimitExceededMultiplier:1.5]]
LogConfig: Setting CVar [[s.TimeLimitExceededMinTime:0.005]]
LogConfig: Setting CVar [[s.UseBackgroundLevelStreaming:1]]
LogConfig: Setting CVar [[s.PriorityAsyncLoadingExtraTime:15.0]]
LogConfig: Setting CVar [[s.LevelStreamingActorsUpdateTimeLimit:5.0]]
LogConfig: Setting CVar [[s.PriorityLevelStreamingActorsUpdateExtraTime:5.0]]
LogConfig: Setting CVar [[s.LevelStreamingComponentsRegistrationGranularity:10]]
LogConfig: Setting CVar [[s.UnregisterComponentsTimeLimit:1.0]]
LogConfig: Setting CVar [[s.LevelStreamingComponentsUnregistrationGranularity:5]]
LogConfig: Setting CVar [[s.FlushStreamingOnExit:1]]
LogInit: Object subsystem initialized
LogConfig: Setting CVar [[con.DebugEarlyDefault:1]]
LogConfig: Setting CVar [[r.setres:1280x720]]
[2022.06.08-14.10.17:688][  0]LogConfig: Setting CVar [[con.DebugEarlyDefault:1]]
[2022.06.08-14.10.17:688][  0]LogConfig: Setting CVar [[r.setres:1280x720]]
[2022.06.08-14.10.17:688][  0]LogConfig: Applying CVar settings from Section [/Script/Engine.RendererSettings] File [C:/Users/Darwin/Documents/Unreal Projects/journeeaumusee/Saved/Config/Windows/Engine.ini]
[2022.06.08-14.10.17:688][  0]LogConfig: Setting CVar [[r.GPUCrashDebugging:0]]
[2022.06.08-14.10.17:688][  0]LogConfig: Applying CVar settings from Section [/Script/Engine.RendererOverrideSettings] File [C:/Users/Darwin/Documents/Unreal Projects/journeeaumusee/Saved/Config/Windows/Engine.ini]
[2022.06.08-14.10.17:688][  0]LogConfig: Applying CVar settings from Section [/Script/Engine.StreamingSettings] File [C:/Users/Darwin/Documents/Unreal Projects/journeeaumusee/Saved/Config/Windows/Engine.ini]
[2022.06.08-14.10.17:688][  0]LogConfig: Setting CVar [[s.MinBulkDataSizeForAsyncLoading:131072]]
[2022.06.08-14.10.17:689][  0]LogConfig: Setting CVar [[s.AsyncLoadingThreadEnabled:0]]
[2022.06.08-14.10.17:689][  0]LogConfig: Setting CVar [[s.EventDrivenLoaderEnabled:1]]
[2022.06.08-14.10.17:689][  0]LogConfig: Setting CVar [[s.WarnIfTimeLimitExceeded:0]]
[2022.06.08-14.10.17:689][  0]LogConfig: Setting CVar [[s.TimeLimitExceededMultiplier:1.5]]
[2022.06.08-14.10.17:689][  0]LogConfig: Setting CVar [[s.TimeLimitExceededMinTime:0.005]]
[2022.06.08-14.10.17:689][  0]LogConfig: Setting CVar [[s.UseBackgroundLevelStreaming:1]]
[2022.06.08-14.10.17:689][  0]LogConfig: Setting CVar [[s.PriorityAsyncLoadingExtraTime:15.0]]
[2022.06.08-14.10.17:689][  0]LogConfig: Setting CVar [[s.LevelStreamingActorsUpdateTimeLimit:5.0]]
[2022.06.08-14.10.17:689][  0]LogConfig: Setting CVar [[s.PriorityLevelStreamingActorsUpdateExtraTime:5.0]]
[2022.06.08-14.10.17:689][  0]LogConfig: Setting CVar [[s.LevelStreamingComponentsRegistrationGranularity:10]]
[2022.06.08-14.10.17:689][  0]LogConfig: Setting CVar [[s.UnregisterComponentsTimeLimit:1.0]]
[2022.06.08-14.10.17:689][  0]LogConfig: Setting CVar [[s.LevelStreamingComponentsUnregistrationGranularity:5]]
[2022.06.08-14.10.17:689][  0]LogConfig: Setting CVar [[s.FlushStreamingOnExit:1]]
[2022.06.08-14.10.17:689][  0]LogConfig: Applying CVar settings from Section [/Script/Engine.GarbageCollectionSettings] File [C:/Users/Darwin/Documents/Unreal Projects/journeeaumusee/Saved/Config/Windows/Engine.ini]
[2022.06.08-14.10.17:689][  0]LogConfig: Setting CVar [[gc.MaxObjectsNotConsideredByGC:1]]
[2022.06.08-14.10.17:689][  0]LogConfig: Setting CVar [[gc.SizeOfPermanentObjectPool:0]]
[2022.06.08-14.10.17:689][  0]LogConfig: Setting CVar [[gc.FlushStreamingOnGC:0]]
[2022.06.08-14.10.17:689][  0]LogConfig: Setting CVar [[gc.NumRetriesBeforeForcingGC:10]]
[2022.06.08-14.10.17:689][  0]LogConfig: Setting CVar [[gc.AllowParallelGC:1]]
[2022.06.08-14.10.17:689][  0]LogConfig: Setting CVar [[gc.TimeBetweenPurgingPendingKillObjects:61.1]]
[2022.06.08-14.10.17:690][  0]LogConfig: Setting CVar [[gc.MaxObjectsInEditor:25165824]]
[2022.06.08-14.10.17:690][  0]LogConfig: Setting CVar [[gc.IncrementalBeginDestroyEnabled:1]]
[2022.06.08-14.10.17:690][  0]LogConfig: Setting CVar [[gc.CreateGCClusters:1]]
[2022.06.08-14.10.17:690][  0]LogConfig: Setting CVar [[gc.MinGCClusterSize:5]]
[2022.06.08-14.10.17:690][  0]LogConfig: Setting CVar [[gc.ActorClusteringEnabled:0]]
[2022.06.08-14.10.17:690][  0]LogConfig: Setting CVar [[gc.BlueprintClusteringEnabled:0]]
[2022.06.08-14.10.17:690][  0]LogConfig: Setting CVar [[gc.UseDisregardForGCOnDedicatedServers:0]]
[2022.06.08-14.10.17:690][  0]LogConfig: Setting CVar [[gc.MultithreadedDestructionEnabled:1]]
[2022.06.08-14.10.17:690][  0]LogConfig: Applying CVar settings from Section [/Script/Engine.NetworkSettings] File [C:/Users/Darwin/Documents/Unreal Projects/journeeaumusee/Saved/Config/Windows/Engine.ini]
[2022.06.08-14.10.17:690][  0]LogConfig: Applying CVar settings from Section [/Script/UnrealEd.CookerSettings] File [C:/Users/Darwin/Documents/Unreal Projects/journeeaumusee/Saved/Config/Windows/Engine.ini]
[2022.06.08-14.10.17:770][  0]LogConfig: Applying CVar settings from Section [ViewDistanceQuality@3] File [C:/Users/Darwin/Documents/Unreal Projects/journeeaumusee/Saved/Config/Windows/Scalability.ini]
[2022.06.08-14.10.17:770][  0]LogConfig: Setting CVar [[r.SkeletalMeshLODBias:0]]
[2022.06.08-14.10.17:770][  0]LogConfig: Setting CVar [[r.ViewDistanceScale:1.0]]
[2022.06.08-14.10.17:770][  0]LogConfig: Applying CVar settings from Section [AntiAliasingQuality@3] File [C:/Users/Darwin/Documents/Unreal Projects/journeeaumusee/Saved/Config/Windows/Scalability.ini]
[2022.06.08-14.10.17:770][  0]LogConfig: Setting CVar [[r.PostProcessAAQuality:4]]
[2022.06.08-14.10.17:770][  0]LogConfig: Applying CVar settings from Section [ShadowQuality@3] File [C:/Users/Darwin/Documents/Unreal Projects/journeeaumusee/Saved/Config/Windows/Scalability.ini]
[2022.06.08-14.10.17:770][  0]LogConfig: Setting CVar [[r.LightFunctionQuality:1]]
[2022.06.08-14.10.17:770][  0]LogConfig: Setting CVar [[r.ShadowQuality:5]]
[2022.06.08-14.10.17:770][  0]LogConfig: Setting CVar [[r.Shadow.CSM.MaxCascades:10]]
[2022.06.08-14.10.17:770][  0]LogConfig: Setting CVar [[r.Shadow.MaxResolution:2048]]
[2022.06.08-14.10.17:770][  0]LogConfig: Setting CVar [[r.Shadow.MaxCSMResolution:2048]]
[2022.06.08-14.10.17:770][  0]LogConfig: Setting CVar [[r.Shadow.RadiusThreshold:0.01]]
[2022.06.08-14.10.17:770][  0]LogConfig: Setting CVar [[r.Shadow.DistanceScale:1.0]]
[2022.06.08-14.10.17:770][  0]LogConfig: Setting CVar [[r.Shadow.CSM.TransitionScale:1.0]]
[2022.06.08-14.10.17:770][  0]LogConfig: Setting CVar [[r.Shadow.PreShadowResolutionFactor:1.0]]
[2022.06.08-14.10.17:770][  0]LogConfig: Setting CVar [[r.DistanceFieldShadowing:1]]
[2022.06.08-14.10.17:770][  0]LogConfig: Setting CVar [[r.DistanceFieldAO:1]]
[2022.06.08-14.10.17:770][  0]LogConfig: Setting CVar [[r.AOQuality:2]]
[2022.06.08-14.10.17:770][  0]LogConfig: Setting CVar [[r.VolumetricFog:1]]
[2022.06.08-14.10.17:770][  0]LogConfig: Setting CVar [[r.VolumetricFog.GridPixelSize:8]]
[2022.06.08-14.10.17:770][  0]LogConfig: Setting CVar [[r.VolumetricFog.GridSizeZ:128]]
[2022.06.08-14.10.17:770][  0]LogConfig: Setting CVar [[r.VolumetricFog.HistoryMissSupersampleCount:4]]
[2022.06.08-14.10.17:770][  0]LogConfig: Setting CVar [[r.LightMaxDrawDistanceScale:1]]
[2022.06.08-14.10.17:770][  0]LogConfig: Setting CVar [[r.CapsuleShadows:1]]
[2022.06.08-14.10.17:770][  0]LogConfig: Applying CVar settings from Section [PostProcessQuality@3] File [C:/Users/Darwin/Documents/Unreal Projects/journeeaumusee/Saved/Config/Windows/Scalability.ini]
[2022.06.08-14.10.17:770][  0]LogConfig: Setting CVar [[r.MotionBlurQuality:4]]
[2022.06.08-14.10.17:771][  0]LogConfig: Setting CVar [[r.AmbientOcclusionMipLevelFactor:0.4]]
[2022.06.08-14.10.17:771][  0]LogConfig: Setting CVar [[r.AmbientOcclusionMaxQuality:100]]
[2022.06.08-14.10.17:771][  0]LogConfig: Setting CVar [[r.AmbientOcclusionLevels:-1]]
[2022.06.08-14.10.17:771][  0]LogConfig: Setting CVar [[r.AmbientOcclusionRadiusScale:1.0]]
[2022.06.08-14.10.17:771][  0]LogConfig: Setting CVar [[r.DepthOfFieldQuality:2]]
[2022.06.08-14.10.17:771][  0]LogConfig: Setting CVar [[r.RenderTargetPoolMin:400]]
[2022.06.08-14.10.17:771][  0]LogConfig: Setting CVar [[r.LensFlareQuality:2]]
[2022.06.08-14.10.17:771][  0]LogConfig: Setting CVar [[r.SceneColorFringeQuality:1]]
[2022.06.08-14.10.17:771][  0]LogConfig: Setting CVar [[r.EyeAdaptationQuality:2]]
[2022.06.08-14.10.17:771][  0]LogConfig: Setting CVar [[r.BloomQuality:5]]
[2022.06.08-14.10.17:771][  0]LogConfig: Setting CVar [[r.FastBlurThreshold:100]]
[2022.06.08-14.10.17:771][  0]LogConfig: Setting CVar [[r.Upscale.Quality:3]]
[2022.06.08-14.10.17:771][  0]LogConfig: Setting CVar [[r.Tonemapper.GrainQuantization:1]]
[2022.06.08-14.10.17:771][  0]LogConfig: Setting CVar [[r.LightShaftQuality:1]]
[2022.06.08-14.10.17:771][  0]LogConfig: Setting CVar [[r.Filter.SizeScale:1]]
[2022.06.08-14.10.17:771][  0]LogConfig: Setting CVar [[r.Tonemapper.Quality:5]]
[2022.06.08-14.10.17:772][  0]LogConfig: Setting CVar [[r.DOF.Gather.AccumulatorQuality:1        ; higher gathering accumulator quality]]
[2022.06.08-14.10.17:772][  0]LogConfig: Setting CVar [[r.DOF.Gather.PostfilterMethod:1          ; Median3x3 postfilering method]]
[2022.06.08-14.10.17:772][  0]LogConfig: Setting CVar [[r.DOF.Gather.EnableBokehSettings:0       ; no bokeh simulation when gathering]]
[2022.06.08-14.10.17:772][  0]LogConfig: Setting CVar [[r.DOF.Gather.RingCount:4                 ; medium number of samples when gathering]]
[2022.06.08-14.10.17:772][  0]LogConfig: Setting CVar [[r.DOF.Scatter.ForegroundCompositing:1    ; additive foreground scattering]]
[2022.06.08-14.10.17:772][  0]LogConfig: Setting CVar [[r.DOF.Scatter.BackgroundCompositing:2    ; additive background scattering]]
[2022.06.08-14.10.17:772][  0]LogConfig: Setting CVar [[r.DOF.Scatter.EnableBokehSettings:1      ; bokeh simulation when scattering]]
[2022.06.08-14.10.17:772][  0]LogConfig: Setting CVar [[r.DOF.Scatter.MaxSpriteRatio:0.1         ; only a maximum of 10% of scattered bokeh]]
[2022.06.08-14.10.17:772][  0]LogConfig: Setting CVar [[r.DOF.Recombine.Quality:1                ; cheap slight out of focus]]
[2022.06.08-14.10.17:772][  0]LogConfig: Setting CVar [[r.DOF.Recombine.EnableBokehSettings:0    ; no bokeh simulation on slight out of focus]]
[2022.06.08-14.10.17:772][  0]LogConfig: Setting CVar [[r.DOF.TemporalAAQuality:1                ; more stable temporal accumulation]]
[2022.06.08-14.10.17:772][  0]LogConfig: Setting CVar [[r.DOF.Kernel.MaxForegroundRadius:0.025]]
[2022.06.08-14.10.17:772][  0]LogConfig: Setting CVar [[r.DOF.Kernel.MaxBackgroundRadius:0.025]]
[2022.06.08-14.10.17:772][  0]LogConfig: Applying CVar settings from Section [TextureQuality@3] File [C:/Users/Darwin/Documents/Unreal Projects/journeeaumusee/Saved/Config/Windows/Scalability.ini]
[2022.06.08-14.10.17:772][  0]LogConfig: Setting CVar [[r.Streaming.MipBias:0]]
[2022.06.08-14.10.17:772][  0]LogConfig: Setting CVar [[r.Streaming.AmortizeCPUToGPUCopy:0]]
[2022.06.08-14.10.17:772][  0]LogConfig: Setting CVar [[r.Streaming.MaxNumTexturesToStreamPerFrame:0]]
[2022.06.08-14.10.17:772][  0]LogConfig: Setting CVar [[r.Streaming.Boost:1]]
[2022.06.08-14.10.17:772][  0]LogConfig: Setting CVar [[r.MaxAnisotropy:8]]
[2022.06.08-14.10.17:772][  0]LogConfig: Setting CVar [[r.VT.MaxAnisotropy:8]]
[2022.06.08-14.10.17:772][  0]LogConfig: Setting CVar [[r.Streaming.LimitPoolSizeToVRAM:0]]
[2022.06.08-14.10.17:772][  0]LogConfig: Setting CVar [[r.Streaming.PoolSize:1000]]
[2022.06.08-14.10.17:772][  0]LogConfig: Setting CVar [[r.Streaming.MaxEffectiveScreenSize:0]]
[2022.06.08-14.10.17:772][  0]LogConfig: Applying CVar settings from Section [EffectsQuality@3] File [C:/Users/Darwin/Documents/Unreal Projects/journeeaumusee/Saved/Config/Windows/Scalability.ini]
[2022.06.08-14.10.17:773][  0]LogConfig: Setting CVar [[r.TranslucencyLightingVolumeDim:64]]
[2022.06.08-14.10.17:773][  0]LogConfig: Setting CVar [[r.RefractionQuality:2]]
[2022.06.08-14.10.17:773][  0]LogConfig: Setting CVar [[r.SSR.Quality:3]]
[2022.06.08-14.10.17:773][  0]LogConfig: Setting CVar [[r.SSR.HalfResSceneColor:0]]
[2022.06.08-14.10.17:773][  0]LogConfig: Setting CVar [[r.SceneColorFormat:4]]
[2022.06.08-14.10.17:773][  0]LogConfig: Setting CVar [[r.DetailMode:2]]
[2022.06.08-14.10.17:773][  0]LogConfig: Setting CVar [[r.TranslucencyVolumeBlur:1]]
[2022.06.08-14.10.17:773][  0]LogConfig: Setting CVar [[r.MaterialQualityLevel:1 ; High quality]]
[2022.06.08-14.10.17:773][  0]LogConfig: Setting CVar [[r.AnisotropicMaterials:1]]
[2022.06.08-14.10.17:773][  0]LogConfig: Setting CVar [[r.SSS.Scale:1]]
[2022.06.08-14.10.17:773][  0]LogConfig: Setting CVar [[r.SSS.SampleSet:2]]
[2022.06.08-14.10.17:773][  0]LogConfig: Setting CVar [[r.SSS.Quality:1]]
[2022.06.08-14.10.17:773][  0]LogConfig: Setting CVar [[r.SSS.HalfRes:0]]
[2022.06.08-14.10.17:773][  0]LogConfig: Setting CVar [[r.SSGI.Quality:3]]
[2022.06.08-14.10.17:773][  0]LogConfig: Setting CVar [[r.EmitterSpawnRateScale:1.0]]
[2022.06.08-14.10.17:773][  0]LogConfig: Setting CVar [[r.ParticleLightQuality:2]]
[2022.06.08-14.10.17:773][  0]LogConfig: Setting CVar [[r.SkyAtmosphere.AerialPerspectiveLUT.FastApplyOnOpaque:1 ; Always have FastSkyLUT 1 in this case to avoid wrong sky]]
[2022.06.08-14.10.17:773][  0]LogConfig: Setting CVar [[r.SkyAtmosphere.AerialPerspectiveLUT.SampleCountMaxPerSlice:4]]
[2022.06.08-14.10.17:773][  0]LogConfig: Setting CVar [[r.SkyAtmosphere.AerialPerspectiveLUT.DepthResolution:16.0]]
[2022.06.08-14.10.17:773][  0]LogConfig: Setting CVar [[r.SkyAtmosphere.FastSkyLUT:1]]
[2022.06.08-14.10.17:773][  0]LogConfig: Setting CVar [[r.SkyAtmosphere.FastSkyLUT.SampleCountMin:4.0]]
[2022.06.08-14.10.17:773][  0]LogConfig: Setting CVar [[r.SkyAtmosphere.FastSkyLUT.SampleCountMax:128.0]]
[2022.06.08-14.10.17:773][  0]LogConfig: Setting CVar [[r.SkyAtmosphere.SampleCountMin:4.0]]
[2022.06.08-14.10.17:773][  0]LogConfig: Setting CVar [[r.SkyAtmosphere.SampleCountMax:128.0]]
[2022.06.08-14.10.17:773][  0]LogConfig: Setting CVar [[r.SkyAtmosphere.TransmittanceLUT.UseSmallFormat:0]]
[2022.06.08-14.10.17:773][  0]LogConfig: Setting CVar [[r.SkyAtmosphere.TransmittanceLUT.SampleCount:10.0]]
[2022.06.08-14.10.17:773][  0]LogConfig: Setting CVar [[r.SkyAtmosphere.MultiScatteringLUT.SampleCount:15.0]]
[2022.06.08-14.10.17:773][  0]LogConfig: Setting CVar [[r.SkyLight.RealTimeReflectionCapture:1]]
[2022.06.08-14.10.17:773][  0]LogConfig: Applying CVar settings from Section [FoliageQuality@3] File [C:/Users/Darwin/Documents/Unreal Projects/journeeaumusee/Saved/Config/Windows/Scalability.ini]
[2022.06.08-14.10.17:773][  0]LogConfig: Setting CVar [[foliage.DensityScale:1.0]]
[2022.06.08-14.10.17:773][  0]LogConfig: Setting CVar [[grass.DensityScale:1.0]]
[2022.06.08-14.10.17:773][  0]LogConfig: Applying CVar settings from Section [ShadingQuality@3] File [C:/Users/Darwin/Documents/Unreal Projects/journeeaumusee/Saved/Config/Windows/Scalability.ini]
[2022.06.08-14.10.17:773][  0]LogConfig: Setting CVar [[r.HairStrands.SkyLighting.IntegrationType:2]]
[2022.06.08-14.10.17:773][  0]LogConfig: Setting CVar [[r.HairStrands.SkyAO.SampleCount:4]]
[2022.06.08-14.10.17:773][  0]LogConfig: Setting CVar [[r.HairStrands.Visibility.MSAA.SamplePerPixel:4]]
[2022.06.08-14.10.17:773][  0]LogInit: Selected Device Profile: [Windows]
[2022.06.08-14.10.17:774][  0]LogInit: Applying CVar settings loaded from the selected device profile: [Windows]
[2022.06.08-14.10.17:774][  0]LogHAL: Display: Platform has ~ 16 GB [17066127360 / 17179869184 / 16], which maps to Larger [LargestMinGB=32, LargerMinGB=12, DefaultMinGB=8, SmallerMinGB=6, SmallestMinGB=0)
[2022.06.08-14.10.17:774][  0]LogInit: Going up to parent DeviceProfile []
[2022.06.08-14.10.17:774][  0]LogConfig: Applying CVar settings from Section [ViewDistanceQuality@3] File [C:/Users/Darwin/Documents/Unreal Projects/journeeaumusee/Saved/Config/Windows/Scalability.ini]
[2022.06.08-14.10.17:774][  0]LogConfig: Setting CVar [[r.SkeletalMeshLODBias:0]]
[2022.06.08-14.10.17:774][  0]LogConfig: Setting CVar [[r.ViewDistanceScale:1.0]]
[2022.06.08-14.10.17:774][  0]LogConfig: Applying CVar settings from Section [AntiAliasingQuality@3] File [C:/Users/Darwin/Documents/Unreal Projects/journeeaumusee/Saved/Config/Windows/Scalability.ini]
[2022.06.08-14.10.17:774][  0]LogConfig: Setting CVar [[r.PostProcessAAQuality:4]]
[2022.06.08-14.10.17:774][  0]LogConfig: Applying CVar settings from Section [ShadowQuality@3] File [C:/Users/Darwin/Documents/Unreal Projects/journeeaumusee/Saved/Config/Windows/Scalability.ini]
[2022.06.08-14.10.17:774][  0]LogConfig: Setting CVar [[r.LightFunctionQuality:1]]
[2022.06.08-14.10.17:774][  0]LogConfig: Setting CVar [[r.ShadowQuality:5]]
[2022.06.08-14.10.17:774][  0]LogConfig: Setting CVar [[r.Shadow.CSM.MaxCascades:10]]
[2022.06.08-14.10.17:774][  0]LogConfig: Setting CVar [[r.Shadow.MaxResolution:2048]]
[2022.06.08-14.10.17:775][  0]LogConfig: Setting CVar [[r.Shadow.MaxCSMResolution:2048]]
[2022.06.08-14.10.17:775][  0]LogConfig: Setting CVar [[r.Shadow.RadiusThreshold:0.01]]
[2022.06.08-14.10.17:775][  0]LogConfig: Setting CVar [[r.Shadow.DistanceScale:1.0]]
[2022.06.08-14.10.17:775][  0]LogConfig: Setting CVar [[r.Shadow.CSM.TransitionScale:1.0]]
[2022.06.08-14.10.17:775][  0]LogConfig: Setting CVar [[r.Shadow.PreShadowResolutionFactor:1.0]]
[2022.06.08-14.10.17:775][  0]LogConfig: Setting CVar [[r.DistanceFieldShadowing:1]]
[2022.06.08-14.10.17:775][  0]LogConfig: Setting CVar [[r.DistanceFieldAO:1]]
[2022.06.08-14.10.17:775][  0]LogConfig: Setting CVar [[r.AOQuality:2]]
[2022.06.08-14.10.17:775][  0]LogConfig: Setting CVar [[r.VolumetricFog:1]]
[2022.06.08-14.10.17:775][  0]LogConfig: Setting CVar [[r.VolumetricFog.GridPixelSize:8]]
[2022.06.08-14.10.17:775][  0]LogConfig: Setting CVar [[r.VolumetricFog.GridSizeZ:128]]
[2022.06.08-14.10.17:775][  0]LogConfig: Setting CVar [[r.VolumetricFog.HistoryMissSupersampleCount:4]]
[2022.06.08-14.10.17:775][  0]LogConfig: Setting CVar [[r.LightMaxDrawDistanceScale:1]]
[2022.06.08-14.10.17:775][  0]LogConfig: Setting CVar [[r.CapsuleShadows:1]]
[2022.06.08-14.10.17:775][  0]LogConfig: Applying CVar settings from Section [PostProcessQuality@3] File [C:/Users/Darwin/Documents/Unreal Projects/journeeaumusee/Saved/Config/Windows/Scalability.ini]
[2022.06.08-14.10.17:775][  0]LogConfig: Setting CVar [[r.MotionBlurQuality:4]]
[2022.06.08-14.10.17:776][  0]LogConfig: Setting CVar [[r.AmbientOcclusionMipLevelFactor:0.4]]
[2022.06.08-14.10.17:776][  0]LogConfig: Setting CVar [[r.AmbientOcclusionMaxQuality:100]]
[2022.06.08-14.10.17:776][  0]LogConfig: Setting CVar [[r.AmbientOcclusionLevels:-1]]
[2022.06.08-14.10.17:776][  0]LogConfig: Setting CVar [[r.AmbientOcclusionRadiusScale:1.0]]
[2022.06.08-14.10.17:776][  0]LogConfig: Setting CVar [[r.DepthOfFieldQuality:2]]
[2022.06.08-14.10.17:776][  0]LogConfig: Setting CVar [[r.RenderTargetPoolMin:400]]
[2022.06.08-14.10.17:776][  0]LogConfig: Setting CVar [[r.LensFlareQuality:2]]
[2022.06.08-14.10.17:776][  0]LogConfig: Setting CVar [[r.SceneColorFringeQuality:1]]
[2022.06.08-14.10.17:776][  0]LogConfig: Setting CVar [[r.EyeAdaptationQuality:2]]
[2022.06.08-14.10.17:776][  0]LogConfig: Setting CVar [[r.BloomQuality:5]]
[2022.06.08-14.10.17:776][  0]LogConfig: Setting CVar [[r.FastBlurThreshold:100]]
[2022.06.08-14.10.17:776][  0]LogConfig: Setting CVar [[r.Upscale.Quality:3]]
[2022.06.08-14.10.17:776][  0]LogConfig: Setting CVar [[r.Tonemapper.GrainQuantization:1]]
[2022.06.08-14.10.17:776][  0]LogConfig: Setting CVar [[r.LightShaftQuality:1]]
[2022.06.08-14.10.17:776][  0]LogConfig: Setting CVar [[r.Filter.SizeScale:1]]
[2022.06.08-14.10.17:776][  0]LogConfig: Setting CVar [[r.Tonemapper.Quality:5]]
[2022.06.08-14.10.17:776][  0]LogConfig: Setting CVar [[r.DOF.Gather.AccumulatorQuality:1        ; higher gathering accumulator quality]]
[2022.06.08-14.10.17:776][  0]LogConfig: Setting CVar [[r.DOF.Gather.PostfilterMethod:1          ; Median3x3 postfilering method]]
[2022.06.08-14.10.17:776][  0]LogConfig: Setting CVar [[r.DOF.Gather.EnableBokehSettings:0       ; no bokeh simulation when gathering]]
[2022.06.08-14.10.17:776][  0]LogConfig: Setting CVar [[r.DOF.Gather.RingCount:4                 ; medium number of samples when gathering]]
[2022.06.08-14.10.17:776][  0]LogConfig: Setting CVar [[r.DOF.Scatter.ForegroundCompositing:1    ; additive foreground scattering]]
[2022.06.08-14.10.17:776][  0]LogConfig: Setting CVar [[r.DOF.Scatter.BackgroundCompositing:2    ; additive background scattering]]
[2022.06.08-14.10.17:776][  0]LogConfig: Setting CVar [[r.DOF.Scatter.EnableBokehSettings:1      ; bokeh simulation when scattering]]
[2022.06.08-14.10.17:776][  0]LogConfig: Setting CVar [[r.DOF.Scatter.MaxSpriteRatio:0.1         ; only a maximum of 10% of scattered bokeh]]
[2022.06.08-14.10.17:776][  0]LogConfig: Setting CVar [[r.DOF.Recombine.Quality:1                ; cheap slight out of focus]]
[2022.06.08-14.10.17:777][  0]LogConfig: Setting CVar [[r.DOF.Recombine.EnableBokehSettings:0    ; no bokeh simulation on slight out of focus]]
[2022.06.08-14.10.17:777][  0]LogConfig: Setting CVar [[r.DOF.TemporalAAQuality:1                ; more stable temporal accumulation]]
[2022.06.08-14.10.17:777][  0]LogConfig: Setting CVar [[r.DOF.Kernel.MaxForegroundRadius:0.025]]
[2022.06.08-14.10.17:777][  0]LogConfig: Setting CVar [[r.DOF.Kernel.MaxBackgroundRadius:0.025]]
[2022.06.08-14.10.17:777][  0]LogConfig: Applying CVar settings from Section [TextureQuality@3] File [C:/Users/Darwin/Documents/Unreal Projects/journeeaumusee/Saved/Config/Windows/Scalability.ini]
[2022.06.08-14.10.17:777][  0]LogConfig: Setting CVar [[r.Streaming.MipBias:0]]
[2022.06.08-14.10.17:777][  0]LogConfig: Setting CVar [[r.Streaming.AmortizeCPUToGPUCopy:0]]
[2022.06.08-14.10.17:777][  0]LogConfig: Setting CVar [[r.Streaming.MaxNumTexturesToStreamPerFrame:0]]
[2022.06.08-14.10.17:777][  0]LogConfig: Setting CVar [[r.Streaming.Boost:1]]
[2022.06.08-14.10.17:777][  0]LogConfig: Setting CVar [[r.MaxAnisotropy:8]]
[2022.06.08-14.10.17:777][  0]LogConfig: Setting CVar [[r.VT.MaxAnisotropy:8]]
[2022.06.08-14.10.17:777][  0]LogConfig: Setting CVar [[r.Streaming.LimitPoolSizeToVRAM:0]]
[2022.06.08-14.10.17:777][  0]LogConfig: Setting CVar [[r.Streaming.PoolSize:1000]]
[2022.06.08-14.10.17:777][  0]LogConfig: Setting CVar [[r.Streaming.MaxEffectiveScreenSize:0]]
[2022.06.08-14.10.17:777][  0]LogConfig: Applying CVar settings from Section [EffectsQuality@3] File [C:/Users/Darwin/Documents/Unreal Projects/journeeaumusee/Saved/Config/Windows/Scalability.ini]
[2022.06.08-14.10.17:777][  0]LogConfig: Setting CVar [[r.TranslucencyLightingVolumeDim:64]]
[2022.06.08-14.10.17:777][  0]LogConfig: Setting CVar [[r.RefractionQuality:2]]
[2022.06.08-14.10.17:777][  0]LogConfig: Setting CVar [[r.SSR.Quality:3]]
[2022.06.08-14.10.17:777][  0]LogConfig: Setting CVar [[r.SSR.HalfResSceneColor:0]]
[2022.06.08-14.10.17:777][  0]LogConfig: Setting CVar [[r.SceneColorFormat:4]]
[2022.06.08-14.10.17:777][  0]LogConfig: Setting CVar [[r.DetailMode:2]]
[2022.06.08-14.10.17:777][  0]LogConfig: Setting CVar [[r.TranslucencyVolumeBlur:1]]
[2022.06.08-14.10.17:777][  0]LogConfig: Setting CVar [[r.MaterialQualityLevel:1 ; High quality]]
[2022.06.08-14.10.17:777][  0]LogConfig: Setting CVar [[r.AnisotropicMaterials:1]]
[2022.06.08-14.10.17:777][  0]LogConfig: Setting CVar [[r.SSS.Scale:1]]
[2022.06.08-14.10.17:778][  0]LogConfig: Setting CVar [[r.SSS.SampleSet:2]]
[2022.06.08-14.10.17:778][  0]LogConfig: Setting CVar [[r.SSS.Quality:1]]
[2022.06.08-14.10.17:778][  0]LogConfig: Setting CVar [[r.SSS.HalfRes:0]]
[2022.06.08-14.10.17:778][  0]LogConfig: Setting CVar [[r.SSGI.Quality:3]]
[2022.06.08-14.10.17:778][  0]LogConfig: Setting CVar [[r.EmitterSpawnRateScale:1.0]]
[2022.06.08-14.10.17:778][  0]LogConfig: Setting CVar [[r.ParticleLightQuality:2]]
[2022.06.08-14.10.17:778][  0]LogConfig: Setting CVar [[r.SkyAtmosphere.AerialPerspectiveLUT.FastApplyOnOpaque:1 ; Always have FastSkyLUT 1 in this case to avoid wrong sky]]
[2022.06.08-14.10.17:778][  0]LogConfig: Setting CVar [[r.SkyAtmosphere.AerialPerspectiveLUT.SampleCountMaxPerSlice:4]]
[2022.06.08-14.10.17:778][  0]LogConfig: Setting CVar [[r.SkyAtmosphere.AerialPerspectiveLUT.DepthResolution:16.0]]
[2022.06.08-14.10.17:778][  0]LogConfig: Setting CVar [[r.SkyAtmosphere.FastSkyLUT:1]]
[2022.06.08-14.10.17:778][  0]LogConfig: Setting CVar [[r.SkyAtmosphere.FastSkyLUT.SampleCountMin:4.0]]
[2022.06.08-14.10.17:778][  0]LogConfig: Setting CVar [[r.SkyAtmosphere.FastSkyLUT.SampleCountMax:128.0]]
[2022.06.08-14.10.17:778][  0]LogConfig: Setting CVar [[r.SkyAtmosphere.SampleCountMin:4.0]]
[2022.06.08-14.10.17:778][  0]LogConfig: Setting CVar [[r.SkyAtmosphere.SampleCountMax:128.0]]
[2022.06.08-14.10.17:778][  0]LogConfig: Setting CVar [[r.SkyAtmosphere.TransmittanceLUT.UseSmallFormat:0]]
[2022.06.08-14.10.17:778][  0]LogConfig: Setting CVar [[r.SkyAtmosphere.TransmittanceLUT.SampleCount:10.0]]
[2022.06.08-14.10.17:778][  0]LogConfig: Setting CVar [[r.SkyAtmosphere.MultiScatteringLUT.SampleCount:15.0]]
[2022.06.08-14.10.17:778][  0]LogConfig: Setting CVar [[r.SkyLight.RealTimeReflectionCapture:1]]
[2022.06.08-14.10.17:779][  0]LogConfig: Applying CVar settings from Section [FoliageQuality@3] File [C:/Users/Darwin/Documents/Unreal Projects/journeeaumusee/Saved/Config/Windows/Scalability.ini]
[2022.06.08-14.10.17:779][  0]LogConfig: Setting CVar [[foliage.DensityScale:1.0]]
[2022.06.08-14.10.17:779][  0]LogConfig: Setting CVar [[grass.DensityScale:1.0]]
[2022.06.08-14.10.17:779][  0]LogConfig: Applying CVar settings from Section [ShadingQuality@3] File [C:/Users/Darwin/Documents/Unreal Projects/journeeaumusee/Saved/Config/Windows/Scalability.ini]
[2022.06.08-14.10.17:779][  0]LogConfig: Setting CVar [[r.HairStrands.SkyLighting.IntegrationType:2]]
[2022.06.08-14.10.17:779][  0]LogConfig: Setting CVar [[r.HairStrands.SkyAO.SampleCount:4]]
[2022.06.08-14.10.17:779][  0]LogConfig: Setting CVar [[r.HairStrands.Visibility.MSAA.SamplePerPixel:4]]
[2022.06.08-14.10.17:779][  0]LogConfig: Applying CVar settings from Section [Startup] File [../../../Engine/Config/ConsoleVariables.ini]
[2022.06.08-14.10.17:780][  0]LogConfig: Setting CVar [[net.UseAdaptiveNetUpdateFrequency:0]]
[2022.06.08-14.10.17:780][  0]LogConfig: Setting CVar [[p.chaos.AllowCreatePhysxBodies:1]]
[2022.06.08-14.10.17:780][  0]LogConfig: Setting CVar [[fx.SkipVectorVMBackendOptimizations:1]]
[2022.06.08-14.10.17:780][  0]LogConfig: Applying CVar settings from Section [ConsoleVariables] File [C:/Users/Darwin/Documents/Unreal Projects/journeeaumusee/Saved/Config/Windows/Engine.ini]
[2022.06.08-14.10.17:780][  0]LogConfig: Applying CVar settings from Section [ConsoleVariables] File [C:/Users/Darwin/Documents/Unreal Projects/journeeaumusee/Saved/Config/Windows/Editor.ini]
[2022.06.08-14.10.17:781][  0]LogInit: Computer: DESKTOP-0TTO6KH
[2022.06.08-14.10.17:781][  0]LogInit: User: Darwin
[2022.06.08-14.10.17:781][  0]LogInit: CPU Page size=4096, Cores=4
[2022.06.08-14.10.17:781][  0]LogInit: High frequency timer resolution =10.000000 MHz
[2022.06.08-14.10.17:781][  0]LogMemory: Memory total: Physical=15.9GB (16GB approx)
[2022.06.08-14.10.17:781][  0]LogMemory: Platform Memory Stats for Windows
[2022.06.08-14.10.17:781][  0]LogMemory: Process Physical Memory: 167.84 MB used, 167.84 MB peak
[2022.06.08-14.10.17:781][  0]LogMemory: Process Virtual Memory: 133.39 MB used, 133.39 MB peak
[2022.06.08-14.10.17:781][  0]LogMemory: Physical Memory: 8190.00 MB used,  8085.53 MB free, 16275.53 MB total
[2022.06.08-14.10.17:781][  0]LogMemory: Virtual Memory: 134207976.00 MB used,  9754.41 MB free, 134217728.00 MB total
[2022.06.08-14.10.17:793][  0]LogWindows: WindowsPlatformFeatures enabled
[2022.06.08-14.10.17:903][  0]LogInit: Physics initialised using underlying interface: PhysX
[2022.06.08-14.10.17:903][  0]LogInit: Using OS detected language (en-US).
[2022.06.08-14.10.17:903][  0]LogInit: Using OS detected locale (en-US).
[2022.06.08-14.10.17:933][  0]LogTextLocalizationManager: No specific localization for 'en-US' exists, so the 'en' localization will be used.
[2022.06.08-14.10.18:458][  0]LogWindowsTextInputMethodSystem: Display: IME system deactivated.
[2022.06.08-14.10.18:566][  0]LogSlate: New Slate User Created.  User Index 0, Is Virtual User: 0
[2022.06.08-14.10.18:566][  0]LogSlate: Slate User Registered.  User Index 0, Is Virtual User: 0
[2022.06.08-14.10.18:647][  0]LogD3D11RHI: Loaded GFSDK_Aftermath_Lib.x64.dll
[2022.06.08-14.10.18:652][  0]LogHMD: Failed to initialize OpenVR with code 110
[2022.06.08-14.10.18:652][  0]LogD3D11RHI: D3D11 min allowed feature level: 11_0
[2022.06.08-14.10.18:652][  0]LogD3D11RHI: D3D11 max allowed feature level: 11_0
[2022.06.08-14.10.18:652][  0]LogD3D11RHI: D3D11 adapters:
[2022.06.08-14.10.18:810][  0]LogD3D11RHI:    0. 'Intel(R) Iris(R) Plus Graphics 655' (Feature Level 11_0)
[2022.06.08-14.10.18:810][  0]LogD3D11RHI:       128/0/8137 MB DedicatedVideo/DedicatedSystem/SharedSystem, Outputs:1, VendorId:0x8086
[2022.06.08-14.10.18:815][  0]LogD3D11RHI:    1. 'Microsoft Basic Render Driver' (Feature Level 11_0)
[2022.06.08-14.10.18:815][  0]LogD3D11RHI:       0/0/8137 MB DedicatedVideo/DedicatedSystem/SharedSystem, Outputs:0, VendorId:0x1414
[2022.06.08-14.10.18:815][  0]LogD3D11RHI: Chosen D3D11 Adapter:
[2022.06.08-14.10.18:815][  0]LogD3D11RHI:     Description : Intel(R) Iris(R) Plus Graphics 655
[2022.06.08-14.10.18:815][  0]LogD3D11RHI:     VendorId    : 8086
[2022.06.08-14.10.18:815][  0]LogD3D11RHI:     DeviceId    : 3ea5
[2022.06.08-14.10.18:815][  0]LogD3D11RHI:     SubSysId    : 22128086
[2022.06.08-14.10.18:815][  0]LogD3D11RHI:     Revision    : 0001
[2022.06.08-14.10.18:815][  0]LogD3D11RHI:     DedicatedVideoMemory : 134217728 bytes
[2022.06.08-14.10.18:815][  0]LogD3D11RHI:     DedicatedSystemMemory : 0 bytes
[2022.06.08-14.10.18:815][  0]LogD3D11RHI:     SharedSystemMemory : 8533063680 bytes
[2022.06.08-14.10.18:815][  0]LogD3D11RHI:     AdapterLuid : 0 48551
[2022.06.08-14.10.18:821][  0]LogD3D11RHI: Creating new Direct3DDevice
[2022.06.08-14.10.18:821][  0]LogD3D11RHI:     GPU DeviceId: 0x3ea5 (for the marketing name, search the web for "GPU Device Id")
[2022.06.08-14.10.18:821][  0]LogWindows: EnumDisplayDevices:
[2022.06.08-14.10.18:821][  0]LogWindows:    0. 'Intel(R) Iris(R) Plus Graphics 655' (P:1 D:1)
[2022.06.08-14.10.18:822][  0]LogWindows:    1. 'Intel(R) Iris(R) Plus Graphics 655' (P:0 D:0)
[2022.06.08-14.10.18:822][  0]LogWindows:    2. 'Intel(R) Iris(R) Plus Graphics 655' (P:0 D:0)
[2022.06.08-14.10.18:822][  0]LogWindows: DebugString: FoundDriverCount:3 
[2022.06.08-14.10.18:822][  0]LogD3D11RHI:     Adapter Name: Intel(R) Iris(R) Plus Graphics 655
[2022.06.08-14.10.18:822][  0]LogD3D11RHI:   Driver Version: 30.0.101.1340 (internal:30.0.101.1340, unified:30.0.101.1340)
[2022.06.08-14.10.18:822][  0]LogD3D11RHI:      Driver Date: 2-3-2022
[2022.06.08-14.10.18:822][  0]LogRHI: Texture pool is 1523 MB (70% of 2176 MB)
[2022.06.08-14.10.18:843][  0]LogD3D11RHI: Creating D3DDevice using adapter:
[2022.06.08-14.10.18:843][  0]LogD3D11RHI:     Description : Intel(R) Iris(R) Plus Graphics 655
[2022.06.08-14.10.18:843][  0]LogD3D11RHI:     VendorId    : 8086
[2022.06.08-14.10.18:843][  0]LogD3D11RHI:     DeviceId    : 3ea5
[2022.06.08-14.10.18:843][  0]LogD3D11RHI:     SubSysId    : 22128086
[2022.06.08-14.10.18:843][  0]LogD3D11RHI:     Revision    : 0001
[2022.06.08-14.10.18:843][  0]LogD3D11RHI:     DedicatedVideoMemory : 134217728 bytes
[2022.06.08-14.10.18:843][  0]LogD3D11RHI:     DedicatedSystemMemory : 0 bytes
[2022.06.08-14.10.18:843][  0]LogD3D11RHI:     SharedSystemMemory : 8533063680 bytes
[2022.06.08-14.10.18:843][  0]LogD3D11RHI:     AdapterLuid : 0 48551
[2022.06.08-14.10.18:981][  0]LogD3D11RHI: RHI does not have support for 64 bit atomics
[2022.06.08-14.10.19:034][  0]LogD3D11RHI: Intel Extensions support version Full=16777216, Major=1, Minor=0, Revision=0
[2022.06.08-14.10.19:034][  0]LogD3D11RHI: Intel Extensions support version Full=16777217, Major=1, Minor=0, Revision=1
[2022.06.08-14.10.19:036][  0]LogD3D11RHI: Intel Extensions Framework enabled
[2022.06.08-14.10.19:037][  0]LogD3D11RHI: [IntelMetricsDiscovery] Started
[2022.06.08-14.10.19:037][  0]LogD3D11RHI: Async texture creation enabled
[2022.06.08-14.10.19:037][  0]LogD3D11RHI: Array index from any shader is supported
[2022.06.08-14.10.19:046][  0]LogD3D11RHI: GPU Timing Frequency: 12.000048 (Debug: 2 0)
[2022.06.08-14.10.19:620][  0]LogTargetPlatformManager: Display: Loaded TargetPlatform 'WindowsNoEditor'
[2022.06.08-14.10.19:624][  0]LogTargetPlatformManager: Display: Loaded TargetPlatform 'Windows'
[2022.06.08-14.10.19:627][  0]LogTargetPlatformManager: Display: Loaded TargetPlatform 'WindowsClient'
[2022.06.08-14.10.19:631][  0]LogTargetPlatformManager: Display: Loaded TargetPlatform 'WindowsServer'
[2022.06.08-14.10.19:631][  0]LogTargetPlatformManager: Display: Building Assets For Windows
[2022.06.08-14.10.19:637][  0]LogAudioDebug: Display: Lib vorbis DLL was dynamically loaded.
[2022.06.08-14.10.19:661][  0]LogTextureFormatOodle: Display: Oodle Texture 2.9.0 init RDO Off
[2022.06.08-14.10.19:687][  0]LogRendererCore: Ray tracing is disabled. Reason: r.RayTracing=0.
[2022.06.08-14.10.19:688][  0]LogShaderCompilers: Guid format shader working directory is -24 characters bigger than the processId version (../../../../../../Users/Darwin/Documents/Unreal Projects/journeeaumusee/Intermediate/Shaders/WorkingDirectory/7212/).
[2022.06.08-14.10.19:688][  0]LogShaderCompilers: Cleaned the shader compiler working directory 'C:/Users/Darwin/AppData/Local/Temp/UnrealShaderWorkingDir/3CECB6054C0CAFD7FBC0C58E8C5437A1/'.
[2022.06.08-14.10.19:688][  0]LogXGEController: Cannot use XGE Controller as Incredibuild is not installed on this machine.
[2022.06.08-14.10.19:688][  0]LogShaderCompilers: Cannot use XGE Shader Compiler as Incredibuild is not installed on this machine.
[2022.06.08-14.10.19:688][  0]LogShaderCompilers: Display: Using Local Shader Compiler.
[2022.06.08-14.10.20:581][  0]LogDerivedDataCache: Display: Max Cache Size: 512 MB
[2022.06.08-14.10.20:657][  0]LogDerivedDataCache: Loaded boot cache 0.07s 111MB C:/Users/Darwin/AppData/Local/UnrealEngine/4.27/DerivedDataCache/Boot.ddc.
[2022.06.08-14.10.20:657][  0]LogDerivedDataCache: Display: Loaded Boot cache: C:/Users/Darwin/AppData/Local/UnrealEngine/4.27/DerivedDataCache/Boot.ddc
[2022.06.08-14.10.20:657][  0]LogDerivedDataCache: FDerivedDataBackendGraph:  Pak pak cache file ../../../../../../Users/Darwin/Documents/Unreal Projects/journeeaumusee/DerivedDataCache/DDC.ddp not found, will not use a pak cache.
[2022.06.08-14.10.20:657][  0]LogDerivedDataCache: Unable to find inner node Pak for hierarchical cache Hierarchy.
[2022.06.08-14.10.20:657][  0]LogDerivedDataCache: FDerivedDataBackendGraph:  CompressedPak pak cache file ../../../../../../Users/Darwin/Documents/Unreal Projects/journeeaumusee/DerivedDataCache/Compressed.ddp not found, will not use a pak cache.
[2022.06.08-14.10.20:657][  0]LogDerivedDataCache: Unable to find inner node CompressedPak for hierarchical cache Hierarchy.
[2022.06.08-14.10.20:678][  0]LogDerivedDataCache: Display: Pak cache opened for reading ../../../Engine/DerivedDataCache/Compressed.ddp.
[2022.06.08-14.10.20:678][  0]LogDerivedDataCache: FDerivedDataBackendGraph:  EnterprisePak pak cache file ../../../Enterprise/DerivedDataCache/Compressed.ddp not found, will not use a pak cache.
[2022.06.08-14.10.20:678][  0]LogDerivedDataCache: Unable to find inner node EnterprisePak for hierarchical cache Hierarchy.
[2022.06.08-14.10.20:691][  0]LogDerivedDataCache: Speed tests for C:/Users/Darwin/AppData/Local/UnrealEngine/Common/DerivedDataCache took 0.01 seconds
[2022.06.08-14.10.20:691][  0]LogDerivedDataCache: Display: Performance to C:/Users/Darwin/AppData/Local/UnrealEngine/Common/DerivedDataCache: Latency=0.04ms. RandomReadSpeed=180.53MBs, RandomWriteSpeed=131.19MBs. Assigned SpeedClass 'Local'
[2022.06.08-14.10.20:692][  0]LogDerivedDataCache: Using Local data cache path C:/Users/Darwin/AppData/Local/UnrealEngine/Common/DerivedDataCache: Writable
[2022.06.08-14.10.20:692][  0]LogDerivedDataCache: Shared data cache path not found in *engine.ini, will not use an Shared cache.
[2022.06.08-14.10.20:692][  0]LogDerivedDataCache: Unable to find inner node Shared for hierarchical cache Hierarchy.
[2022.06.08-14.10.20:748][  0]LogSlate: Using FreeType 2.10.0
[2022.06.08-14.10.20:748][  0]LogSlate: SlateFontServices - WITH_FREETYPE: 1, WITH_HARFBUZZ: 1
[2022.06.08-14.10.20:866][  0]LogInit: Using OS detected language (en-US).
[2022.06.08-14.10.20:866][  0]LogInit: Using OS detected locale (en-US).
[2022.06.08-14.10.20:866][  0]LogTextLocalizationManager: No localization for 'en-US' exists, so 'en' will be used for the language.
[2022.06.08-14.10.20:866][  0]LogTextLocalizationManager: No localization for 'en-US' exists, so 'en' will be used for the locale.
[2022.06.08-14.10.20:866][  0]LogSlate: FontCache flush requested. Reason: Culture for localization was changed
[2022.06.08-14.10.20:866][  0]LogSlate: FontCache flush requested. Reason: Culture for localization was changed
[2022.06.08-14.10.20:873][  0]LogTextLocalizationManager: Compacting localization data took   0.01ms
[2022.06.08-14.10.20:874][  0]LogAssetRegistry: FAssetRegistry took 0.0042 seconds to start up
[2022.06.08-14.10.21:120][  0]LogPackageLocalizationCache: Processed 30 localized package path(s) for 1 prioritized culture(s) in 0.001358 seconds
[2022.06.08-14.10.21:208][  0]LogInit: Selected Device Profile: [Windows]
[2022.06.08-14.10.21:208][  0]LogInit: Active device profile: [0000016C9C677700][0000016C999E6840 49] Windows
[2022.06.08-14.10.21:208][  0]LogInit: Profiles: [0000016C9C677700][0000016C999E6840 49] Windows, [0000016C9C634B00][0000016C999EE9C0 49] WindowsNoEditor, [0000016C9C674B00][0000016C99B38B40 49] WindowsServer, [0000016C9C636E00][0000016C99B3CCC0 49] WindowsClient, [0000016C9C676D00][0000016C99B40E40 49] IOS, [0000016C9C635500][0000016C99B44FC0 49] iPadAir, [0000016C9C675400][0000016C99B49140 49] iPadAir2, [0000016C9C5E3C00][0000016C99B51400 49] IPadPro, [0000016C9C5E3D00][0000016C99B4D440 49] iPadAir3, [0000016C9C676600][0000016C99B555C0 49] iPadAir4, [0000016C9C5E1000][0000016C99B59740 49] iPadMini2, [0000016C9C675900][0000016C99B5D8C0 49] iPadMini3, [0000016C9C5E2800][0000016C999EBA00 49] iPadMini4, [0000016C9C674200][0000016C99B61B40 49] iPadMini5, [0000016C9C633500][0000016C99B6C240 49] iPhone6, [0000016C9C633600][0000016C99B64280 49] iPodTouch6, [0000016C9C5E0100][0000016C99B74540 49] iPhone7, [0000016C9C5E1100][0000016C99B70580 49] iPodTouch7, [0000016C9C630F00][0000016C99B78700 49] iPhone5S, [0000016C9C5E2900][0000016C99B7C880 49] iPhone6Plus, [0000016C9C632900][0000016C99B80A00 49] iPhone6S, [0000016C9C5E3A00][0000016C9A0D4B80 49] iPhone6SPlus, [0000016C9C631800][0000016C9A0D8D00 49] iPhone7Plus, [0000016C9C5E0900][0000016C9A0DCE80 49] iPhoneSE, [0000016C9C630900][0000016C9A0E1000 49] iPhone8, [0000016C9C5E3000][0000016C9A0E5180 49] iPhone8Plus, [0000016C9C633100][0000016C9A0E9300 49] iPhoneX, [0000016C9C5E2100][0000016C9A0ED480 49] iPhoneXS, [0000016C9C630100][0000016C9A0F1600 49] iPhoneXSMax, [0000016C9C5E3500][0000016C9A0F5780 49] iPhoneXR, [0000016C9C630700][0000016C9A0F9900 49] iPhone11, [0000016C9C5E3200][0000016C9A0FDA80 49] iPhone11Pro, [0000016C9C630C00][0000016C99B69BC0 49] iPhone11ProMax, [0000016C9C5E2C00][0000016C9A100180 49] iPhoneSE2, [0000016C9C632D00][0000016C9A1042C0 49] iPhone12Mini, [0000016C9C5E3800][0000016C9A10C440 49] iPhone12, [0000016C9C633D00][0000016C9A1105C0 49] iPhone12Pro, [0000016C9C5E0E00][0000016C9A114740 49] iPhone12ProMax, [0000016C9C631400][0000016C9A1188C0 49] iPadPro105, [0000016C9C5E1700][0000016C9A11CA40 49] iPadPro129, [0000016C9C632C00][0000016C9A120BC0 49] iPadPro97, [0000016C9C5E1C00][0000016C9A124D40 49] iPadPro2_129, [0000016C9C631000][0000016C9A128EC0 49] iPad5, [0000016C9C5E2F00][0000016C9B909040 49] iPad6, [0000016C9C631700][0000016C9B90D1C0 49] iPad7, [0000016C9C5E2A00][0000016C9B911340 49] iPad8, [0000016C9C632800][0000016C9B9154C0 49] iPadPro11, [0000016C9C5E1900][0000016C9B919640 49] iPadPro2_11, [0000016C9C633400][0000016C9B91D7C0 49] iPadPro3_129, [0000016C9C5E2400][0000016C9B921940 49] iPadPro4_129, [0000016C9C631200][0000016C9B925AC0 49] AppleTV, [0000016C9C5E2000][0000016C9B9280C0 49] AppleTV4K, [0000016C9C631900][0000016C9A108200 49] TVOS, [0000016C9C5E0300][0000016C9B92C340 49] Mac, [0000016C9C630500][0000016C9B930480 49] MacClient, [0000016C9C5E0D00][0000016C9B9345C0 49] MacNoEditor, [0000016C9C631500][0000016C9B93C740 49] MacServer, [0000016C9C5E3700][0000016C9B9408C0 49] Linux, [0000016C9C633200][0000016C9B944A40 49] LinuxAArch64, [0000016C9C5E1B00][0000016C9B948BC0 49] LinuxNoEditor, [0000016C9C636800][0000016C9B94CD40 49] LinuxAArch64NoEditor, [0000016C9C6B8F00][0000016C9B950EC0 49] LinuxClient, [0000016C9C637500][0000016C9B955040 49] LinuxAArch64Client, [0000016C9C6B9F00][0000016C9B9591C0 49] LinuxServer, [0000016C9C635A00][0000016C9B95D340 49] LinuxAArch64Server, [0000016C9C6B8800][0000016C9B9614C0 49] Android, [0000016C9C634800][0000016C9B965640 49] Android_Low, [0000016C9C6B9600][0000016C9B9697C0 49] Android_Mid, [0000016C9C637900][0000016C9B96D940 49] Android_High, [0000016C9C6B9700][0000016C9ED91AC0 49] Android_Default, [0000016C9C635800][0000016C9ED940C0 49] Android_Adreno4xx, [0000016C9C6B9C00][0000016C9ED98240 49] Android_Adreno5xx_Low, [0000016C9C635400][0000016C9B938380 49] Android_Adreno5xx, [0000016C9C6B8200][0000016C9ED9C4C0 49] Android_Adreno6xx, [0000016C9C634400][0000016C9EDA0600 49] Android_Adreno6xx_Vulkan, [0000016C9C6BAA00][0000016C9EDA4740 49] Android_Mali_T6xx, [0000016C9C635B00][0000016C9EDAC8C0 49] Android_Mali_T7xx, [0000016C9C6B8900][0000016C9EDB0A40 49] Android_Mali_T8xx, [0000016C9C637600][0000016C9EDB4BC0 49] Android_Mali_G71, [0000016C9C6BA500][0000016C9EDB8D40 49] Android_Mali_G72, [0000016C9C636300][0000016C9EDBCEC0 49] Android_Mali_G72_Vulkan, [0000016C9C6BA900][0000016C9EDC1040 49] Android_Mali_G76, [0000016C9C634E00][0000016C9EDC51C0 49] Android_Mali_G76_Vulkan, [0000016C9C6B9300][0000016C9EDC9340 49] Android_Mali_G77, [0000016C9C5E0500][0000016C9EDCD4C0 49] Android_Mali_G77_Vulkan, [0000016C9C633E00][0000016C9EDD1640 49] Android_Mali_G78, [0000016C9C5E0F00][0000016C9EDD57C0 49] Android_Mali_G78_Vulkan, [0000016C9C632500][0000016C9EDD9940 49] Android_Mali_G710, [0000016C9C5E1300][0000016C9EDDDAC0 49] Android_Mali_G710_Vulkan, [0000016C9C6B8700][0000016C9EDE00C0 49] Android_Vulkan_SM5, [0000016C9C5E1500][0000016C9EDE4240 49] Android_PowerVR_G6xxx, [0000016C9C6B8300][0000016C9EDE83C0 49] Android_PowerVR_GT7xxx, [0000016C9C5E1E00][0000016C9EDEC540 49] Android_PowerVR_GE8xxx, [0000016C9C6B9900][0000016C9EDA8680 49] Android_PowerVR_GM9xxx, [0000016C9C5E0200][0000016C9EDF07C0 49] Android_PowerVR_GM9xxx_Vulkan, [0000016C9C6B8500][0000016C9EDF4900 49] Android_TegraK1, [0000016C9C5E3100][0000016C9EDFCA80 49] Android_Unknown_Vulkan, [0000016C9C6B9200][0000016C9EE00C00 49] Lumin, [0000016C9C5E1600][0000016C9EE04D80 49] Lumin_Desktop, [0000016C9C6B9100][0000016C9EE08F00 49] HoloLens, 
[2022.06.08-14.10.21:254][  0]LogMeshReduction: Using QuadricMeshReduction for automatic static mesh reduction
[2022.06.08-14.10.21:255][  0]LogMeshReduction: Using SimplygonMeshReduction for automatic skeletal mesh reduction
[2022.06.08-14.10.21:255][  0]LogMeshReduction: Using ProxyLODMeshReduction for automatic mesh merging
[2022.06.08-14.10.21:255][  0]LogMeshReduction: No distributed automatic mesh merging module available
[2022.06.08-14.10.21:255][  0]LogMeshMerging: No distributed automatic mesh merging module available
[2022.06.08-14.10.21:433][  0]LogNetVersion: UneJourneeAuMusee 1.0.0, NetCL: 17155196, EngineNetVer: 17, GameNetVer: 0 (Checksum: 3529440305)
[2022.06.08-14.10.21:764][  0]LogTexture: Default maximum texture size for cubemaps generated from long-lat sources has been changed from 512 to unlimited. In order to preserve old behaiour for '/Engine/MapTemplates/Sky/DaylightAmbientCubemap.DaylightAmbientCubemap', its maximum texture size has been explicitly set to 512.
[2022.06.08-14.10.21:830][  0]LogHMD: PokeAHoleMaterial loaded successfully
[2022.06.08-14.10.21:957][  0]LogMoviePlayer: Initializing movie player
[2022.06.08-14.10.22:076][  0]LogNiagaraDebuggerClient: Niagara Debugger Client Initialized | Session: 8A9E3DB743C4AF058C5AD9A6AD150149 | Instance: 74AE6A7141945E757C75BDBA1F6F7FC9 (DESKTOP-0TTO6KH-7212).
[2022.06.08-14.10.22:101][  0]LogCollectionManager: Loaded 0 collections in 0.002048 seconds
[2022.06.08-14.10.22:105][  0]LogFileCache: Scanning file cache for directory 'C:/Users/Darwin/Documents/Unreal Projects/journeeaumusee/Saved/Collections/' took 0.00s
[2022.06.08-14.10.22:105][  0]LogFileCache: Scanning file cache for directory 'C:/Users/Darwin/Documents/Unreal Projects/journeeaumusee/Content/Developers/Darwin/Collections/' took 0.00s
[2022.06.08-14.10.22:105][  0]LogFileCache: Scanning file cache for directory 'C:/Users/Darwin/Documents/Unreal Projects/journeeaumusee/Content/Collections/' took 0.00s
[2022.06.08-14.10.22:105][  0]LogCollectionManager: Fixed up redirectors for 0 collections in 0.000002 seconds (updated 0 objects)
[2022.06.08-14.10.22:255][  0]LogPython: Using Python 3.7.7
[2022.06.08-14.10.22:918][  0]LogTcpMessaging: Initializing TcpMessaging bridge
[2022.06.08-14.10.22:921][  0]LogUdpMessaging: Initializing bridge on interface 0.0.0.0:0 to multicast group 230.0.0.1:6666.
[2022.06.08-14.10.23:063][  0]SourceControl: Source control is disabled
[2022.06.08-14.10.23:063][  0]SourceControl: Source control is disabled
[2022.06.08-14.10.23:067][  0]SourceControl: Source control is disabled
[2022.06.08-14.10.23:071][  0]LogUProjectInfo: Found projects:
[2022.06.08-14.10.23:254][  0]LogOpenImageDenoise: OIDN starting up
[2022.06.08-14.10.23:287][  0]LogAndroidPermission: UAndroidPermissionCallbackProxy::GetInstance
[2022.06.08-14.10.23:302][  0]LogAudioCaptureCore: Display: No Audio Capture implementations found. Audio input will be silent.
[2022.06.08-14.10.23:302][  0]LogAudioCaptureCore: Display: No Audio Capture implementations found. Audio input will be silent.
[2022.06.08-14.10.23:375][  0]LogOcInput: OculusInput pre-init called
[2022.06.08-14.10.23:386][  0]LogUObjectArray: 23054 objects as part of root set at end of initial load.
[2022.06.08-14.10.23:386][  0]LogUObjectAllocator: 6275440 out of 0 bytes used by permanent object pool.
[2022.06.08-14.10.23:386][  0]LogUObjectArray: CloseDisregardForGC: 0/0 objects in disregard for GC pool
[2022.06.08-14.10.23:442][  0]LogClass: Display: BoolProperty FBPSteamGroupOfficer::bIsOwner is not initialized properly. Module:AdvancedSteamSessions File:Classes/SteamRequestGroupOfficersCallbackProxy.h
[2022.06.08-14.10.23:442][  0]LogClass: Display: IntProperty FBPSteamGroupInfo::numOnline is not initialized properly. Module:AdvancedSteamSessions File:Classes/AdvancedSteamFriendsLibrary.h
[2022.06.08-14.10.23:442][  0]LogClass: Display: IntProperty FBPSteamGroupInfo::numInGame is not initialized properly. Module:AdvancedSteamSessions File:Classes/AdvancedSteamFriendsLibrary.h
[2022.06.08-14.10.23:442][  0]LogClass: Display: IntProperty FBPSteamGroupInfo::numChatting is not initialized properly. Module:AdvancedSteamSessions File:Classes/AdvancedSteamFriendsLibrary.h
[2022.06.08-14.10.23:442][  0]LogClass: Display: 4 Uninitialized script struct members found including 0 object properties
[2022.06.08-14.10.23:443][  0]LogEngine: Initializing Engine...
[2022.06.08-14.10.23:454][  0]LogHMD: Failed to enumerate extensions. Please check that you have a valid OpenXR runtime installed.
[2022.06.08-14.10.23:454][  0]LogHMD: Failed to initialize OpenVR with code 110
[2022.06.08-14.10.23:454][  0]LogMagicLeap: Warning: VR disabled because ZI is not enabled.  To enable, in the editor, Edit -> Project Settings -> Plugins -> Magic Leap Plugin -> Enable Zero Iteration
[2022.06.08-14.10.23:456][  0]LogStats: UGameplayTagsManager::InitializeManager -  0.000 s
[2022.06.08-14.10.23:591][  0]LogInit: Initializing FReadOnlyCVARCache
[2022.06.08-14.10.23:591][  0]LogAudio: Display: Initializing Audio Device Manager...
[2022.06.08-14.10.23:598][  0]LogAudio: Display: Loading Default Audio Settings Objects...
[2022.06.08-14.10.23:599][  0]LogAudio: Display: No default SoundConcurrencyObject specified (or failed to load).
[2022.06.08-14.10.23:601][  0]LogAudio: Display: Audio Device Manager Initialized
[2022.06.08-14.10.23:601][  0]LogAudio: Display: Creating Audio Device:                 Id: 1, Scope: Shared, Realtime: True
[2022.06.08-14.10.23:602][  0]LogAudioMixer: Display: Audio Mixer Platform Settings:
[2022.06.08-14.10.23:602][  0]LogAudioMixer: Display: 	Sample Rate:						  48000
[2022.06.08-14.10.23:602][  0]LogAudioMixer: Display: 	Callback Buffer Frame Size Requested: 1024
[2022.06.08-14.10.23:602][  0]LogAudioMixer: Display: 	Callback Buffer Frame Size To Use:	  1024
[2022.06.08-14.10.23:602][  0]LogAudioMixer: Display: 	Number of buffers to queue:			  2
[2022.06.08-14.10.23:602][  0]LogAudioMixer: Display: 	Max Channels (voices):				  32
[2022.06.08-14.10.23:602][  0]LogAudioMixer: Display: 	Number of Async Source Workers:		  0
[2022.06.08-14.10.23:602][  0]LogAudio: Display: AudioDevice MaxSources: 32
[2022.06.08-14.10.23:603][  0]LogAudio: Display: Audio Spatialization Plugin: None (built-in).
[2022.06.08-14.10.23:603][  0]LogAudio: Display: Audio Reverb Plugin: None (built-in).
[2022.06.08-14.10.23:603][  0]LogAudio: Display: Audio Occlusion Plugin: None (built-in).
[2022.06.08-14.10.23:603][  0]LogAudioMixer: Display: Initializing audio mixer.
[2022.06.08-14.10.23:660][  0]LogAudioMixer: Display: 0: FrontLeft
[2022.06.08-14.10.23:660][  0]LogAudioMixer: Display: 1: FrontRight
[2022.06.08-14.10.23:677][  0]LogAudioMixer: Display: Using Audio Device Headset Earphone (Plantronics Blackwire 5220 Series)
[2022.06.08-14.10.23:681][  0]LogAudioMixer: Display: Initializing Sound Submixes...
[2022.06.08-14.10.23:683][  0]LogAudioMixer: Display: Creating Master Submix 'MasterSubmixDefault'
[2022.06.08-14.10.23:683][  0]LogAudioMixer: Display: Creating Master Submix 'MasterReverbSubmixDefault'
[2022.06.08-14.10.23:685][  0]LogAudioMixer: Display: Creating Master Submix 'MasterEQSubmixDefault'
[2022.06.08-14.10.23:685][  0]LogAudioMixer: FMixerPlatformXAudio2::StartAudioStream() called
[2022.06.08-14.10.23:685][  0]LogAudioMixer: Display: Output buffers initialized: Frames=1024, Channels=2, Samples=2048
[2022.06.08-14.10.23:687][  0]LogAudioMixer: Display: Starting AudioMixerPlatformInterface::RunInternal()
[2022.06.08-14.10.23:687][  0]LogAudioMixer: Display: FMixerPlatformXAudio2::SubmitBuffer() called for the first time
[2022.06.08-14.10.23:687][  0]LogInit: FAudioDevice initialized.
[2022.06.08-14.10.23:688][  0]LogNetVersion: Set ProjectVersion to 1.0.0.0. Version Checksum will be recalculated on next use.
[2022.06.08-14.10.23:689][  0]LogInit: Texture streaming: Enabled
[2022.06.08-14.10.23:774][  0]LogUObjectGlobals: Warning: Failed to find object 'Class /Game/Blueprints/GameInfoInstance.GameInfoInstance_C'
[2022.06.08-14.10.23:775][  0]LogEngine: Error: Unable to load GameInstance Class '/Game/Blueprints/GameInfoInstance.GameInfoInstance_C'. Falling back to generic UGameInstance.
[2022.06.08-14.10.23:779][  0]LogAudio: Display: Audio Device (ID: 1) registered with world 'Untitled'.
[2022.06.08-14.10.23:779][  0]LogSlate: Updating window title bar state: overlay mode, drag disabled, window buttons hidden, title bar hidden
[2022.06.08-14.10.23:781][  0]LogInit: Display: Game Engine Initialized.
[2022.06.08-14.10.23:781][  0]LogNiagaraEditor: GEditor isn't valid! Particle reset commands will not work for Niagara components!
[2022.06.08-14.10.23:927][  0]LogInit: Display: Starting Game.
[2022.06.08-14.10.23:927][  0]LogNet: Browse: /Game/Maps/MainMenu?Name=Player
[2022.06.08-14.10.23:927][  0]LogLoad: LoadMap: /Game/Maps/MainMenu?Name=Player
[2022.06.08-14.10.23:927][  0]LogWorld: BeginTearingDown for /Temp/Untitled_0
[2022.06.08-14.10.23:930][  0]LogWorld: UWorld::CleanupWorld for Untitled, bSessionEnded=true, bCleanupResources=true
[2022.06.08-14.10.23:930][  0]LogSlate: InvalidateAllWidgets triggered.  All widgets were invalidated
[2022.06.08-14.10.23:935][  0]LogAudio: Display: Audio Device unregistered from world 'None'.
[2022.06.08-14.10.23:940][  0]LogUObjectHash: Compacting FUObjectHashTables data took   1.70ms
[2022.06.08-14.10.24:001][  0]LogBlueprint: Error: [AssetLog] C:\Users\Darwin\Documents\Unreal Projects\journeeaumusee\Content\UI\MainMenuUI.uasset: [Compiler] In use pin  GameRef  no longer exists on node  Set . Please refresh node or break links to remove pin.
[2022.06.08-14.10.24:028][  0]LogBlueprint: Error: [AssetLog] C:\Users\Darwin\Documents\Unreal Projects\journeeaumusee\Content\Maps\MainMenu.umap: [Compiler] In use pin  <Unnamed>  no longer exists on node  showMainMenu . Please refresh node or break links to remove pin.
[2022.06.08-14.10.24:029][  0]LogBlueprint: Error: [AssetLog] C:\Users\Darwin\Documents\Unreal Projects\journeeaumusee\Content\Maps\MainMenu.umap: [Compiler] In use pin  Target  no longer exists on node  showMainMenu . Please refresh node or break links to remove pin.
[2022.06.08-14.10.24:029][  0]LogBlueprint: Error: [AssetLog] C:\Users\Darwin\Documents\Unreal Projects\journeeaumusee\Content\Maps\MainMenu.umap: [Compiler] Could not find a function named "showMainMenu" in 'GameSteamInstance_C'.
Make sure 'GameSteamInstance_C' has been compiled for  showMainMenu
[2022.06.08-14.10.24:036][  0]LogAudio: Display: Audio Device (ID: 1) registered with world 'MainMenu'.
[2022.06.08-14.10.24:046][  0]LogAIModule: Creating AISystem for world MainMenu
[2022.06.08-14.10.24:047][  0]LogLoad: Game class is 'MainMenuGameMode_C'
[2022.06.08-14.10.24:049][  0]LogWorld: Bringing World /Game/Maps/MainMenu.MainMenu up for play (max tick rate 0) at 2022.06.08-16.10.24
[2022.06.08-14.10.24:049][  0]LogWorld: Bringing up level for play took: 0.001580
[2022.06.08-14.10.24:050][  0]LogGameMode: FindPlayerStart: PATHS NOT DEFINED or NO PLAYERSTART with positive rating
[2022.06.08-14.10.24:058][  0]LogViewport: Display: Viewport MouseLockMode Changed, LockOnCapture -> DoNotLock
[2022.06.08-14.10.24:058][  0]LogViewport: Display: Viewport MouseCaptureMode Changed, CapturePermanently_IncludingInitialMouseDown -> CaptureDuringMouseDown
[2022.06.08-14.10.24:059][  0]LogLoad: Took 0.131053 seconds to LoadMap(/Game/Maps/MainMenu)
[2022.06.08-14.10.24:262][  0]LogSlate: Took 0.000270 seconds to synchronously load lazily loaded font '../../../Engine/Content/Slate/Fonts/Roboto-Regular.ttf' (155K)
[2022.06.08-14.10.24:391][  0]LogRenderer: Reallocating scene render targets to support 952x488 Format 10 NumSamples 1 (Frame:1).
[2022.06.08-14.10.24:391][  0]LogInit: Display: Engine is initialized. Leaving FEngineLoop::Init()
[2022.06.08-14.10.24:391][  0]LogLoad: (Engine Initialization) Total time: 11.48 seconds
[2022.06.08-14.10.24:391][  0]LogLoad: (Engine Initialization) Total Blueprint compile time: 0.00 seconds
[2022.06.08-14.10.24:395][  0]LogContentStreaming: Texture pool size now 1000 MB
[2022.06.08-14.10.24:402][  0]LogSlate: InvalidateAllWidgets triggered.  All widgets were invalidated
[2022.06.08-14.10.24:592][  1]LogSlate: Took 0.000176 seconds to synchronously load lazily loaded font '../../../Engine/Content/Slate/Fonts/Roboto-Regular.ttf' (155K)
[2022.06.08-14.10.25:525][  4]LogRenderer: Reallocating scene render targets to support 868x444 Format 10 NumSamples 1 (Frame:6).
[2022.06.08-14.10.27:597][109]LogRenderer: Reallocating scene render targets to support 1036x532 Format 10 NumSamples 1 (Frame:112).
