Log file open, 06/01/22 18:01:58
LogWindows: Failed to load 'aqProf.dll' (GetLastError=126)
LogWindows: File 'aqProf.dll' does not exist
LogWindows: Failed to load 'VtuneApi.dll' (GetLastError=126)
LogWindows: File 'VtuneApi.dll' does not exist
LogWindows: Failed to load 'VtuneApi32e.dll' (GetLastError=126)
LogWindows: File 'VtuneApi32e.dll' does not exist
LogConsoleResponse: Display: Failed to find resolution value strings in scalability ini. Falling back to default.
LogConsoleResponse: Display: Failed to find resolution value strings in scalability ini. Falling back to default.
LogInit: Display: Running engine for game: UneJourneeAuMusee
LogPlatformFile: Not using cached read wrapper
LogTaskGraph: Started task graph with 5 named threads and 71 total threads with 3 sets of task threads.
LogStats: Stats thread started at 0.207882
LogICUInternationalization: ICU TimeZone Detection - Raw Offset: +1:00, Platform Override: ''
LogInit: Display: Loading text-based GConfig....
LogPluginManager: Mounting plugin MeshPainting
LogPluginManager: Mounting plugin XGEController
LogPluginManager: Mounting plugin Paper2D
LogPluginManager: Mounting plugin LightPropagationVolume
LogPluginManager: Mounting plugin AISupport
LogPluginManager: Mounting plugin EnvironmentQueryEditor
LogPluginManager: Mounting plugin LiveLink
LogPluginManager: Mounting plugin GameplayCameras
LogPluginManager: Mounting plugin OodleData
LogPluginManager: Mounting plugin OodleNetwork
LogPluginManager: Mounting plugin CameraShakePreviewer
LogPluginManager: Mounting plugin AssetManagerEditor
LogPluginManager: Mounting plugin AnimationSharing
LogPluginManager: Mounting plugin CodeLiteSourceCodeAccess
LogPluginManager: Mounting plugin CLionSourceCodeAccess
LogPluginManager: Mounting plugin CryptoKeys
LogPluginManager: Mounting plugin GitSourceControl
LogPluginManager: Mounting plugin KDevelopSourceCodeAccess
LogPluginManager: Mounting plugin NullSourceCodeAccess
LogPluginManager: Mounting plugin CurveEditorTools
LogPluginManager: Mounting plugin DataValidation
LogPluginManager: Mounting plugin PixWinPlugin
LogPluginManager: Mounting plugin FacialAnimation
LogPluginManager: Mounting plugin PerforceSourceControl
LogPluginManager: Mounting plugin GameplayTagsEditor
LogPluginManager: Mounting plugin MacGraphicsSwitching
LogPluginManager: Mounting plugin MaterialAnalyzer
LogPluginManager: Mounting plugin GeometryMode
LogPluginManager: Mounting plugin MobileLauncherProfileWizard
LogPluginManager: Mounting plugin PluginBrowser
LogPluginManager: Mounting plugin PlasticSourceControl
LogPluginManager: Mounting plugin SpeedTreeImporter
LogPluginManager: Mounting plugin PluginUtils
LogPluginManager: Mounting plugin PropertyAccessNode
LogPluginManager: Mounting plugin RiderSourceCodeAccess
LogPluginManager: Mounting plugin SubversionSourceControl
LogPluginManager: Mounting plugin TextureFormatOodle
LogPluginManager: Mounting plugin UObjectPlugin
LogPluginManager: Mounting plugin XCodeSourceCodeAccess
LogPluginManager: Mounting plugin VisualStudioSourceCodeAccess
LogPluginManager: Mounting plugin VisualStudioCodeSourceCodeAccess
LogPluginManager: Mounting plugin AlembicImporter
LogPluginManager: Mounting plugin BackChannel
LogPluginManager: Mounting plugin AutomationUtils
LogPluginManager: Mounting plugin ChaosCloth
LogPluginManager: Mounting plugin ChaosEditor
LogPluginManager: Mounting plugin ChaosNiagara
LogPluginManager: Mounting plugin ChaosClothEditor
LogPluginManager: Mounting plugin ChaosSolverPlugin
LogPluginManager: Mounting plugin CharacterAI
LogPluginManager: Mounting plugin GeometryCache
LogPluginManager: Mounting plugin GeometryProcessing
LogPluginManager: Mounting plugin GeometryCollectionPlugin
LogPluginManager: Mounting plugin MotoSynth
LogPluginManager: Mounting plugin OpenImageDenoise
LogPluginManager: Mounting plugin PlanarCut
LogPluginManager: Mounting plugin PlatformCrypto
LogPluginManager: Mounting plugin ProxyLODPlugin
LogPluginManager: Mounting plugin PythonScriptPlugin
LogPluginManager: Mounting plugin DatasmithContent
LogPluginManager: Mounting plugin SkeletalReduction
LogPluginManager: Mounting plugin Niagara
LogPluginManager: Mounting plugin VariantManagerContent
LogPluginManager: Mounting plugin LuminPlatformFeatures
LogPluginManager: Mounting plugin MagicLeap
LogPluginManager: Mounting plugin AndroidMedia
LogPluginManager: Mounting plugin AvfMedia
LogPluginManager: Mounting plugin MagicLeapLightEstimation
LogPluginManager: Mounting plugin MagicLeapMedia
LogPluginManager: Mounting plugin MagicLeapPassableWorld
LogPluginManager: Mounting plugin MLSDK
LogPluginManager: Mounting plugin TcpMessaging
LogPluginManager: Mounting plugin UdpMessaging
LogPluginManager: Mounting plugin ActorSequence
LogPluginManager: Mounting plugin ImgMedia
LogPluginManager: Mounting plugin MediaCompositing
LogPluginManager: Mounting plugin LauncherChunkInstaller
LogPluginManager: Mounting plugin MediaPlayerEditor
LogPluginManager: Mounting plugin WebMMedia
LogPluginManager: Mounting plugin WmfMedia
LogPluginManager: Mounting plugin MatineeToLevelSequence
LogPluginManager: Mounting plugin LevelSequenceEditor
LogPluginManager: Mounting plugin TemplateSequence
LogPluginManager: Mounting plugin OnlineSubsystem
LogPluginManager: Mounting plugin ActorLayerUtilities
LogPluginManager: Mounting plugin AndroidDeviceProfileSelector
LogPluginManager: Mounting plugin OnlineSubsystemNull
LogPluginManager: Mounting plugin AndroidMoviePlayer
LogPluginManager: Mounting plugin OnlineSubsystemUtils
LogPluginManager: Mounting plugin AndroidPermission
LogPluginManager: Mounting plugin AppleImageUtils
LogPluginManager: Mounting plugin AppleMoviePlayer
LogPluginManager: Mounting plugin ArchVisCharacter
LogPluginManager: Mounting plugin AssetTags
LogPluginManager: Mounting plugin AudioCapture
LogPluginManager: Mounting plugin AudioSynesthesia
LogPluginManager: Mounting plugin CableComponent
LogPluginManager: Mounting plugin ChunkDownloader
LogPluginManager: Mounting plugin CustomMeshComponent
LogPluginManager: Mounting plugin ExampleDeviceProfileSelector
LogPluginManager: Mounting plugin EditableMesh
LogPluginManager: Mounting plugin GoogleCloudMessaging
LogPluginManager: Mounting plugin GooglePAD
LogPluginManager: Mounting plugin IOSDeviceProfileSelector
LogPluginManager: Mounting plugin ScreenshotTools
LogPluginManager: Mounting plugin Takes
LogPluginManager: Mounting plugin LinuxDeviceProfileSelector
LogPluginManager: Mounting plugin LocationServicesBPLibrary
LogPluginManager: Mounting plugin MobilePatchingUtils
LogPluginManager: Mounting plugin OpenXR
LogPluginManager: Mounting plugin OpenXREyeTracker
LogPluginManager: Mounting plugin OpenXRHandTracking
LogPluginManager: Mounting plugin PhysXVehicles
LogPluginManager: Mounting plugin PostSplashScreen
LogPluginManager: Mounting plugin ProceduralMeshComponent
LogPluginManager: Mounting plugin PropertyAccessEditor
LogPluginManager: Mounting plugin RuntimePhysXCooking
LogPluginManager: Mounting plugin SignificanceManager
LogPluginManager: Mounting plugin SoundFields
LogPluginManager: Mounting plugin Synthesis
LogPluginManager: Mounting plugin WebMMoviePlayer
LogPluginManager: Mounting plugin WindowsMoviePlayer
LogPluginManager: Mounting plugin ContentBrowserAssetDataSource
LogPluginManager: Mounting plugin ContentBrowserClassDataSource
LogPluginManager: Mounting plugin ContentBrowserFileDataSource
LogPluginManager: Mounting plugin OnlineSubsystemGooglePlay
LogPluginManager: Mounting plugin OnlineSubsystemIOS
LogPluginManager: Mounting plugin OculusVR
LogPluginManager: Mounting plugin SteamVR
PixWinPlugin: PIX capture plugin failed to initialize! Check that the process is launched from PIX.
LogInit: Using libcurl 7.55.1-DEV
LogInit:  - built for x86_64-pc-win32
LogInit:  - supports SSL with OpenSSL/1.1.1
LogInit:  - supports HTTP deflate (compression) using libz 1.2.8
LogInit:  - other features:
LogInit:      CURL_VERSION_SSL
LogInit:      CURL_VERSION_LIBZ
LogInit:      CURL_VERSION_IPV6
LogInit:      CURL_VERSION_ASYNCHDNS
LogInit:      CURL_VERSION_LARGEFILE
LogInit:      CURL_VERSION_IDN
LogInit:  CurlRequestOptions (configurable via config and command line):
LogInit:  - bVerifyPeer = true  - Libcurl will verify peer certificate
LogInit:  - bUseHttpProxy = false  - Libcurl will NOT use HTTP proxy
LogInit:  - bDontReuseConnections = false  - Libcurl will reuse connections
LogInit:  - MaxHostConnections = 16  - Libcurl will limit the number of connections to a host
LogInit:  - LocalHostAddr = Default
LogInit:  - BufferSize = 65536
LogOnline: OSS: Creating online subsystem instance for: NULL
LogInit: WinSock: version 1.1 (2.2), MaxSocks=32767, MaxUdp=65467
LogOnline: OSS: TryLoadSubsystemAndSetDefault: Loaded subsystem for module [NULL]
LogOculusPluginWrapper: OculusPlugin initialized successfully
LogHMD: Failed initializing OVRPlugin 1.59.0
LogInit: Build: ++UE4+Release-4.27-CL-18319896
LogInit: Engine Version: 4.27.2-18319896+++UE4+Release-4.27
LogInit: Compatible Engine Version: 4.27.0-17155196+++UE4+Release-4.27
LogInit: Net CL: 17155196
LogInit: OS: Windows 10 (Release 2009) (), CPU: AMD Ryzen 9 3900X 12-Core Processor            , GPU: NVIDIA GeForce RTX 2080 Ti
LogInit: Compiled (64-bit): Nov 30 2021 07:12:08
LogInit: Compiled with Visual C++: 19.24.28315.00
LogInit: Build Configuration: Development
LogInit: Branch Name: ++UE4+Release-4.27
LogInit: Command Line:  /Game/ThirdPersonBP/Maps/ThirdPersonExampleMap -game -PIEVIACONSOLE -Multiprocess GameUserSettingsINI=C:/Users/vaqui/Documents/JourneeAuMusee/Saved/Config/Windows/PIEGameUserSettings0.ini -MultiprocessSaveConfig -forcepassthrough -messaging -SessionName="Play in Standalone Game" -windowed -WinX=315 -WinY=199 SAVEWINPOS=1 -ResX=1920 -ResY=1016
LogInit: Base Directory: E:/UE_4.27/Engine/Binaries/Win64/
LogInit: Allocator: TBB
LogInit: Installed Engine Build: 1
LogDevObjectVersion: Number of dev versions registered: 29
LogDevObjectVersion:   Dev-Blueprints (B0D832E4-1F89-4F0D-ACCF-7EB736FD4AA2): 10
LogDevObjectVersion:   Dev-Build (E1C64328-A22C-4D53-A36C-8E866417BD8C): 0
LogDevObjectVersion:   Dev-Core (375EC13C-06E4-48FB-B500-84F0262A717E): 4
LogDevObjectVersion:   Dev-Editor (E4B068ED-F494-42E9-A231-DA0B2E46BB41): 40
LogDevObjectVersion:   Dev-Framework (CFFC743F-43B0-4480-9391-14DF171D2073): 37
LogDevObjectVersion:   Dev-Mobile (B02B49B5-BB20-44E9-A304-32B752E40360): 3
LogDevObjectVersion:   Dev-Networking (A4E4105C-59A1-49B5-A7C5-40C4547EDFEE): 0
LogDevObjectVersion:   Dev-Online (39C831C9-5AE6-47DC-9A44-9C173E1C8E7C): 0
LogDevObjectVersion:   Dev-Physics (78F01B33-EBEA-4F98-B9B4-84EACCB95AA2): 14
LogDevObjectVersion:   Dev-Platform (6631380F-2D4D-43E0-8009-CF276956A95A): 0
LogDevObjectVersion:   Dev-Rendering (12F88B9F-8875-4AFC-A67C-D90C383ABD29): 45
LogDevObjectVersion:   Dev-Sequencer (7B5AE74C-D270-4C10-A958-57980B212A5A): 13
LogDevObjectVersion:   Dev-VR (D7296918-1DD6-4BDD-9DE2-64A83CC13884): 3
LogDevObjectVersion:   Dev-LoadTimes (C2A15278-BFE7-4AFE-6C17-90FF531DF755): 1
LogDevObjectVersion:   Private-Geometry (6EACA3D4-40EC-4CC1-B786-8BED09428FC5): 3
LogDevObjectVersion:   Dev-AnimPhys (29E575DD-E0A3-4627-9D10-D276232CDCEA): 17
LogDevObjectVersion:   Dev-Anim (AF43A65D-7FD3-4947-9873-3E8ED9C1BB05): 15
LogDevObjectVersion:   Dev-ReflectionCapture (6B266CEC-1EC7-4B8F-A30B-E4D90942FC07): 1
LogDevObjectVersion:   Dev-Automation (0DF73D61-A23F-47EA-B727-89E90C41499A): 1
LogDevObjectVersion:   FortniteMain (601D1886-AC64-4F84-AA16-D3DE0DEAC7D6): 47
LogDevObjectVersion:   FortniteRelease (E7086368-6B23-4C58-8439-1B7016265E91): 1
LogDevObjectVersion:   Dev-Enterprise (9DFFBCD6-494F-0158-E221-12823C92A888): 10
LogDevObjectVersion:   Dev-Niagara (F2AED0AC-9AFE-416F-8664-AA7FFA26D6FC): 1
LogDevObjectVersion:   Dev-Destruction (174F1F0B-B4C6-45A5-B13F-2EE8D0FB917D): 10
LogDevObjectVersion:   Dev-Physics-Ext (35F94A83-E258-406C-A318-09F59610247C): 41
LogDevObjectVersion:   Dev-PhysicsMaterial-Chaos (B68FC16E-8B1B-42E2-B453-215C058844FE): 1
LogDevObjectVersion:   Dev-CineCamera (B2E18506-4273-CFC2-A54E-F4BB758BBA07): 1
LogDevObjectVersion:   Dev-VirtualProduction (64F58936-FD1B-42BA-BA96-7289D5D0FA4E): 1
LogDevObjectVersion:   Dev-MediaFramework (6F0ED827-A609-4895-9C91-998D90180EA4): 2
LogInit: Presizing for max 25165824 objects, including 0 objects not considered by GC, pre-allocating 0 bytes for permanent pool.
LogConfig: Applying CVar settings from Section [/Script/Engine.StreamingSettings] File [C:/Users/vaqui/Documents/JourneeAuMusee/Saved/Config/Windows/Engine.ini]
LogConfig: Setting CVar [[s.MinBulkDataSizeForAsyncLoading:131072]]
LogConfig: Setting CVar [[s.AsyncLoadingThreadEnabled:0]]
LogConfig: Setting CVar [[s.EventDrivenLoaderEnabled:1]]
LogConfig: Setting CVar [[s.WarnIfTimeLimitExceeded:0]]
LogConfig: Setting CVar [[s.TimeLimitExceededMultiplier:1.5]]
LogConfig: Setting CVar [[s.TimeLimitExceededMinTime:0.005]]
LogConfig: Setting CVar [[s.UseBackgroundLevelStreaming:1]]
LogConfig: Setting CVar [[s.PriorityAsyncLoadingExtraTime:15.0]]
LogConfig: Setting CVar [[s.LevelStreamingActorsUpdateTimeLimit:5.0]]
LogConfig: Setting CVar [[s.PriorityLevelStreamingActorsUpdateExtraTime:5.0]]
LogConfig: Setting CVar [[s.LevelStreamingComponentsRegistrationGranularity:10]]
LogConfig: Setting CVar [[s.UnregisterComponentsTimeLimit:1.0]]
LogConfig: Setting CVar [[s.LevelStreamingComponentsUnregistrationGranularity:5]]
LogConfig: Setting CVar [[s.FlushStreamingOnExit:1]]
LogInit: Object subsystem initialized
LogConfig: Setting CVar [[con.DebugEarlyDefault:1]]
LogConfig: Setting CVar [[r.setres:1280x720]]
[2022.06.01-16.01.58:986][  0]LogConfig: Setting CVar [[con.DebugEarlyDefault:1]]
[2022.06.01-16.01.58:986][  0]LogConfig: Setting CVar [[r.setres:1280x720]]
[2022.06.01-16.01.58:986][  0]LogConfig: Applying CVar settings from Section [/Script/Engine.RendererSettings] File [C:/Users/vaqui/Documents/JourneeAuMusee/Saved/Config/Windows/Engine.ini]
[2022.06.01-16.01.58:986][  0]LogConfig: Setting CVar [[r.GPUCrashDebugging:0]]
[2022.06.01-16.01.58:986][  0]LogConfig: Applying CVar settings from Section [/Script/Engine.RendererOverrideSettings] File [C:/Users/vaqui/Documents/JourneeAuMusee/Saved/Config/Windows/Engine.ini]
[2022.06.01-16.01.58:986][  0]LogConfig: Applying CVar settings from Section [/Script/Engine.StreamingSettings] File [C:/Users/vaqui/Documents/JourneeAuMusee/Saved/Config/Windows/Engine.ini]
[2022.06.01-16.01.58:986][  0]LogConfig: Setting CVar [[s.MinBulkDataSizeForAsyncLoading:131072]]
[2022.06.01-16.01.58:986][  0]LogConfig: Setting CVar [[s.AsyncLoadingThreadEnabled:0]]
[2022.06.01-16.01.58:986][  0]LogConfig: Setting CVar [[s.EventDrivenLoaderEnabled:1]]
[2022.06.01-16.01.58:986][  0]LogConfig: Setting CVar [[s.WarnIfTimeLimitExceeded:0]]
[2022.06.01-16.01.58:986][  0]LogConfig: Setting CVar [[s.TimeLimitExceededMultiplier:1.5]]
[2022.06.01-16.01.58:986][  0]LogConfig: Setting CVar [[s.TimeLimitExceededMinTime:0.005]]
[2022.06.01-16.01.58:986][  0]LogConfig: Setting CVar [[s.UseBackgroundLevelStreaming:1]]
[2022.06.01-16.01.58:986][  0]LogConfig: Setting CVar [[s.PriorityAsyncLoadingExtraTime:15.0]]
[2022.06.01-16.01.58:986][  0]LogConfig: Setting CVar [[s.LevelStreamingActorsUpdateTimeLimit:5.0]]
[2022.06.01-16.01.58:986][  0]LogConfig: Setting CVar [[s.PriorityLevelStreamingActorsUpdateExtraTime:5.0]]
[2022.06.01-16.01.58:986][  0]LogConfig: Setting CVar [[s.LevelStreamingComponentsRegistrationGranularity:10]]
[2022.06.01-16.01.58:986][  0]LogConfig: Setting CVar [[s.UnregisterComponentsTimeLimit:1.0]]
[2022.06.01-16.01.58:986][  0]LogConfig: Setting CVar [[s.LevelStreamingComponentsUnregistrationGranularity:5]]
[2022.06.01-16.01.58:986][  0]LogConfig: Setting CVar [[s.FlushStreamingOnExit:1]]
[2022.06.01-16.01.58:986][  0]LogConfig: Applying CVar settings from Section [/Script/Engine.GarbageCollectionSettings] File [C:/Users/vaqui/Documents/JourneeAuMusee/Saved/Config/Windows/Engine.ini]
[2022.06.01-16.01.58:986][  0]LogConfig: Setting CVar [[gc.MaxObjectsNotConsideredByGC:1]]
[2022.06.01-16.01.58:986][  0]LogConfig: Setting CVar [[gc.SizeOfPermanentObjectPool:0]]
[2022.06.01-16.01.58:986][  0]LogConfig: Setting CVar [[gc.FlushStreamingOnGC:0]]
[2022.06.01-16.01.58:986][  0]LogConfig: Setting CVar [[gc.NumRetriesBeforeForcingGC:10]]
[2022.06.01-16.01.58:986][  0]LogConfig: Setting CVar [[gc.AllowParallelGC:1]]
[2022.06.01-16.01.58:986][  0]LogConfig: Setting CVar [[gc.TimeBetweenPurgingPendingKillObjects:61.1]]
[2022.06.01-16.01.58:986][  0]LogConfig: Setting CVar [[gc.MaxObjectsInEditor:25165824]]
[2022.06.01-16.01.58:986][  0]LogConfig: Setting CVar [[gc.IncrementalBeginDestroyEnabled:1]]
[2022.06.01-16.01.58:986][  0]LogConfig: Setting CVar [[gc.CreateGCClusters:1]]
[2022.06.01-16.01.58:986][  0]LogConfig: Setting CVar [[gc.MinGCClusterSize:5]]
[2022.06.01-16.01.58:986][  0]LogConfig: Setting CVar [[gc.ActorClusteringEnabled:0]]
[2022.06.01-16.01.58:986][  0]LogConfig: Setting CVar [[gc.BlueprintClusteringEnabled:0]]
[2022.06.01-16.01.58:986][  0]LogConfig: Setting CVar [[gc.UseDisregardForGCOnDedicatedServers:0]]
[2022.06.01-16.01.58:986][  0]LogConfig: Setting CVar [[gc.MultithreadedDestructionEnabled:1]]
[2022.06.01-16.01.58:986][  0]LogConfig: Applying CVar settings from Section [/Script/Engine.NetworkSettings] File [C:/Users/vaqui/Documents/JourneeAuMusee/Saved/Config/Windows/Engine.ini]
[2022.06.01-16.01.58:986][  0]LogConfig: Applying CVar settings from Section [/Script/UnrealEd.CookerSettings] File [C:/Users/vaqui/Documents/JourneeAuMusee/Saved/Config/Windows/Engine.ini]
[2022.06.01-16.01.59:022][  0]LogConfig: Applying CVar settings from Section [ViewDistanceQuality@3] File [C:/Users/vaqui/Documents/JourneeAuMusee/Saved/Config/Windows/Scalability.ini]
[2022.06.01-16.01.59:022][  0]LogConfig: Setting CVar [[r.SkeletalMeshLODBias:0]]
[2022.06.01-16.01.59:022][  0]LogConfig: Setting CVar [[r.ViewDistanceScale:1.0]]
[2022.06.01-16.01.59:022][  0]LogConfig: Applying CVar settings from Section [AntiAliasingQuality@3] File [C:/Users/vaqui/Documents/JourneeAuMusee/Saved/Config/Windows/Scalability.ini]
[2022.06.01-16.01.59:022][  0]LogConfig: Setting CVar [[r.PostProcessAAQuality:4]]
[2022.06.01-16.01.59:022][  0]LogConfig: Applying CVar settings from Section [ShadowQuality@3] File [C:/Users/vaqui/Documents/JourneeAuMusee/Saved/Config/Windows/Scalability.ini]
[2022.06.01-16.01.59:022][  0]LogConfig: Setting CVar [[r.LightFunctionQuality:1]]
[2022.06.01-16.01.59:022][  0]LogConfig: Setting CVar [[r.ShadowQuality:5]]
[2022.06.01-16.01.59:022][  0]LogConfig: Setting CVar [[r.Shadow.CSM.MaxCascades:10]]
[2022.06.01-16.01.59:022][  0]LogConfig: Setting CVar [[r.Shadow.MaxResolution:2048]]
[2022.06.01-16.01.59:022][  0]LogConfig: Setting CVar [[r.Shadow.MaxCSMResolution:2048]]
[2022.06.01-16.01.59:022][  0]LogConfig: Setting CVar [[r.Shadow.RadiusThreshold:0.01]]
[2022.06.01-16.01.59:022][  0]LogConfig: Setting CVar [[r.Shadow.DistanceScale:1.0]]
[2022.06.01-16.01.59:022][  0]LogConfig: Setting CVar [[r.Shadow.CSM.TransitionScale:1.0]]
[2022.06.01-16.01.59:022][  0]LogConfig: Setting CVar [[r.Shadow.PreShadowResolutionFactor:1.0]]
[2022.06.01-16.01.59:022][  0]LogConfig: Setting CVar [[r.DistanceFieldShadowing:1]]
[2022.06.01-16.01.59:022][  0]LogConfig: Setting CVar [[r.DistanceFieldAO:1]]
[2022.06.01-16.01.59:022][  0]LogConfig: Setting CVar [[r.AOQuality:2]]
[2022.06.01-16.01.59:022][  0]LogConfig: Setting CVar [[r.VolumetricFog:1]]
[2022.06.01-16.01.59:022][  0]LogConfig: Setting CVar [[r.VolumetricFog.GridPixelSize:8]]
[2022.06.01-16.01.59:022][  0]LogConfig: Setting CVar [[r.VolumetricFog.GridSizeZ:128]]
[2022.06.01-16.01.59:022][  0]LogConfig: Setting CVar [[r.VolumetricFog.HistoryMissSupersampleCount:4]]
[2022.06.01-16.01.59:022][  0]LogConfig: Setting CVar [[r.LightMaxDrawDistanceScale:1]]
[2022.06.01-16.01.59:022][  0]LogConfig: Setting CVar [[r.CapsuleShadows:1]]
[2022.06.01-16.01.59:022][  0]LogConfig: Applying CVar settings from Section [PostProcessQuality@3] File [C:/Users/vaqui/Documents/JourneeAuMusee/Saved/Config/Windows/Scalability.ini]
[2022.06.01-16.01.59:022][  0]LogConfig: Setting CVar [[r.MotionBlurQuality:4]]
[2022.06.01-16.01.59:022][  0]LogConfig: Setting CVar [[r.AmbientOcclusionMipLevelFactor:0.4]]
[2022.06.01-16.01.59:022][  0]LogConfig: Setting CVar [[r.AmbientOcclusionMaxQuality:100]]
[2022.06.01-16.01.59:022][  0]LogConfig: Setting CVar [[r.AmbientOcclusionLevels:-1]]
[2022.06.01-16.01.59:022][  0]LogConfig: Setting CVar [[r.AmbientOcclusionRadiusScale:1.0]]
[2022.06.01-16.01.59:022][  0]LogConfig: Setting CVar [[r.DepthOfFieldQuality:2]]
[2022.06.01-16.01.59:022][  0]LogConfig: Setting CVar [[r.RenderTargetPoolMin:400]]
[2022.06.01-16.01.59:022][  0]LogConfig: Setting CVar [[r.LensFlareQuality:2]]
[2022.06.01-16.01.59:022][  0]LogConfig: Setting CVar [[r.SceneColorFringeQuality:1]]
[2022.06.01-16.01.59:022][  0]LogConfig: Setting CVar [[r.EyeAdaptationQuality:2]]
[2022.06.01-16.01.59:022][  0]LogConfig: Setting CVar [[r.BloomQuality:5]]
[2022.06.01-16.01.59:022][  0]LogConfig: Setting CVar [[r.FastBlurThreshold:100]]
[2022.06.01-16.01.59:022][  0]LogConfig: Setting CVar [[r.Upscale.Quality:3]]
[2022.06.01-16.01.59:022][  0]LogConfig: Setting CVar [[r.Tonemapper.GrainQuantization:1]]
[2022.06.01-16.01.59:022][  0]LogConfig: Setting CVar [[r.LightShaftQuality:1]]
[2022.06.01-16.01.59:022][  0]LogConfig: Setting CVar [[r.Filter.SizeScale:1]]
[2022.06.01-16.01.59:022][  0]LogConfig: Setting CVar [[r.Tonemapper.Quality:5]]
[2022.06.01-16.01.59:022][  0]LogConfig: Setting CVar [[r.DOF.Gather.AccumulatorQuality:1        ; higher gathering accumulator quality]]
[2022.06.01-16.01.59:022][  0]LogConfig: Setting CVar [[r.DOF.Gather.PostfilterMethod:1          ; Median3x3 postfilering method]]
[2022.06.01-16.01.59:022][  0]LogConfig: Setting CVar [[r.DOF.Gather.EnableBokehSettings:0       ; no bokeh simulation when gathering]]
[2022.06.01-16.01.59:022][  0]LogConfig: Setting CVar [[r.DOF.Gather.RingCount:4                 ; medium number of samples when gathering]]
[2022.06.01-16.01.59:022][  0]LogConfig: Setting CVar [[r.DOF.Scatter.ForegroundCompositing:1    ; additive foreground scattering]]
[2022.06.01-16.01.59:022][  0]LogConfig: Setting CVar [[r.DOF.Scatter.BackgroundCompositing:2    ; additive background scattering]]
[2022.06.01-16.01.59:022][  0]LogConfig: Setting CVar [[r.DOF.Scatter.EnableBokehSettings:1      ; bokeh simulation when scattering]]
[2022.06.01-16.01.59:022][  0]LogConfig: Setting CVar [[r.DOF.Scatter.MaxSpriteRatio:0.1         ; only a maximum of 10% of scattered bokeh]]
[2022.06.01-16.01.59:022][  0]LogConfig: Setting CVar [[r.DOF.Recombine.Quality:1                ; cheap slight out of focus]]
[2022.06.01-16.01.59:022][  0]LogConfig: Setting CVar [[r.DOF.Recombine.EnableBokehSettings:0    ; no bokeh simulation on slight out of focus]]
[2022.06.01-16.01.59:022][  0]LogConfig: Setting CVar [[r.DOF.TemporalAAQuality:1                ; more stable temporal accumulation]]
[2022.06.01-16.01.59:022][  0]LogConfig: Setting CVar [[r.DOF.Kernel.MaxForegroundRadius:0.025]]
[2022.06.01-16.01.59:022][  0]LogConfig: Setting CVar [[r.DOF.Kernel.MaxBackgroundRadius:0.025]]
[2022.06.01-16.01.59:022][  0]LogConfig: Applying CVar settings from Section [TextureQuality@3] File [C:/Users/vaqui/Documents/JourneeAuMusee/Saved/Config/Windows/Scalability.ini]
[2022.06.01-16.01.59:022][  0]LogConfig: Setting CVar [[r.Streaming.MipBias:0]]
[2022.06.01-16.01.59:022][  0]LogConfig: Setting CVar [[r.Streaming.AmortizeCPUToGPUCopy:0]]
[2022.06.01-16.01.59:022][  0]LogConfig: Setting CVar [[r.Streaming.MaxNumTexturesToStreamPerFrame:0]]
[2022.06.01-16.01.59:022][  0]LogConfig: Setting CVar [[r.Streaming.Boost:1]]
[2022.06.01-16.01.59:022][  0]LogConfig: Setting CVar [[r.MaxAnisotropy:8]]
[2022.06.01-16.01.59:022][  0]LogConfig: Setting CVar [[r.VT.MaxAnisotropy:8]]
[2022.06.01-16.01.59:022][  0]LogConfig: Setting CVar [[r.Streaming.LimitPoolSizeToVRAM:0]]
[2022.06.01-16.01.59:022][  0]LogConfig: Setting CVar [[r.Streaming.PoolSize:1000]]
[2022.06.01-16.01.59:022][  0]LogConfig: Setting CVar [[r.Streaming.MaxEffectiveScreenSize:0]]
[2022.06.01-16.01.59:022][  0]LogConfig: Applying CVar settings from Section [EffectsQuality@3] File [C:/Users/vaqui/Documents/JourneeAuMusee/Saved/Config/Windows/Scalability.ini]
[2022.06.01-16.01.59:022][  0]LogConfig: Setting CVar [[r.TranslucencyLightingVolumeDim:64]]
[2022.06.01-16.01.59:022][  0]LogConfig: Setting CVar [[r.RefractionQuality:2]]
[2022.06.01-16.01.59:022][  0]LogConfig: Setting CVar [[r.SSR.Quality:3]]
[2022.06.01-16.01.59:022][  0]LogConfig: Setting CVar [[r.SSR.HalfResSceneColor:0]]
[2022.06.01-16.01.59:022][  0]LogConfig: Setting CVar [[r.SceneColorFormat:4]]
[2022.06.01-16.01.59:022][  0]LogConfig: Setting CVar [[r.DetailMode:2]]
[2022.06.01-16.01.59:022][  0]LogConfig: Setting CVar [[r.TranslucencyVolumeBlur:1]]
[2022.06.01-16.01.59:022][  0]LogConfig: Setting CVar [[r.MaterialQualityLevel:1 ; High quality]]
[2022.06.01-16.01.59:022][  0]LogConfig: Setting CVar [[r.AnisotropicMaterials:1]]
[2022.06.01-16.01.59:022][  0]LogConfig: Setting CVar [[r.SSS.Scale:1]]
[2022.06.01-16.01.59:022][  0]LogConfig: Setting CVar [[r.SSS.SampleSet:2]]
[2022.06.01-16.01.59:022][  0]LogConfig: Setting CVar [[r.SSS.Quality:1]]
[2022.06.01-16.01.59:022][  0]LogConfig: Setting CVar [[r.SSS.HalfRes:0]]
[2022.06.01-16.01.59:022][  0]LogConfig: Setting CVar [[r.SSGI.Quality:3]]
[2022.06.01-16.01.59:022][  0]LogConfig: Setting CVar [[r.EmitterSpawnRateScale:1.0]]
[2022.06.01-16.01.59:022][  0]LogConfig: Setting CVar [[r.ParticleLightQuality:2]]
[2022.06.01-16.01.59:022][  0]LogConfig: Setting CVar [[r.SkyAtmosphere.AerialPerspectiveLUT.FastApplyOnOpaque:1 ; Always have FastSkyLUT 1 in this case to avoid wrong sky]]
[2022.06.01-16.01.59:022][  0]LogConfig: Setting CVar [[r.SkyAtmosphere.AerialPerspectiveLUT.SampleCountMaxPerSlice:4]]
[2022.06.01-16.01.59:022][  0]LogConfig: Setting CVar [[r.SkyAtmosphere.AerialPerspectiveLUT.DepthResolution:16.0]]
[2022.06.01-16.01.59:022][  0]LogConfig: Setting CVar [[r.SkyAtmosphere.FastSkyLUT:1]]
[2022.06.01-16.01.59:023][  0]LogConfig: Setting CVar [[r.SkyAtmosphere.FastSkyLUT.SampleCountMin:4.0]]
[2022.06.01-16.01.59:023][  0]LogConfig: Setting CVar [[r.SkyAtmosphere.FastSkyLUT.SampleCountMax:128.0]]
[2022.06.01-16.01.59:023][  0]LogConfig: Setting CVar [[r.SkyAtmosphere.SampleCountMin:4.0]]
[2022.06.01-16.01.59:023][  0]LogConfig: Setting CVar [[r.SkyAtmosphere.SampleCountMax:128.0]]
[2022.06.01-16.01.59:023][  0]LogConfig: Setting CVar [[r.SkyAtmosphere.TransmittanceLUT.UseSmallFormat:0]]
[2022.06.01-16.01.59:023][  0]LogConfig: Setting CVar [[r.SkyAtmosphere.TransmittanceLUT.SampleCount:10.0]]
[2022.06.01-16.01.59:023][  0]LogConfig: Setting CVar [[r.SkyAtmosphere.MultiScatteringLUT.SampleCount:15.0]]
[2022.06.01-16.01.59:023][  0]LogConfig: Setting CVar [[r.SkyLight.RealTimeReflectionCapture:1]]
[2022.06.01-16.01.59:023][  0]LogConfig: Applying CVar settings from Section [FoliageQuality@3] File [C:/Users/vaqui/Documents/JourneeAuMusee/Saved/Config/Windows/Scalability.ini]
[2022.06.01-16.01.59:023][  0]LogConfig: Setting CVar [[foliage.DensityScale:1.0]]
[2022.06.01-16.01.59:023][  0]LogConfig: Setting CVar [[grass.DensityScale:1.0]]
[2022.06.01-16.01.59:023][  0]LogConfig: Applying CVar settings from Section [ShadingQuality@3] File [C:/Users/vaqui/Documents/JourneeAuMusee/Saved/Config/Windows/Scalability.ini]
[2022.06.01-16.01.59:023][  0]LogConfig: Setting CVar [[r.HairStrands.SkyLighting.IntegrationType:2]]
[2022.06.01-16.01.59:023][  0]LogConfig: Setting CVar [[r.HairStrands.SkyAO.SampleCount:4]]
[2022.06.01-16.01.59:023][  0]LogConfig: Setting CVar [[r.HairStrands.Visibility.MSAA.SamplePerPixel:4]]
[2022.06.01-16.01.59:023][  0]LogInit: Selected Device Profile: [Windows]
[2022.06.01-16.01.59:023][  0]LogInit: Applying CVar settings loaded from the selected device profile: [Windows]
[2022.06.01-16.01.59:023][  0]LogHAL: Display: Platform has ~ 32 GB [34305413120 / 34359738368 / 32], which maps to Largest [LargestMinGB=32, LargerMinGB=12, DefaultMinGB=8, SmallerMinGB=6, SmallestMinGB=0)
[2022.06.01-16.01.59:023][  0]LogInit: Going up to parent DeviceProfile []
[2022.06.01-16.01.59:023][  0]LogConfig: Applying CVar settings from Section [ViewDistanceQuality@3] File [C:/Users/vaqui/Documents/JourneeAuMusee/Saved/Config/Windows/Scalability.ini]
[2022.06.01-16.01.59:023][  0]LogConfig: Setting CVar [[r.SkeletalMeshLODBias:0]]
[2022.06.01-16.01.59:023][  0]LogConfig: Setting CVar [[r.ViewDistanceScale:1.0]]
[2022.06.01-16.01.59:023][  0]LogConfig: Applying CVar settings from Section [AntiAliasingQuality@3] File [C:/Users/vaqui/Documents/JourneeAuMusee/Saved/Config/Windows/Scalability.ini]
[2022.06.01-16.01.59:023][  0]LogConfig: Setting CVar [[r.PostProcessAAQuality:4]]
[2022.06.01-16.01.59:023][  0]LogConfig: Applying CVar settings from Section [ShadowQuality@3] File [C:/Users/vaqui/Documents/JourneeAuMusee/Saved/Config/Windows/Scalability.ini]
[2022.06.01-16.01.59:023][  0]LogConfig: Setting CVar [[r.LightFunctionQuality:1]]
[2022.06.01-16.01.59:023][  0]LogConfig: Setting CVar [[r.ShadowQuality:5]]
[2022.06.01-16.01.59:023][  0]LogConfig: Setting CVar [[r.Shadow.CSM.MaxCascades:10]]
[2022.06.01-16.01.59:023][  0]LogConfig: Setting CVar [[r.Shadow.MaxResolution:2048]]
[2022.06.01-16.01.59:023][  0]LogConfig: Setting CVar [[r.Shadow.MaxCSMResolution:2048]]
[2022.06.01-16.01.59:023][  0]LogConfig: Setting CVar [[r.Shadow.RadiusThreshold:0.01]]
[2022.06.01-16.01.59:023][  0]LogConfig: Setting CVar [[r.Shadow.DistanceScale:1.0]]
[2022.06.01-16.01.59:023][  0]LogConfig: Setting CVar [[r.Shadow.CSM.TransitionScale:1.0]]
[2022.06.01-16.01.59:023][  0]LogConfig: Setting CVar [[r.Shadow.PreShadowResolutionFactor:1.0]]
[2022.06.01-16.01.59:023][  0]LogConfig: Setting CVar [[r.DistanceFieldShadowing:1]]
[2022.06.01-16.01.59:023][  0]LogConfig: Setting CVar [[r.DistanceFieldAO:1]]
[2022.06.01-16.01.59:023][  0]LogConfig: Setting CVar [[r.AOQuality:2]]
[2022.06.01-16.01.59:023][  0]LogConfig: Setting CVar [[r.VolumetricFog:1]]
[2022.06.01-16.01.59:023][  0]LogConfig: Setting CVar [[r.VolumetricFog.GridPixelSize:8]]
[2022.06.01-16.01.59:023][  0]LogConfig: Setting CVar [[r.VolumetricFog.GridSizeZ:128]]
[2022.06.01-16.01.59:023][  0]LogConfig: Setting CVar [[r.VolumetricFog.HistoryMissSupersampleCount:4]]
[2022.06.01-16.01.59:023][  0]LogConfig: Setting CVar [[r.LightMaxDrawDistanceScale:1]]
[2022.06.01-16.01.59:023][  0]LogConfig: Setting CVar [[r.CapsuleShadows:1]]
[2022.06.01-16.01.59:023][  0]LogConfig: Applying CVar settings from Section [PostProcessQuality@3] File [C:/Users/vaqui/Documents/JourneeAuMusee/Saved/Config/Windows/Scalability.ini]
[2022.06.01-16.01.59:023][  0]LogConfig: Setting CVar [[r.MotionBlurQuality:4]]
[2022.06.01-16.01.59:023][  0]LogConfig: Setting CVar [[r.AmbientOcclusionMipLevelFactor:0.4]]
[2022.06.01-16.01.59:023][  0]LogConfig: Setting CVar [[r.AmbientOcclusionMaxQuality:100]]
[2022.06.01-16.01.59:023][  0]LogConfig: Setting CVar [[r.AmbientOcclusionLevels:-1]]
[2022.06.01-16.01.59:023][  0]LogConfig: Setting CVar [[r.AmbientOcclusionRadiusScale:1.0]]
[2022.06.01-16.01.59:023][  0]LogConfig: Setting CVar [[r.DepthOfFieldQuality:2]]
[2022.06.01-16.01.59:023][  0]LogConfig: Setting CVar [[r.RenderTargetPoolMin:400]]
[2022.06.01-16.01.59:023][  0]LogConfig: Setting CVar [[r.LensFlareQuality:2]]
[2022.06.01-16.01.59:023][  0]LogConfig: Setting CVar [[r.SceneColorFringeQuality:1]]
[2022.06.01-16.01.59:023][  0]LogConfig: Setting CVar [[r.EyeAdaptationQuality:2]]
[2022.06.01-16.01.59:023][  0]LogConfig: Setting CVar [[r.BloomQuality:5]]
[2022.06.01-16.01.59:023][  0]LogConfig: Setting CVar [[r.FastBlurThreshold:100]]
[2022.06.01-16.01.59:023][  0]LogConfig: Setting CVar [[r.Upscale.Quality:3]]
[2022.06.01-16.01.59:023][  0]LogConfig: Setting CVar [[r.Tonemapper.GrainQuantization:1]]
[2022.06.01-16.01.59:023][  0]LogConfig: Setting CVar [[r.LightShaftQuality:1]]
[2022.06.01-16.01.59:023][  0]LogConfig: Setting CVar [[r.Filter.SizeScale:1]]
[2022.06.01-16.01.59:023][  0]LogConfig: Setting CVar [[r.Tonemapper.Quality:5]]
[2022.06.01-16.01.59:023][  0]LogConfig: Setting CVar [[r.DOF.Gather.AccumulatorQuality:1        ; higher gathering accumulator quality]]
[2022.06.01-16.01.59:023][  0]LogConfig: Setting CVar [[r.DOF.Gather.PostfilterMethod:1          ; Median3x3 postfilering method]]
[2022.06.01-16.01.59:023][  0]LogConfig: Setting CVar [[r.DOF.Gather.EnableBokehSettings:0       ; no bokeh simulation when gathering]]
[2022.06.01-16.01.59:023][  0]LogConfig: Setting CVar [[r.DOF.Gather.RingCount:4                 ; medium number of samples when gathering]]
[2022.06.01-16.01.59:023][  0]LogConfig: Setting CVar [[r.DOF.Scatter.ForegroundCompositing:1    ; additive foreground scattering]]
[2022.06.01-16.01.59:023][  0]LogConfig: Setting CVar [[r.DOF.Scatter.BackgroundCompositing:2    ; additive background scattering]]
[2022.06.01-16.01.59:023][  0]LogConfig: Setting CVar [[r.DOF.Scatter.EnableBokehSettings:1      ; bokeh simulation when scattering]]
[2022.06.01-16.01.59:023][  0]LogConfig: Setting CVar [[r.DOF.Scatter.MaxSpriteRatio:0.1         ; only a maximum of 10% of scattered bokeh]]
[2022.06.01-16.01.59:023][  0]LogConfig: Setting CVar [[r.DOF.Recombine.Quality:1                ; cheap slight out of focus]]
[2022.06.01-16.01.59:023][  0]LogConfig: Setting CVar [[r.DOF.Recombine.EnableBokehSettings:0    ; no bokeh simulation on slight out of focus]]
[2022.06.01-16.01.59:023][  0]LogConfig: Setting CVar [[r.DOF.TemporalAAQuality:1                ; more stable temporal accumulation]]
[2022.06.01-16.01.59:023][  0]LogConfig: Setting CVar [[r.DOF.Kernel.MaxForegroundRadius:0.025]]
[2022.06.01-16.01.59:023][  0]LogConfig: Setting CVar [[r.DOF.Kernel.MaxBackgroundRadius:0.025]]
[2022.06.01-16.01.59:023][  0]LogConfig: Applying CVar settings from Section [TextureQuality@3] File [C:/Users/vaqui/Documents/JourneeAuMusee/Saved/Config/Windows/Scalability.ini]
[2022.06.01-16.01.59:023][  0]LogConfig: Setting CVar [[r.Streaming.MipBias:0]]
[2022.06.01-16.01.59:023][  0]LogConfig: Setting CVar [[r.Streaming.AmortizeCPUToGPUCopy:0]]
[2022.06.01-16.01.59:023][  0]LogConfig: Setting CVar [[r.Streaming.MaxNumTexturesToStreamPerFrame:0]]
[2022.06.01-16.01.59:023][  0]LogConfig: Setting CVar [[r.Streaming.Boost:1]]
[2022.06.01-16.01.59:024][  0]LogConfig: Setting CVar [[r.MaxAnisotropy:8]]
[2022.06.01-16.01.59:024][  0]LogConfig: Setting CVar [[r.VT.MaxAnisotropy:8]]
[2022.06.01-16.01.59:024][  0]LogConfig: Setting CVar [[r.Streaming.LimitPoolSizeToVRAM:0]]
[2022.06.01-16.01.59:024][  0]LogConfig: Setting CVar [[r.Streaming.PoolSize:1000]]
[2022.06.01-16.01.59:024][  0]LogConfig: Setting CVar [[r.Streaming.MaxEffectiveScreenSize:0]]
[2022.06.01-16.01.59:024][  0]LogConfig: Applying CVar settings from Section [EffectsQuality@3] File [C:/Users/vaqui/Documents/JourneeAuMusee/Saved/Config/Windows/Scalability.ini]
[2022.06.01-16.01.59:024][  0]LogConfig: Setting CVar [[r.TranslucencyLightingVolumeDim:64]]
[2022.06.01-16.01.59:024][  0]LogConfig: Setting CVar [[r.RefractionQuality:2]]
[2022.06.01-16.01.59:024][  0]LogConfig: Setting CVar [[r.SSR.Quality:3]]
[2022.06.01-16.01.59:024][  0]LogConfig: Setting CVar [[r.SSR.HalfResSceneColor:0]]
[2022.06.01-16.01.59:024][  0]LogConfig: Setting CVar [[r.SceneColorFormat:4]]
[2022.06.01-16.01.59:024][  0]LogConfig: Setting CVar [[r.DetailMode:2]]
[2022.06.01-16.01.59:024][  0]LogConfig: Setting CVar [[r.TranslucencyVolumeBlur:1]]
[2022.06.01-16.01.59:024][  0]LogConfig: Setting CVar [[r.MaterialQualityLevel:1 ; High quality]]
[2022.06.01-16.01.59:024][  0]LogConfig: Setting CVar [[r.AnisotropicMaterials:1]]
[2022.06.01-16.01.59:024][  0]LogConfig: Setting CVar [[r.SSS.Scale:1]]
[2022.06.01-16.01.59:024][  0]LogConfig: Setting CVar [[r.SSS.SampleSet:2]]
[2022.06.01-16.01.59:024][  0]LogConfig: Setting CVar [[r.SSS.Quality:1]]
[2022.06.01-16.01.59:024][  0]LogConfig: Setting CVar [[r.SSS.HalfRes:0]]
[2022.06.01-16.01.59:024][  0]LogConfig: Setting CVar [[r.SSGI.Quality:3]]
[2022.06.01-16.01.59:024][  0]LogConfig: Setting CVar [[r.EmitterSpawnRateScale:1.0]]
[2022.06.01-16.01.59:024][  0]LogConfig: Setting CVar [[r.ParticleLightQuality:2]]
[2022.06.01-16.01.59:024][  0]LogConfig: Setting CVar [[r.SkyAtmosphere.AerialPerspectiveLUT.FastApplyOnOpaque:1 ; Always have FastSkyLUT 1 in this case to avoid wrong sky]]
[2022.06.01-16.01.59:024][  0]LogConfig: Setting CVar [[r.SkyAtmosphere.AerialPerspectiveLUT.SampleCountMaxPerSlice:4]]
[2022.06.01-16.01.59:024][  0]LogConfig: Setting CVar [[r.SkyAtmosphere.AerialPerspectiveLUT.DepthResolution:16.0]]
[2022.06.01-16.01.59:024][  0]LogConfig: Setting CVar [[r.SkyAtmosphere.FastSkyLUT:1]]
[2022.06.01-16.01.59:024][  0]LogConfig: Setting CVar [[r.SkyAtmosphere.FastSkyLUT.SampleCountMin:4.0]]
[2022.06.01-16.01.59:024][  0]LogConfig: Setting CVar [[r.SkyAtmosphere.FastSkyLUT.SampleCountMax:128.0]]
[2022.06.01-16.01.59:024][  0]LogConfig: Setting CVar [[r.SkyAtmosphere.SampleCountMin:4.0]]
[2022.06.01-16.01.59:024][  0]LogConfig: Setting CVar [[r.SkyAtmosphere.SampleCountMax:128.0]]
[2022.06.01-16.01.59:024][  0]LogConfig: Setting CVar [[r.SkyAtmosphere.TransmittanceLUT.UseSmallFormat:0]]
[2022.06.01-16.01.59:024][  0]LogConfig: Setting CVar [[r.SkyAtmosphere.TransmittanceLUT.SampleCount:10.0]]
[2022.06.01-16.01.59:024][  0]LogConfig: Setting CVar [[r.SkyAtmosphere.MultiScatteringLUT.SampleCount:15.0]]
[2022.06.01-16.01.59:024][  0]LogConfig: Setting CVar [[r.SkyLight.RealTimeReflectionCapture:1]]
[2022.06.01-16.01.59:024][  0]LogConfig: Applying CVar settings from Section [FoliageQuality@3] File [C:/Users/vaqui/Documents/JourneeAuMusee/Saved/Config/Windows/Scalability.ini]
[2022.06.01-16.01.59:024][  0]LogConfig: Setting CVar [[foliage.DensityScale:1.0]]
[2022.06.01-16.01.59:024][  0]LogConfig: Setting CVar [[grass.DensityScale:1.0]]
[2022.06.01-16.01.59:024][  0]LogConfig: Applying CVar settings from Section [ShadingQuality@3] File [C:/Users/vaqui/Documents/JourneeAuMusee/Saved/Config/Windows/Scalability.ini]
[2022.06.01-16.01.59:024][  0]LogConfig: Setting CVar [[r.HairStrands.SkyLighting.IntegrationType:2]]
[2022.06.01-16.01.59:024][  0]LogConfig: Setting CVar [[r.HairStrands.SkyAO.SampleCount:4]]
[2022.06.01-16.01.59:024][  0]LogConfig: Setting CVar [[r.HairStrands.Visibility.MSAA.SamplePerPixel:4]]
[2022.06.01-16.01.59:024][  0]LogConfig: Applying CVar settings from Section [Startup] File [../../../Engine/Config/ConsoleVariables.ini]
[2022.06.01-16.01.59:024][  0]LogConfig: Setting CVar [[net.UseAdaptiveNetUpdateFrequency:0]]
[2022.06.01-16.01.59:024][  0]LogConfig: Setting CVar [[p.chaos.AllowCreatePhysxBodies:1]]
[2022.06.01-16.01.59:024][  0]LogConfig: Setting CVar [[fx.SkipVectorVMBackendOptimizations:1]]
[2022.06.01-16.01.59:024][  0]LogConfig: Applying CVar settings from Section [ConsoleVariables] File [C:/Users/vaqui/Documents/JourneeAuMusee/Saved/Config/Windows/Engine.ini]
[2022.06.01-16.01.59:024][  0]LogConfig: Applying CVar settings from Section [ConsoleVariables] File [C:/Users/vaqui/Documents/JourneeAuMusee/Saved/Config/Windows/Editor.ini]
[2022.06.01-16.01.59:024][  0]LogInit: Computer: DESKTOP-0TNHJ7C
[2022.06.01-16.01.59:024][  0]LogInit: User: vaqui
[2022.06.01-16.01.59:024][  0]LogInit: CPU Page size=4096, Cores=12
[2022.06.01-16.01.59:024][  0]LogInit: High frequency timer resolution =10.000000 MHz
[2022.06.01-16.01.59:024][  0]LogMemory: Memory total: Physical=31.9GB (32GB approx)
[2022.06.01-16.01.59:024][  0]LogMemory: Platform Memory Stats for Windows
[2022.06.01-16.01.59:024][  0]LogMemory: Process Physical Memory: 155.76 MB used, 155.77 MB peak
[2022.06.01-16.01.59:024][  0]LogMemory: Process Virtual Memory: 136.25 MB used, 136.25 MB peak
[2022.06.01-16.01.59:024][  0]LogMemory: Physical Memory: 13607.22 MB used,  19108.97 MB free, 32716.19 MB total
[2022.06.01-16.01.59:024][  0]LogMemory: Virtual Memory: 134201688.00 MB used,  16037.08 MB free, 134217728.00 MB total
[2022.06.01-16.01.59:062][  0]LogWindows: WindowsPlatformFeatures enabled
[2022.06.01-16.01.59:099][  0]LogInit: Physics initialised using underlying interface: PhysX
[2022.06.01-16.01.59:099][  0]LogInit: Using OS detected language (fr-FR).
[2022.06.01-16.01.59:099][  0]LogInit: Using OS detected locale (fr-FR).
[2022.06.01-16.01.59:102][  0]LogTextLocalizationManager: No specific localization for 'fr-FR' exists, so the 'fr' localization will be used.
[2022.06.01-16.01.59:103][  0]LogTextLocalizationResource: LocRes '../../../Engine/Content/Localization/Editor/fr/Editor.locres' could not be opened for reading!
[2022.06.01-16.01.59:103][  0]LogTextLocalizationResource: LocRes '../../../Engine/Content/Localization/EditorTutorials/fr/EditorTutorials.locres' could not be opened for reading!
[2022.06.01-16.01.59:103][  0]LogTextLocalizationResource: LocRes '../../../Engine/Content/Localization/Keywords/fr/Keywords.locres' could not be opened for reading!
[2022.06.01-16.01.59:103][  0]LogTextLocalizationResource: LocRes '../../../Engine/Content/Localization/Category/fr/Category.locres' could not be opened for reading!
[2022.06.01-16.01.59:103][  0]LogTextLocalizationResource: LocRes '../../../Engine/Content/Localization/ToolTips/fr/ToolTips.locres' could not be opened for reading!
[2022.06.01-16.01.59:104][  0]LogTextLocalizationResource: LocRes '../../../Engine/Content/Localization/PropertyNames/fr/PropertyNames.locres' could not be opened for reading!
[2022.06.01-16.01.59:104][  0]LogTextLocalizationResource: LocRes '../../../Engine/Content/Localization/Engine/fr/Engine.locres' could not be opened for reading!
[2022.06.01-16.01.59:116][  0]LogWindowsTextInputMethodSystem: Display: IME system deactivated.
[2022.06.01-16.01.59:175][  0]LogSlate: New Slate User Created.  User Index 0, Is Virtual User: 0
[2022.06.01-16.01.59:175][  0]LogSlate: Slate User Registered.  User Index 0, Is Virtual User: 0
[2022.06.01-16.01.59:216][  0]LogD3D11RHI: Loaded GFSDK_Aftermath_Lib.x64.dll
[2022.06.01-16.01.59:218][  0]LogHMD: Failed to initialize OpenVR with code 110
[2022.06.01-16.01.59:218][  0]LogD3D11RHI: D3D11 min allowed feature level: 11_0
[2022.06.01-16.01.59:218][  0]LogD3D11RHI: D3D11 max allowed feature level: 11_0
[2022.06.01-16.01.59:218][  0]LogD3D11RHI: D3D11 adapters:
[2022.06.01-16.01.59:301][  0]LogD3D11RHI:    0. 'NVIDIA GeForce RTX 2080 Ti' (Feature Level 11_0)
[2022.06.01-16.01.59:301][  0]LogD3D11RHI:       11049/0/16358 MB DedicatedVideo/DedicatedSystem/SharedSystem, Outputs:2, VendorId:0x10de
[2022.06.01-16.01.59:303][  0]LogD3D11RHI:    1. 'Microsoft Basic Render Driver' (Feature Level 11_0)
[2022.06.01-16.01.59:303][  0]LogD3D11RHI:       0/0/16358 MB DedicatedVideo/DedicatedSystem/SharedSystem, Outputs:0, VendorId:0x1414
[2022.06.01-16.01.59:303][  0]LogD3D11RHI: Chosen D3D11 Adapter:
[2022.06.01-16.01.59:303][  0]LogD3D11RHI:     Description : NVIDIA GeForce RTX 2080 Ti
[2022.06.01-16.01.59:303][  0]LogD3D11RHI:     VendorId    : 10de
[2022.06.01-16.01.59:303][  0]LogD3D11RHI:     DeviceId    : 1e07
[2022.06.01-16.01.59:303][  0]LogD3D11RHI:     SubSysId    : 37151462
[2022.06.01-16.01.59:303][  0]LogD3D11RHI:     Revision    : 00a1
[2022.06.01-16.01.59:303][  0]LogD3D11RHI:     DedicatedVideoMemory : 11585716224 bytes
[2022.06.01-16.01.59:303][  0]LogD3D11RHI:     DedicatedSystemMemory : 0 bytes
[2022.06.01-16.01.59:303][  0]LogD3D11RHI:     SharedSystemMemory : 17152706560 bytes
[2022.06.01-16.01.59:303][  0]LogD3D11RHI:     AdapterLuid : 0 49458
[2022.06.01-16.01.59:311][  0]LogD3D11RHI: Creating new Direct3DDevice
[2022.06.01-16.01.59:311][  0]LogD3D11RHI:     GPU DeviceId: 0x1e07 (for the marketing name, search the web for "GPU Device Id")
[2022.06.01-16.01.59:311][  0]LogWindows: EnumDisplayDevices:
[2022.06.01-16.01.59:311][  0]LogWindows:    0. 'NVIDIA GeForce RTX 2080 Ti' (P:1 D:1)
[2022.06.01-16.01.59:311][  0]LogWindows:    1. 'NVIDIA GeForce RTX 2080 Ti' (P:0 D:1)
[2022.06.01-16.01.59:311][  0]LogWindows:    2. 'NVIDIA GeForce RTX 2080 Ti' (P:0 D:0)
[2022.06.01-16.01.59:311][  0]LogWindows:    3. 'NVIDIA GeForce RTX 2080 Ti' (P:0 D:0)
[2022.06.01-16.01.59:311][  0]LogWindows: DebugString: FoundDriverCount:4 
[2022.06.01-16.01.59:311][  0]LogD3D11RHI:     Adapter Name: NVIDIA GeForce RTX 2080 Ti
[2022.06.01-16.01.59:311][  0]LogD3D11RHI:   Driver Version: 512.95 (internal:30.0.15.1295, unified:512.95)
[2022.06.01-16.01.59:311][  0]LogD3D11RHI:      Driver Date: 5-19-2022
[2022.06.01-16.01.59:311][  0]LogRHI: Texture pool is 7734 MB (70% of 11049 MB)
[2022.06.01-16.01.59:311][  0]LogD3D11RHI: Creating D3DDevice using adapter:
[2022.06.01-16.01.59:311][  0]LogD3D11RHI:     Description : NVIDIA GeForce RTX 2080 Ti
[2022.06.01-16.01.59:311][  0]LogD3D11RHI:     VendorId    : 10de
[2022.06.01-16.01.59:311][  0]LogD3D11RHI:     DeviceId    : 1e07
[2022.06.01-16.01.59:311][  0]LogD3D11RHI:     SubSysId    : 37151462
[2022.06.01-16.01.59:311][  0]LogD3D11RHI:     Revision    : 00a1
[2022.06.01-16.01.59:311][  0]LogD3D11RHI:     DedicatedVideoMemory : 11585716224 bytes
[2022.06.01-16.01.59:311][  0]LogD3D11RHI:     DedicatedSystemMemory : 0 bytes
[2022.06.01-16.01.59:311][  0]LogD3D11RHI:     SharedSystemMemory : 17152706560 bytes
[2022.06.01-16.01.59:311][  0]LogD3D11RHI:     AdapterLuid : 0 49458
[2022.06.01-16.01.59:366][  0]LogD3D11RHI: RHI has support for 64 bit atomics
[2022.06.01-16.01.59:366][  0]LogD3D11RHI: Async texture creation enabled
[2022.06.01-16.01.59:366][  0]LogD3D11RHI: Array index from any shader is supported
[2022.06.01-16.01.59:386][  0]LogD3D11RHI: GPU Timing Frequency: 1000.000000 (Debug: 2 1)
[2022.06.01-16.01.59:407][  0]LogRHI: GeForceNow SDK initialized: 1
[2022.06.01-16.01.59:643][  0]LogTargetPlatformManager: Display: Loaded TargetPlatform 'WindowsNoEditor'
[2022.06.01-16.01.59:646][  0]LogTargetPlatformManager: Display: Loaded TargetPlatform 'Windows'
[2022.06.01-16.01.59:650][  0]LogTargetPlatformManager: Display: Loaded TargetPlatform 'WindowsClient'
[2022.06.01-16.01.59:653][  0]LogTargetPlatformManager: Display: Loaded TargetPlatform 'WindowsServer'
[2022.06.01-16.01.59:653][  0]LogTargetPlatformManager: Display: Building Assets For Windows
[2022.06.01-16.01.59:660][  0]LogAudioDebug: Display: Lib vorbis DLL was dynamically loaded.
[2022.06.01-16.01.59:685][  0]LogTextureFormatOodle: Display: Oodle Texture 2.9.0 init RDO Off
[2022.06.01-16.01.59:712][  0]LogRendererCore: Ray tracing is disabled. Reason: r.RayTracing=0.
[2022.06.01-16.01.59:712][  0]LogShaderCompilers: Guid format shader working directory is 6 characters bigger than the processId version (C:/Users/vaqui/Documents/JourneeAuMusee/Intermediate/Shaders/WorkingDirectory/14456/).
[2022.06.01-16.01.59:712][  0]LogShaderCompilers: Cleaned the shader compiler working directory 'C:/Users/vaqui/AppData/Local/Temp/UnrealShaderWorkingDir/0FE83E114037FCFD865414B299C79EEE/'.
[2022.06.01-16.01.59:712][  0]LogXGEController: Cannot use XGE Controller as Incredibuild is not installed on this machine.
[2022.06.01-16.01.59:712][  0]LogShaderCompilers: Cannot use XGE Shader Compiler as Incredibuild is not installed on this machine.
[2022.06.01-16.01.59:712][  0]LogShaderCompilers: Display: Using Local Shader Compiler.
[2022.06.01-16.02.00:325][  0]LogDerivedDataCache: Display: Max Cache Size: 512 MB
[2022.06.01-16.02.00:387][  0]LogDerivedDataCache: Loaded boot cache 0.06s 94MB C:/Users/vaqui/AppData/Local/UnrealEngine/4.27/DerivedDataCache/Boot.ddc.
[2022.06.01-16.02.00:387][  0]LogDerivedDataCache: Display: Loaded Boot cache: C:/Users/vaqui/AppData/Local/UnrealEngine/4.27/DerivedDataCache/Boot.ddc
[2022.06.01-16.02.00:387][  0]LogDerivedDataCache: FDerivedDataBackendGraph:  Pak pak cache file C:/Users/vaqui/Documents/JourneeAuMusee/DerivedDataCache/DDC.ddp not found, will not use a pak cache.
[2022.06.01-16.02.00:387][  0]LogDerivedDataCache: Unable to find inner node Pak for hierarchical cache Hierarchy.
[2022.06.01-16.02.00:387][  0]LogDerivedDataCache: FDerivedDataBackendGraph:  CompressedPak pak cache file C:/Users/vaqui/Documents/JourneeAuMusee/DerivedDataCache/Compressed.ddp not found, will not use a pak cache.
[2022.06.01-16.02.00:387][  0]LogDerivedDataCache: Unable to find inner node CompressedPak for hierarchical cache Hierarchy.
[2022.06.01-16.02.00:403][  0]LogDerivedDataCache: Display: Pak cache opened for reading ../../../Engine/DerivedDataCache/Compressed.ddp.
[2022.06.01-16.02.00:403][  0]LogDerivedDataCache: FDerivedDataBackendGraph:  EnterprisePak pak cache file ../../../Enterprise/DerivedDataCache/Compressed.ddp not found, will not use a pak cache.
[2022.06.01-16.02.00:403][  0]LogDerivedDataCache: Unable to find inner node EnterprisePak for hierarchical cache Hierarchy.
[2022.06.01-16.02.00:409][  0]LogDerivedDataCache: Speed tests for C:/Users/vaqui/AppData/Local/UnrealEngine/Common/DerivedDataCache took 0.01 seconds
[2022.06.01-16.02.00:409][  0]LogDerivedDataCache: Display: Performance to C:/Users/vaqui/AppData/Local/UnrealEngine/Common/DerivedDataCache: Latency=0.03ms. RandomReadSpeed=1480.16MBs, RandomWriteSpeed=190.51MBs. Assigned SpeedClass 'Local'
[2022.06.01-16.02.00:410][  0]LogDerivedDataCache: Using Local data cache path C:/Users/vaqui/AppData/Local/UnrealEngine/Common/DerivedDataCache: Writable
[2022.06.01-16.02.00:410][  0]LogDerivedDataCache: Shared data cache path not found in *engine.ini, will not use an Shared cache.
[2022.06.01-16.02.00:410][  0]LogDerivedDataCache: Unable to find inner node Shared for hierarchical cache Hierarchy.
[2022.06.01-16.02.00:441][  0]LogSlate: Using FreeType 2.10.0
[2022.06.01-16.02.00:441][  0]LogSlate: SlateFontServices - WITH_FREETYPE: 1, WITH_HARFBUZZ: 1
[2022.06.01-16.02.00:530][  0]LogInit: Using OS detected language (fr-FR).
[2022.06.01-16.02.00:530][  0]LogInit: Using OS detected locale (fr-FR).
[2022.06.01-16.02.00:530][  0]LogTextLocalizationManager: No localization for 'fr-FR' exists, so 'en' will be used for the language.
[2022.06.01-16.02.00:530][  0]LogTextLocalizationManager: No localization for 'fr-FR' exists, so 'en' will be used for the locale.
[2022.06.01-16.02.00:530][  0]LogSlate: FontCache flush requested. Reason: Culture for localization was changed
[2022.06.01-16.02.00:531][  0]LogSlate: FontCache flush requested. Reason: Culture for localization was changed
[2022.06.01-16.02.00:533][  0]LogAssetRegistry: FAssetRegistry took 0.0016 seconds to start up
[2022.06.01-16.02.00:670][  0]LogTextLocalizationManager: Compacting localization data took   0.01ms
[2022.06.01-16.02.00:670][  0]LogPackageLocalizationCache: Processed 27 localized package path(s) for 1 prioritized culture(s) in 0.001269 seconds
[2022.06.01-16.02.00:727][  0]LogInit: Selected Device Profile: [Windows]
[2022.06.01-16.02.00:728][  0]LogInit: Active device profile: [000001516547A000][000001515D68B980 49] Windows
[2022.06.01-16.02.00:728][  0]LogInit: Profiles: [000001516547A000][000001515D68B980 49] Windows, [000001516542C800][000001515D693B00 49] WindowsNoEditor, [000001516547A100][000001515D696100 49] WindowsServer, [000001516542E400][0000015164270280 49] WindowsClient, [000001516547A600][0000015164274400 49] IOS, [000001516542E600][0000015164278580 49] iPadAir, [000001516547AB00][000001516427C700 49] iPadAir2, [00000151653D6300][00000151642849C0 49] IPadPro, [00000151653D6400][0000015164280A00 49] iPadAir3, [0000015165479700][0000015164288B80 49] iPadAir4, [00000151653D6200][000001516428CD00 49] iPadMini2, [000001516547BC00][0000015164290E80 49] iPadMini3, [00000151653D4D00][0000015164295000 49] iPadMini4, [0000015165478800][0000015164299180 49] iPadMini5, [0000015165415900][000001516429D3C0 49] iPhone6, [0000015165415A00][000001515D68F400 49] iPodTouch6, [000001516542F300][00000151642A5640 49] iPhone7, [000001516542F400][00000151642A1680 49] iPodTouch7, [0000015165417700][00000151642AD800 49] iPhone5S, [000001516542CF00][0000015163EB1980 49] iPhone6Plus, [0000015165414B00][0000015163EB5B00 49] iPhone6S, [000001516542DB00][0000015163EB8100 49] iPhone6SPlus, [0000015165416C00][0000015163EBC280 49] iPhone7Plus, [000001516542DE00][0000015163EC0400 49] iPhoneSE, [0000015165414E00][0000015163EC4580 49] iPhone8, [000001516542C200][0000015163EC8700 49] iPhone8Plus, [0000015165415C00][0000015163ECC880 49] iPhoneX, [000001516542E200][0000015163ED0A00 49] iPhoneXS, [0000015165417E00][0000015163ED4B80 49] iPhoneXSMax, [000001516542F200][0000015163ED8D00 49] iPhoneXR, [0000015165414600][0000015163EDCE80 49] iPhone11, [000001516542C600][0000015163EE1000 49] iPhone11Pro, [0000015165415F00][0000015163EE5180 49] iPhone11ProMax, [000001516542DC00][0000015163EE9300 49] iPhoneSE2, [0000015165416B00][0000015163EED480 49] iPhone12Mini, [000001516542FD00][00000151642A95C0 49] iPhone12, [0000015165417300][0000015163EF1700 49] iPhone12Pro, [000001516542F600][0000015163EF5840 49] iPhone12ProMax, [0000015165415400][000001515D9159C0 49] iPadPro105, [000001516542D700][000001515D919B40 49] iPadPro129, [0000015165417500][000001515D91C140 49] iPadPro97, [000001516542F800][000001515D9202C0 49] iPadPro2_129, [0000015165417800][000001515D924440 49] iPad5, [00000151653D7F00][000001515D9285C0 49] iPad6, [00000151654B9100][000001515D92C740 49] iPad7, [00000151653D4700][000001515D9308C0 49] iPad8, [000001516542F700][000001515D934A40 49] iPadPro11, [00000151653D4500][000001515D938BC0 49] iPadPro2_11, [000001516542DA00][000001515D93CD40 49] iPadPro3_129, [00000151653D6700][000001515D940EC0 49] iPadPro4_129, [0000015165417B00][000001515D945040 49] AppleTV, [00000151653D4800][000001515D9491C0 49] AppleTV4K, [0000015165416800][000001515D94D340 49] TVOS, [00000151653D6B00][000001515D9514C0 49] Mac, [0000015165414300][000001515D955640 49] MacClient, [00000151653D7A00][0000015163EF9780 49] MacNoEditor, [0000015165417900][000001515D9598C0 49] MacServer, [00000151653D7B00][000001515D95DA00 49] Linux, [0000015165415E00][000001515D961B40 49] LinuxAArch64, [00000151653D6E00][000001515D968140 49] LinuxNoEditor, [0000015165415300][000001515D96C2C0 49] LinuxAArch64NoEditor, [00000151653D6D00][000001515D970440 49] LinuxClient, [0000015165415000][000001515D9745C0 49] LinuxAArch64Client, [00000151653D7200][000001515D978740 49] LinuxServer, [0000015165417C00][000001515D97C8C0 49] LinuxAArch64Server, [00000151653D5000][000001515D980A40 49] Android, [0000015165417F00][000001515D984BC0 49] Android_Low, [00000151653D5200][000001515D988D40 49] Android_Mid, [0000015165414900][000001515D98CEC0 49] Android_High, [00000151653D5B00][000001515D991040 49] Android_Default, [0000015165415600][000001515D9951C0 49] Android_Adreno4xx, [00000151653D6500][000001515D999340 49] Android_Adreno5xx_Low, [0000015165414800][000001515D99D4C0 49] Android_Adreno5xx, [00000151653D4200][000001515D9A1640 49] Android_Adreno6xx, [0000015165414200][000001515D9A57C0 49] Android_Adreno6xx_Vulkan, [00000151653D6600][000001515D965900 49] Android_Mali_T6xx, [0000015165415100][000001515D9A9A40 49] Android_Mali_T7xx, [00000151653D4B00][000001515D9ADB80 49] Android_Mali_T8xx, [0000015165415200][000001515D9B0140 49] Android_Mali_G71, [00000151653D6C00][000001515D9B82C0 49] Android_Mali_G72, [0000015165414D00][000001515D9BC440 49] Android_Mali_G72_Vulkan, [00000151653D7000][000001515D9C05C0 49] Android_Mali_G76, [0000015165416500][000001515D9C4740 49] Android_Mali_G76_Vulkan, [00000151653D5400][000001515D9C88C0 49] Android_Mali_G77, [0000015165416700][000001515D9CCA40 49] Android_Mali_G77_Vulkan, [00000151653D7D00][000001515D9D0BC0 49] Android_Mali_G78, [0000015165417400][000001515D9D4D40 49] Android_Mali_G78_Vulkan, [00000151653D4900][000001515D9D8EC0 49] Android_Mali_G710, [0000015165415D00][000001515D9DD040 49] Android_Mali_G710_Vulkan, [00000151653D7100][000001515D9E11C0 49] Android_Vulkan_SM5, [0000015165416600][000001515D9E5340 49] Android_PowerVR_G6xxx, [00000151653D4A00][000001515D9E94C0 49] Android_PowerVR_GT7xxx, [0000015165416900][000001515D9ED640 49] Android_PowerVR_GE8xxx, [00000151653D5E00][000001515D9F17C0 49] Android_PowerVR_GM9xxx, [0000015165414500][000001515D9F5940 49] Android_PowerVR_GM9xxx_Vulkan, [00000151653D6F00][000001515D9F9AC0 49] Android_TegraK1, [000001516547AE00][000001515D9B5C00 49] Android_Unknown_Vulkan, [000001516542D000][000001515D9FC1C0 49] Lumin, [0000015165478900][000001515DA00300 49] Lumin_Desktop, [000001516542EA00][000001515DA08480 49] HoloLens, 
[2022.06.01-16.02.00:764][  0]LogMeshReduction: Using QuadricMeshReduction for automatic static mesh reduction
[2022.06.01-16.02.00:764][  0]LogMeshReduction: Using SimplygonMeshReduction for automatic skeletal mesh reduction
[2022.06.01-16.02.00:764][  0]LogMeshReduction: Using ProxyLODMeshReduction for automatic mesh merging
[2022.06.01-16.02.00:764][  0]LogMeshReduction: No distributed automatic mesh merging module available
[2022.06.01-16.02.00:764][  0]LogMeshMerging: No distributed automatic mesh merging module available
[2022.06.01-16.02.00:869][  0]LogNetVersion: UneJourneeAuMusee 1.0.0, NetCL: 17155196, EngineNetVer: 17, GameNetVer: 0 (Checksum: 3529440305)
[2022.06.01-16.02.01:074][  0]LogTexture: Default maximum texture size for cubemaps generated from long-lat sources has been changed from 512 to unlimited. In order to preserve old behaiour for '/Engine/MapTemplates/Sky/DaylightAmbientCubemap.DaylightAmbientCubemap', its maximum texture size has been explicitly set to 512.
[2022.06.01-16.02.01:120][  0]LogHMD: PokeAHoleMaterial loaded successfully
[2022.06.01-16.02.01:234][  0]LogMoviePlayer: Initializing movie player
[2022.06.01-16.02.01:327][  0]LogPython: Using Python 3.7.7
[2022.06.01-16.02.01:733][  0]LogNiagaraDebuggerClient: Niagara Debugger Client Initialized | Session: 1C60A3F946509AAD84574491699D0645 | Instance: 5CC3B1AC400BF5FAFA276CBA3923D7BB (DESKTOP-0TNHJ7C-14456).
[2022.06.01-16.02.01:750][  0]LogCollectionManager: Loaded 0 collections in 0.000702 seconds
[2022.06.01-16.02.01:753][  0]LogFileCache: Scanning file cache for directory 'C:/Users/vaqui/Documents/JourneeAuMusee/Saved/Collections/' took 0.00s
[2022.06.01-16.02.01:753][  0]LogFileCache: Scanning file cache for directory 'C:/Users/vaqui/Documents/JourneeAuMusee/Content/Developers/vaqui/Collections/' took 0.00s
[2022.06.01-16.02.01:753][  0]LogFileCache: Scanning file cache for directory 'C:/Users/vaqui/Documents/JourneeAuMusee/Content/Collections/' took 0.00s
[2022.06.01-16.02.01:753][  0]LogCollectionManager: Fixed up redirectors for 0 collections in 0.000001 seconds (updated 0 objects)
[2022.06.01-16.02.01:852][  0]LogTcpMessaging: Initializing TcpMessaging bridge
[2022.06.01-16.02.01:855][  0]LogUdpMessaging: Initializing bridge on interface 0.0.0.0:0 to multicast group 230.0.0.1:6666.
[2022.06.01-16.02.01:928][  0]SourceControl: Source control is disabled
[2022.06.01-16.02.01:928][  0]SourceControl: Source control is disabled
[2022.06.01-16.02.01:930][  0]SourceControl: Source control is disabled
[2022.06.01-16.02.01:937][  0]LogUProjectInfo: Found projects:
[2022.06.01-16.02.02:004][  0]LogOpenImageDenoise: OIDN starting up
[2022.06.01-16.02.02:032][  0]LogAndroidPermission: UAndroidPermissionCallbackProxy::GetInstance
[2022.06.01-16.02.02:048][  0]LogAudioCaptureCore: Display: No Audio Capture implementations found. Audio input will be silent.
[2022.06.01-16.02.02:048][  0]LogAudioCaptureCore: Display: No Audio Capture implementations found. Audio input will be silent.
[2022.06.01-16.02.02:105][  0]LogOcInput: OculusInput pre-init called
[2022.06.01-16.02.02:113][  0]LogUObjectArray: 22121 objects as part of root set at end of initial load.
[2022.06.01-16.02.02:113][  0]LogUObjectAllocator: 5975632 out of 0 bytes used by permanent object pool.
[2022.06.01-16.02.02:113][  0]LogUObjectArray: CloseDisregardForGC: 0/0 objects in disregard for GC pool
[2022.06.01-16.02.02:160][  0]LogEngine: Initializing Engine...
[2022.06.01-16.02.02:162][  0]LogHMD: Failed to enumerate extensions. Please check that you have a valid OpenXR runtime installed.
[2022.06.01-16.02.02:162][  0]LogHMD: Failed to initialize OpenVR with code 110
[2022.06.01-16.02.02:162][  0]LogMagicLeap: Warning: VR disabled because ZI is not enabled.  To enable, in the editor, Edit -> Project Settings -> Plugins -> Magic Leap Plugin -> Enable Zero Iteration
[2022.06.01-16.02.02:163][  0]LogStats: UGameplayTagsManager::InitializeManager -  0.000 s
[2022.06.01-16.02.02:243][  0]LogInit: Initializing FReadOnlyCVARCache
[2022.06.01-16.02.02:243][  0]LogAudio: Display: Initializing Audio Device Manager...
[2022.06.01-16.02.02:246][  0]LogAudio: Display: Loading Default Audio Settings Objects...
[2022.06.01-16.02.02:246][  0]LogAudio: Display: No default SoundConcurrencyObject specified (or failed to load).
[2022.06.01-16.02.02:247][  0]LogAudio: Display: Audio Device Manager Initialized
[2022.06.01-16.02.02:247][  0]LogAudio: Display: Creating Audio Device:                 Id: 1, Scope: Shared, Realtime: True
[2022.06.01-16.02.02:247][  0]LogAudioMixer: Display: Audio Mixer Platform Settings:
[2022.06.01-16.02.02:247][  0]LogAudioMixer: Display: 	Sample Rate:						  48000
[2022.06.01-16.02.02:247][  0]LogAudioMixer: Display: 	Callback Buffer Frame Size Requested: 1024
[2022.06.01-16.02.02:247][  0]LogAudioMixer: Display: 	Callback Buffer Frame Size To Use:	  1024
[2022.06.01-16.02.02:247][  0]LogAudioMixer: Display: 	Number of buffers to queue:			  2
[2022.06.01-16.02.02:247][  0]LogAudioMixer: Display: 	Max Channels (voices):				  32
[2022.06.01-16.02.02:247][  0]LogAudioMixer: Display: 	Number of Async Source Workers:		  0
[2022.06.01-16.02.02:247][  0]LogAudio: Display: AudioDevice MaxSources: 32
[2022.06.01-16.02.02:247][  0]LogAudio: Display: Audio Spatialization Plugin: None (built-in).
[2022.06.01-16.02.02:247][  0]LogAudio: Display: Audio Reverb Plugin: None (built-in).
[2022.06.01-16.02.02:247][  0]LogAudio: Display: Audio Occlusion Plugin: None (built-in).
[2022.06.01-16.02.02:247][  0]LogAudioMixer: Display: Initializing audio mixer.
[2022.06.01-16.02.02:295][  0]LogAudioMixer: Display: 0: FrontLeft
[2022.06.01-16.02.02:295][  0]LogAudioMixer: Display: 1: FrontRight
[2022.06.01-16.02.02:306][  0]LogAudioMixer: Display: Using Audio Device Haut-parleurs (HyperX Cloud Flight S Game)
[2022.06.01-16.02.02:311][  0]LogAudioMixer: Display: Initializing Sound Submixes...
[2022.06.01-16.02.02:313][  0]LogAudioMixer: Display: Creating Master Submix 'MasterSubmixDefault'
[2022.06.01-16.02.02:313][  0]LogAudioMixer: Display: Creating Master Submix 'MasterReverbSubmixDefault'
[2022.06.01-16.02.02:314][  0]LogAudioMixer: Display: Creating Master Submix 'MasterEQSubmixDefault'
[2022.06.01-16.02.02:314][  0]LogAudioMixer: FMixerPlatformXAudio2::StartAudioStream() called
[2022.06.01-16.02.02:314][  0]LogAudioMixer: Display: Output buffers initialized: Frames=1024, Channels=2, Samples=2048
[2022.06.01-16.02.02:315][  0]LogAudioMixer: Display: Starting AudioMixerPlatformInterface::RunInternal()
[2022.06.01-16.02.02:315][  0]LogAudioMixer: Display: FMixerPlatformXAudio2::SubmitBuffer() called for the first time
[2022.06.01-16.02.02:315][  0]LogInit: FAudioDevice initialized.
[2022.06.01-16.02.02:316][  0]LogNetVersion: Set ProjectVersion to 1.0.0.0. Version Checksum will be recalculated on next use.
[2022.06.01-16.02.02:316][  0]LogInit: Texture streaming: Enabled
[2022.06.01-16.02.02:495][  0]LogAudio: Display: Audio Device (ID: 1) registered with world 'Untitled'.
[2022.06.01-16.02.02:495][  0]LogSlate: Updating window title bar state: overlay mode, drag disabled, window buttons hidden, title bar hidden
[2022.06.01-16.02.02:496][  0]LogInit: Display: Game Engine Initialized.
[2022.06.01-16.02.02:507][  0]LogNiagaraEditor: GEditor isn't valid! Particle reset commands will not work for Niagara components!
[2022.06.01-16.02.02:597][  0]LogInit: Display: Starting Game.
[2022.06.01-16.02.02:598][  0]LogNet: Browse: /Game/ThirdPersonBP/Maps/ThirdPersonExampleMap?Name=Player
[2022.06.01-16.02.02:598][  0]LogLoad: LoadMap: /Game/ThirdPersonBP/Maps/ThirdPersonExampleMap?Name=Player
[2022.06.01-16.02.02:598][  0]LogWorld: BeginTearingDown for /Temp/Untitled_0
[2022.06.01-16.02.02:598][  0]LogWorld: UWorld::CleanupWorld for Untitled, bSessionEnded=true, bCleanupResources=true
[2022.06.01-16.02.02:599][  0]LogSlate: InvalidateAllWidgets triggered.  All widgets were invalidated
[2022.06.01-16.02.02:609][  0]LogAudio: Display: Audio Device unregistered from world 'None'.
[2022.06.01-16.02.02:611][  0]LogUObjectHash: Compacting FUObjectHashTables data took   0.78ms
[2022.06.01-16.02.02:921][  0]LogAudio: Display: Audio Device (ID: 1) registered with world 'ThirdPersonExampleMap'.
[2022.06.01-16.02.02:929][  0]LogAIModule: Creating AISystem for world ThirdPersonExampleMap
[2022.06.01-16.02.02:931][  0]LogLoad: Game class is 'ThirdPersonGameMode_C'
[2022.06.01-16.02.02:938][  0]LogWorld: Bringing World /Game/ThirdPersonBP/Maps/ThirdPersonExampleMap.ThirdPersonExampleMap up for play (max tick rate 0) at 2022.06.01-18.02.02
[2022.06.01-16.02.02:938][  0]LogWorld: Bringing up level for play took: 0.006434
[2022.06.01-16.02.02:939][  0]LogGameMode: FindPlayerStart: PATHS NOT DEFINED or NO PLAYERSTART with positive rating
[2022.06.01-16.02.02:941][  0]LogLoad: Took 0.344689 seconds to LoadMap(/Game/ThirdPersonBP/Maps/ThirdPersonExampleMap)
[2022.06.01-16.02.03:076][  0]LogSlate: Took 0.000212 seconds to synchronously load lazily loaded font '../../../Engine/Content/Slate/Fonts/Roboto-Regular.ttf' (155K)
[2022.06.01-16.02.03:151][  0]LogRenderer: Reallocating scene render targets to support 1920x1016 Format 10 NumSamples 1 (Frame:1).
[2022.06.01-16.02.03:151][  0]LogInit: Display: Engine is initialized. Leaving FEngineLoop::Init()
[2022.06.01-16.02.03:151][  0]LogLoad: (Engine Initialization) Total time: 5.13 seconds
[2022.06.01-16.02.03:151][  0]LogLoad: (Engine Initialization) Total Blueprint compile time: 0.00 seconds
[2022.06.01-16.02.03:154][  0]LogContentStreaming: Texture pool size now 1000 MB
[2022.06.01-16.02.03:157][  0]LogSlate: InvalidateAllWidgets triggered.  All widgets were invalidated
[2022.06.01-16.02.03:270][  0]LogRenderer: Reallocating scene render targets to support 128x128 Format 10 NumSamples 1 (Frame:1).
[2022.06.01-16.02.03:318][  0]LogRenderer: Reallocating scene render targets to support 1920x1016 Format 10 NumSamples 1 (Frame:2).
[2022.06.01-16.02.03:362][  1]LogSlate: Took 0.000216 seconds to synchronously load lazily loaded font '../../../Engine/Content/Slate/Fonts/Roboto-Regular.ttf' (155K)
[2022.06.01-16.02.12:075][ 43]LogSlate: Window 'UneJourneeAuMusee (64-bit Development PCD3D_SM5) ' being destroyed
[2022.06.01-16.02.12:076][ 43]LogWindowsTextInputMethodSystem: Display: IME system deactivated.
[2022.06.01-16.02.12:080][ 43]LogSlate: Updating window title bar state: overlay mode, drag disabled, window buttons hidden, title bar hidden
[2022.06.01-16.02.12:080][ 43]LogEngine: All Windows Closed
[2022.06.01-16.02.12:080][ 43]LogWindows: FPlatformMisc::RequestExit(0)
[2022.06.01-16.02.12:080][ 43]LogWindows: FPlatformMisc::RequestExitWithStatus(0, 0)
[2022.06.01-16.02.12:080][ 43]LogCore: Engine exit requested (reason: Win RequestExit)
[2022.06.01-16.02.12:080][ 44]LogCore: Engine exit requested (reason: EngineExit() was called; note: exit was already requested)
[2022.06.01-16.02.12:080][ 44]LogInit: Display: PreExit Game.
[2022.06.01-16.02.12:091][ 44]LogWorld: BeginTearingDown for /Game/ThirdPersonBP/Maps/ThirdPersonExampleMap
[2022.06.01-16.02.12:092][ 44]LogWorld: UWorld::CleanupWorld for ThirdPersonExampleMap, bSessionEnded=true, bCleanupResources=true
[2022.06.01-16.02.12:092][ 44]LogSlate: InvalidateAllWidgets triggered.  All widgets were invalidated
[2022.06.01-16.02.12:171][ 44]LogAudio: Display: Beginning Audio Device Manager Shutdown (Module: AudioMixerXAudio2)...
[2022.06.01-16.02.12:171][ 44]LogAudio: Display: Destroying 1 Remaining Audio Device(s)...
[2022.06.01-16.02.12:171][ 44]LogAudio: Display: Audio Device unregistered from world 'ThirdPersonExampleMap'.
[2022.06.01-16.02.12:209][ 44]LogAudioMixer: FMixerPlatformXAudio2::StopAudioStream() called
[2022.06.01-16.02.12:210][ 44]LogAudioMixer: FMixerPlatformXAudio2::StopAudioStream() called
[2022.06.01-16.02.12:213][ 44]LogAudio: Display: Audio Device Manager Shutdown
[2022.06.01-16.02.12:216][ 44]LogExit: Preparing to exit.
[2022.06.01-16.02.12:879][ 44]LogSlate: Updating window title bar state: overlay mode, drag disabled, window buttons hidden, title bar hidden
[2022.06.01-16.02.12:882][ 44]LogUObjectHash: Compacting FUObjectHashTables data took   0.97ms
[2022.06.01-16.02.12:906][ 44]LogMoviePlayer: Shutting down movie player
[2022.06.01-16.02.12:987][ 44]LogDemo: Cleaned up 0 splitscreen connections with owner deletion
[2022.06.01-16.02.12:990][ 44]LogExit: Game engine shut down
[2022.06.01-16.02.13:037][ 44]LogExit: Object subsystem successfully closed.
[2022.06.01-16.02.13:055][ 44]LogShaderCompilers: Display: === FShaderJobCache stats ===
[2022.06.01-16.02.13:055][ 44]LogShaderCompilers: Display: Total job queries 0, among them cache hits 0 (0.00%)
[2022.06.01-16.02.13:055][ 44]LogShaderCompilers: Display: Tracking 0 distinct input hashes that result in 0 distinct outputs (0.00%)
[2022.06.01-16.02.13:055][ 44]LogShaderCompilers: Display: RAM used: 0.00 MB (0.00 GB) of 1638.40 MB (1.60 GB) budget. Usage: 0.00%
[2022.06.01-16.02.13:055][ 44]LogShaderCompilers: Display: ================================================
[2022.06.01-16.02.13:063][ 44]LogShaderCompilers: Display: Shaders left to compile 0
[2022.06.01-16.02.13:070][ 44]LogModuleManager: Shutting down and abandoning module SequenceRecorderSections (560)
[2022.06.01-16.02.13:070][ 44]LogModuleManager: Shutting down and abandoning module SequenceRecorder (558)
[2022.06.01-16.02.13:070][ 44]LogModuleManager: Shutting down and abandoning module AutomationController (556)
[2022.06.01-16.02.13:070][ 44]LogModuleManager: Shutting down and abandoning module AutomationWorker (554)
[2022.06.01-16.02.13:070][ 44]LogModuleManager: Shutting down and abandoning module Voice (552)
[2022.06.01-16.02.13:070][ 44]LogModuleManager: Shutting down and abandoning module AIModule (550)
[2022.06.01-16.02.13:070][ 44]LogModuleManager: Shutting down and abandoning module GameplayDebugger (549)
[2022.06.01-16.02.13:070][ 44]LogModuleManager: Shutting down and abandoning module AITestSuite (547)
[2022.06.01-16.02.13:070][ 44]LogModuleManager: Shutting down and abandoning module NavigationSystem (545)
[2022.06.01-16.02.13:070][ 44]LogModuleManager: Shutting down and abandoning module AnimGraph (542)
[2022.06.01-16.02.13:070][ 44]LogModuleManager: Shutting down and abandoning module SteamVREditor (540)
[2022.06.01-16.02.13:070][ 44]LogModuleManager: Shutting down and abandoning module ToolMenus (539)
[2022.06.01-16.02.13:070][ 44]LogModuleManager: Shutting down and abandoning module OculusMR (536)
[2022.06.01-16.02.13:070][ 44]LogModuleManager: Shutting down and abandoning module OpenXRInput (534)
[2022.06.01-16.02.13:070][ 44]LogModuleManager: Shutting down and abandoning module TakeRecorderSources (532)
[2022.06.01-16.02.13:070][ 44]LogModuleManager: Shutting down and abandoning module TakeRecorder (531)
[2022.06.01-16.02.13:070][ 44]LogModuleManager: Shutting down and abandoning module TakeTrackRecorders (528)
[2022.06.01-16.02.13:070][ 44]LogModuleManager: Shutting down and abandoning module TakesCore (526)
[2022.06.01-16.02.13:070][ 44]LogModuleManager: Shutting down and abandoning module WmfMediaFactory (524)
[2022.06.01-16.02.13:070][ 44]LogModuleManager: Shutting down and abandoning module WebMMediaFactory (522)
[2022.06.01-16.02.13:070][ 44]LogModuleManager: Shutting down and abandoning module WebMMedia (520)
[2022.06.01-16.02.13:070][ 44]LogModuleManager: Shutting down and abandoning module OpenExrWrapper (518)
[2022.06.01-16.02.13:070][ 44]LogModuleManager: Shutting down and abandoning module ImgMediaFactory (516)
[2022.06.01-16.02.13:070][ 44]LogModuleManager: Shutting down and abandoning module MagicLeapMediaCodecFactory (514)
[2022.06.01-16.02.13:070][ 44]LogModuleManager: Shutting down and abandoning module MagicLeapMediaFactory (512)
[2022.06.01-16.02.13:070][ 44]LogModuleManager: Shutting down and abandoning module AvfMediaFactory (510)
[2022.06.01-16.02.13:070][ 44]LogModuleManager: Shutting down and abandoning module PlanarCut (508)
[2022.06.01-16.02.13:070][ 44]LogModuleManager: Shutting down and abandoning module CharacterAI (506)
[2022.06.01-16.02.13:070][ 44]LogModuleManager: Shutting down and abandoning module SessionServices (504)
[2022.06.01-16.02.13:070][ 44]LogModuleManager: Shutting down and abandoning module MovieSceneCapture (502)
[2022.06.01-16.02.13:070][ 44]LogModuleManager: Shutting down and abandoning module LiveCoding (500)
[2022.06.01-16.02.13:071][ 44]LogModuleManager: Shutting down and abandoning module LevelSequence (498)
[2022.06.01-16.02.13:071][ 44]LogModuleManager: Shutting down and abandoning module MovieSceneTracks (496)
[2022.06.01-16.02.13:071][ 44]LogModuleManager: Shutting down and abandoning module MovieScene (494)
[2022.06.01-16.02.13:071][ 44]LogModuleManager: Shutting down and abandoning module StreamingPauseRendering (492)
[2022.06.01-16.02.13:071][ 44]LogModuleManager: Shutting down and abandoning module PortalServices (490)
[2022.06.01-16.02.13:071][ 44]LogModuleManager: Shutting down and abandoning module PortalRpc (488)
[2022.06.01-16.02.13:071][ 44]LogModuleManager: Shutting down and abandoning module MessagingRpc (486)
[2022.06.01-16.02.13:071][ 44]LogModuleManager: Shutting down and abandoning module AudioMixerXAudio2 (484)
[2022.06.01-16.02.13:071][ 44]LogModuleManager: Shutting down and abandoning module AudioMixerCore (483)
[2022.06.01-16.02.13:071][ 44]LogModuleManager: Shutting down and abandoning module ImageWriteQueue (480)
[2022.06.01-16.02.13:075][ 44]LogModuleManager: Shutting down and abandoning module ProfilerService (478)
[2022.06.01-16.02.13:141][ 44]LogModuleManager: Shutting down and abandoning module TaskGraph (476)
[2022.06.01-16.02.13:141][ 44]LogModuleManager: Shutting down and abandoning module OculusInput (474)
[2022.06.01-16.02.13:141][ 44]LogModuleManager: Shutting down and abandoning module Synthesis (472)
[2022.06.01-16.02.13:141][ 44]LogModuleManager: Shutting down and abandoning module ProceduralMeshComponent (470)
[2022.06.01-16.02.13:141][ 44]LogModuleManager: Shutting down and abandoning module MobilePatchingUtils (468)
[2022.06.01-16.02.13:141][ 44]LogModuleManager: Shutting down and abandoning module TakeMovieScene (466)
[2022.06.01-16.02.13:141][ 44]LogModuleManager: Shutting down and abandoning module GooglePAD (464)
[2022.06.01-16.02.13:141][ 44]LogModuleManager: Shutting down and abandoning module EditableMesh (462)
[2022.06.01-16.02.13:141][ 44]LogModuleManager: Shutting down and abandoning module CustomMeshComponent (460)
[2022.06.01-16.02.13:141][ 44]LogModuleManager: Shutting down and abandoning module CableComponent (458)
[2022.06.01-16.02.13:142][ 44]LogModuleManager: Shutting down and abandoning module AudioCapture (456)
[2022.06.01-16.02.13:142][ 44]LogModuleManager: Shutting down and abandoning module AudioCaptureRtAudio (455)
[2022.06.01-16.02.13:142][ 44]LogModuleManager: Shutting down and abandoning module AssetTags (452)
[2022.06.01-16.02.13:142][ 44]LogModuleManager: Shutting down and abandoning module ArchVisCharacter (450)
[2022.06.01-16.02.13:142][ 44]LogModuleManager: Shutting down and abandoning module AppleImageUtilsBlueprintSupport (448)
[2022.06.01-16.02.13:142][ 44]LogModuleManager: Shutting down and abandoning module AppleImageUtils (446)
[2022.06.01-16.02.13:142][ 44]LogModuleManager: Shutting down and abandoning module AndroidPermission (444)
[2022.06.01-16.02.13:142][ 44]LogModuleManager: Shutting down and abandoning module ActorLayerUtilities (442)
[2022.06.01-16.02.13:142][ 44]LogModuleManager: Shutting down and abandoning module TemplateSequence (440)
[2022.06.01-16.02.13:142][ 44]LogModuleManager: Shutting down and abandoning module MediaCompositing (438)
[2022.06.01-16.02.13:142][ 44]LogModuleManager: Shutting down and abandoning module ImgMedia (436)
[2022.06.01-16.02.13:142][ 44]LogModuleManager: Shutting down and abandoning module MagicLeapSharedWorld (434)
[2022.06.01-16.02.13:142][ 44]LogModuleManager: Shutting down and abandoning module MagicLeapLightEstimation (432)
[2022.06.01-16.02.13:142][ 44]LogModuleManager: Shutting down and abandoning module MagicLeapHelperVulkan (430)
[2022.06.01-16.02.13:142][ 44]LogModuleManager: Shutting down and abandoning module MagicLeapHelperOpenGL (428)
[2022.06.01-16.02.13:142][ 44]LogModuleManager: Shutting down and abandoning module MagicLeapAudio (426)
[2022.06.01-16.02.13:142][ 44]LogModuleManager: Shutting down and abandoning module OpenImageDenoise (424)
[2022.06.01-16.02.13:142][ 44]LogOpenImageDenoise: OIDN shutting down
[2022.06.01-16.02.13:142][ 44]LogModuleManager: Shutting down and abandoning module MotoSynth (422)
[2022.06.01-16.02.13:142][ 44]LogModuleManager: Shutting down and abandoning module GeometryCollectionTracks (420)
[2022.06.01-16.02.13:142][ 44]LogModuleManager: Shutting down and abandoning module GeometryCollectionSequencer (419)
[2022.06.01-16.02.13:142][ 44]LogModuleManager: Shutting down and abandoning module MeshConversion (416)
[2022.06.01-16.02.13:142][ 44]LogModuleManager: Shutting down and abandoning module DynamicMesh (414)
[2022.06.01-16.02.13:142][ 44]LogModuleManager: Shutting down and abandoning module GeometryAlgorithms (412)
[2022.06.01-16.02.13:142][ 44]LogModuleManager: Shutting down and abandoning module GeometricObjects (410)
[2022.06.01-16.02.13:142][ 44]LogModuleManager: Shutting down and abandoning module GeometryCacheTracks (408)
[2022.06.01-16.02.13:142][ 44]LogModuleManager: Shutting down and abandoning module GeometryCacheSequencer (407)
[2022.06.01-16.02.13:142][ 44]LogModuleManager: Shutting down and abandoning module GeometryCache (404)
[2022.06.01-16.02.13:142][ 44]LogModuleManager: Shutting down and abandoning module GeometryCacheEd (403)
[2022.06.01-16.02.13:142][ 44]LogModuleManager: Shutting down and abandoning module ChaosNiagara (400)
[2022.06.01-16.02.13:142][ 44]LogModuleManager: Shutting down and abandoning module FieldSystemEngine (399)
[2022.06.01-16.02.13:142][ 44]LogModuleManager: Shutting down and abandoning module AutomationUtils (396)
[2022.06.01-16.02.13:142][ 44]LogModuleManager: Shutting down and abandoning module BackChannel (394)
[2022.06.01-16.02.13:142][ 44]LogModuleManager: Shutting down and abandoning module VisualStudioCodeSourceCodeAccess (392)
[2022.06.01-16.02.13:142][ 44]LogModuleManager: Shutting down and abandoning module VisualStudioSourceCodeAccess (390)
[2022.06.01-16.02.13:142][ 44]LogModuleManager: Shutting down and abandoning module HotReload (389)
[2022.06.01-16.02.13:142][ 44]LogModuleManager: Shutting down and abandoning module UObjectPlugin (386)
[2022.06.01-16.02.13:142][ 44]LogModuleManager: Shutting down and abandoning module SubversionSourceControl (384)
[2022.06.01-16.02.13:142][ 44]LogModuleManager: Shutting down and abandoning module PerforceSourceControl (382)
[2022.06.01-16.02.13:142][ 44]LogModuleManager: Shutting down and abandoning module SourceControl (381)
[2022.06.01-16.02.13:142][ 44]LogModuleManager: Shutting down and abandoning module CLionSourceCodeAccess (378)
[2022.06.01-16.02.13:142][ 44]LogModuleManager: Shutting down and abandoning module OodleNetworkHandlerComponent (376)
[2022.06.01-16.02.13:142][ 44]LogModuleManager: Shutting down and abandoning module LiveLinkSequencer (374)
[2022.06.01-16.02.13:142][ 44]LogModuleManager: Shutting down and abandoning module LiveLinkMovieScene (372)
[2022.06.01-16.02.13:142][ 44]LogModuleManager: Shutting down and abandoning module LiveLinkGraphNode (370)
[2022.06.01-16.02.13:142][ 44]LogModuleManager: Shutting down and abandoning module LiveLinkComponents (368)
[2022.06.01-16.02.13:142][ 44]LogModuleManager: Shutting down and abandoning module LiveLink (366)
[2022.06.01-16.02.13:898][ 44]LogModuleManager: Shutting down and abandoning module SoundFields (364)
[2022.06.01-16.02.13:898][ 44]LogModuleManager: Shutting down and abandoning module SignificanceManager (362)
[2022.06.01-16.02.13:898][ 44]LogModuleManager: Shutting down and abandoning module RuntimePhysXCooking (360)
[2022.06.01-16.02.13:898][ 44]LogModuleManager: Shutting down and abandoning module PropertyAccessEditor (358)
[2022.06.01-16.02.13:898][ 44]LogModuleManager: Shutting down and abandoning module PhysXVehiclesEditor (356)
[2022.06.01-16.02.13:898][ 44]LogModuleManager: Shutting down and abandoning module LocationServicesBPLibrary (352)
[2022.06.01-16.02.13:898][ 44]LogModuleManager: Shutting down and abandoning module AudioSynesthesia (350)
[2022.06.01-16.02.13:898][ 44]LogModuleManager: Shutting down and abandoning module AudioSynesthesiaCore (348)
[2022.06.01-16.02.13:898][ 44]LogModuleManager: Shutting down and abandoning module ImgMediaEngine (346)
[2022.06.01-16.02.13:898][ 44]LogModuleManager: Shutting down and abandoning module ActorSequence (344)
[2022.06.01-16.02.13:898][ 44]LogModuleManager: Shutting down and abandoning module UdpMessaging (342)
[2022.06.01-16.02.13:999][ 44]LogModuleManager: Shutting down and abandoning module TcpMessaging (340)
[2022.06.01-16.02.14:100][ 44]LogModuleManager: Shutting down and abandoning module MagicLeapARPin (338)
[2022.06.01-16.02.14:100][ 44]LogModuleManager: Shutting down and abandoning module MagicLeapHandMeshing (336)
[2022.06.01-16.02.14:100][ 44]LogModuleManager: Shutting down and abandoning module MagicLeapSecureStorage (334)
[2022.06.01-16.02.14:100][ 44]LogModuleManager: Shutting down and abandoning module MagicLeapPrivileges (332)
[2022.06.01-16.02.14:100][ 44]LogModuleManager: Shutting down and abandoning module MagicLeapPlanes (330)
[2022.06.01-16.02.14:100][ 44]LogMagicLeapPlanes: Planes tracker already destroyed.
[2022.06.01-16.02.14:100][ 44]LogModuleManager: Shutting down and abandoning module MagicLeapImageTracker (328)
[2022.06.01-16.02.14:100][ 44]LogModuleManager: Shutting down and abandoning module MagicLeapIdentity (326)
[2022.06.01-16.02.14:100][ 44]LogModuleManager: Shutting down and abandoning module MagicLeapHandTracking (324)
[2022.06.01-16.02.14:100][ 44]LogModuleManager: Shutting down and abandoning module MagicLeapEyeTracker (322)
[2022.06.01-16.02.14:100][ 44]LogModuleManager: Shutting down and abandoning module MagicLeapController (320)
[2022.06.01-16.02.14:100][ 44]LogModuleManager: Shutting down and abandoning module MagicLeapARPinImpl (318)
[2022.06.01-16.02.14:100][ 44]LogModuleManager: Shutting down and abandoning module MagicLeapAR (316)
[2022.06.01-16.02.14:100][ 44]LogModuleManager: Shutting down and abandoning module NiagaraAnimNotifies (314)
[2022.06.01-16.02.14:100][ 44]LogModuleManager: Shutting down and abandoning module Niagara (312)
[2022.06.01-16.02.14:100][ 44]LogModuleManager: Shutting down and abandoning module SignalProcessing (311)
[2022.06.01-16.02.14:100][ 44]LogModuleManager: Shutting down and abandoning module NiagaraEditor (309)
[2022.06.01-16.02.14:100][ 44]LogModuleManager: Shutting down and abandoning module ContentBrowser (308)
[2022.06.01-16.02.14:100][ 44]LogModuleManager: Shutting down and abandoning module CollectionManager (307)
[2022.06.01-16.02.14:100][ 44]LogModuleManager: Shutting down and abandoning module DirectoryWatcher (306)
[2022.06.01-16.02.14:100][ 44]LogModuleManager: Shutting down and abandoning module ContentBrowserData (303)
[2022.06.01-16.02.14:100][ 44]LogModuleManager: Shutting down and abandoning module NiagaraCore (298)
[2022.06.01-16.02.14:100][ 44]LogModuleManager: Shutting down and abandoning module PythonScriptPlugin (296)
[2022.06.01-16.02.14:100][ 44]LogModuleManager: Shutting down and abandoning module PropertyAccessNode (294)
[2022.06.01-16.02.14:100][ 44]LogModuleManager: Shutting down and abandoning module GameplayTagsEditor (292)
[2022.06.01-16.02.14:100][ 44]LogModuleManager: Shutting down and abandoning module FacialAnimation (290)
[2022.06.01-16.02.14:100][ 44]LogModuleManager: Shutting down and abandoning module AnimationSharing (288)
[2022.06.01-16.02.14:100][ 44]LogModuleManager: Shutting down and abandoning module AssetManagerEditor (286)
[2022.06.01-16.02.14:100][ 44]LogModuleManager: Shutting down and abandoning module TreeMap (285)
[2022.06.01-16.02.14:100][ 44]LogModuleManager: Shutting down and abandoning module GameplayCameras (282)
[2022.06.01-16.02.14:100][ 44]LogModuleManager: Shutting down and abandoning module EnvironmentQueryEditor (280)
[2022.06.01-16.02.14:100][ 44]LogModuleManager: Shutting down and abandoning module LightPropagationVolumeRuntime (278)
[2022.06.01-16.02.14:101][ 44]LogModuleManager: Shutting down and abandoning module Paper2D (276)
[2022.06.01-16.02.14:101][ 44]LogModuleManager: Shutting down and abandoning module WindowsMoviePlayer (274)
[2022.06.01-16.02.14:101][ 44]LogModuleManager: Shutting down and abandoning module WebMMoviePlayer (272)
[2022.06.01-16.02.14:101][ 44]LogModuleManager: Shutting down and abandoning module NetworkReplayStreaming (270)
[2022.06.01-16.02.14:101][ 44]LogModuleManager: Shutting down and abandoning module PacketHandler (268)
[2022.06.01-16.02.14:101][ 44]LogModuleManager: Shutting down and abandoning module ClothingSystemEditor (266)
[2022.06.01-16.02.14:101][ 44]LogModuleManager: Shutting down and abandoning module ClothingSystemRuntimeNv (264)
[2022.06.01-16.02.14:101][ 44]LogModuleManager: Shutting down and abandoning module MediaAssets (262)
[2022.06.01-16.02.14:101][ 44]LogModuleManager: Shutting down and abandoning module Overlay (260)
[2022.06.01-16.02.14:101][ 44]LogModuleManager: Shutting down and abandoning module OverlayEditor (259)
[2022.06.01-16.02.14:101][ 44]LogModuleManager: Shutting down and abandoning module VREditor (256)
[2022.06.01-16.02.14:101][ 44]LogModuleManager: Shutting down and abandoning module StringTableEditor (254)
[2022.06.01-16.02.14:101][ 44]LogModuleManager: Shutting down and abandoning module GameplayTasksEditor (252)
[2022.06.01-16.02.14:101][ 44]LogModuleManager: Shutting down and abandoning module BehaviorTreeEditor (250)
[2022.06.01-16.02.14:101][ 44]LogModuleManager: Shutting down and abandoning module FunctionalTesting (248)
[2022.06.01-16.02.14:101][ 44]LogModuleManager: Shutting down and abandoning module CollisionAnalyzer (246)
[2022.06.01-16.02.14:101][ 44]LogModuleManager: Shutting down and abandoning module WorkspaceMenuStructure (245)
[2022.06.01-16.02.14:101][ 44]LogModuleManager: Shutting down and abandoning module UMG (242)
[2022.06.01-16.02.14:101][ 44]LogModuleManager: Shutting down and abandoning module UMGEditor (241)
[2022.06.01-16.02.14:101][ 44]LogModuleManager: Shutting down and abandoning module Sequencer (240)
[2022.06.01-16.02.14:101][ 44]LogModuleManager: Shutting down and abandoning module MessageLog (237)
[2022.06.01-16.02.14:101][ 44]LogModuleManager: Shutting down and abandoning module SlateReflector (232)
[2022.06.01-16.02.14:101][ 44]LogModuleManager: Shutting down and abandoning module Slate (230)
[2022.06.01-16.02.14:101][ 44]LogModuleManager: Shutting down and abandoning module SlateCore (228)
[2022.06.01-16.02.14:102][ 44]LogModuleManager: Shutting down and abandoning module LandscapeEditorUtilities (226)
[2022.06.01-16.02.14:102][ 44]LogModuleManager: Shutting down and abandoning module UnrealEd (224)
[2022.06.01-16.02.14:102][ 44]LogModuleManager: Shutting down and abandoning module MRMesh (222)
[2022.06.01-16.02.14:102][ 44]LogModuleManager: Shutting down and abandoning module Messaging (220)
[2022.06.01-16.02.14:102][ 44]LogModuleManager: Shutting down and abandoning module SourceCodeAccess (218)
[2022.06.01-16.02.14:102][ 44]LogModuleManager: Shutting down and abandoning module HeadMountedDisplay (216)
[2022.06.01-16.02.14:102][ 44]LogModuleManager: Shutting down and abandoning module XAudio2 (214)
[2022.06.01-16.02.14:102][ 44]LogModuleManager: Shutting down and abandoning module Networking (212)
[2022.06.01-16.02.14:102][ 44]LogModuleManager: Shutting down and abandoning module Core (210)
[2022.06.01-16.02.14:102][ 44]LogModuleManager: Shutting down and abandoning module MaterialEditor (208)
[2022.06.01-16.02.14:102][ 44]LogModuleManager: Shutting down and abandoning module MovieSceneTools (206)
[2022.06.01-16.02.14:102][ 44]LogModuleManager: Shutting down and abandoning module EditorStyle (205)
[2022.06.01-16.02.14:103][ 44]LogModuleManager: Shutting down and abandoning module KismetCompiler (202)
[2022.06.01-16.02.14:103][ 44]LogModuleManager: Shutting down and abandoning module MeshBuilder (200)
[2022.06.01-16.02.14:103][ 44]LogModuleManager: Shutting down and abandoning module MeshUtilities (198)
[2022.06.01-16.02.14:103][ 44]LogModuleManager: Shutting down and abandoning module MeshMergeUtilities (197)
[2022.06.01-16.02.14:103][ 44]LogModuleManager: Shutting down and abandoning module MeshReductionInterface (196)
[2022.06.01-16.02.14:103][ 44]LogModuleManager: Shutting down and abandoning module MeshBoneReduction (195)
[2022.06.01-16.02.14:103][ 44]LogModuleManager: Shutting down and abandoning module SkeletalMeshReduction (193)
[2022.06.01-16.02.14:103][ 44]LogModuleManager: Shutting down and abandoning module ProxyLODMeshReduction (191)
[2022.06.01-16.02.14:103][ 44]LogModuleManager: Shutting down and abandoning module QuadricMeshReduction (189)
[2022.06.01-16.02.14:103][ 44]LogModuleManager: Shutting down and abandoning module MaterialBaking (185)
[2022.06.01-16.02.14:103][ 44]LogModuleManager: Shutting down and abandoning module NullInstallBundleManager (180)
[2022.06.01-16.02.14:103][ 44]LogModuleManager: Shutting down and abandoning module PIEPreviewDeviceProfileSelector (178)
[2022.06.01-16.02.14:103][ 44]LogModuleManager: Shutting down and abandoning module DerivedDataCache (176)
[2022.06.01-16.02.14:103][ 44]LogModuleManager: Shutting down and abandoning module TargetPlatform (174)
[2022.06.01-16.02.14:103][ 44]LogModuleManager: Shutting down and abandoning module VulkanShaderFormat (173)
[2022.06.01-16.02.14:103][ 44]LogModuleManager: Shutting down and abandoning module ShaderFormatVectorVM (171)
[2022.06.01-16.02.14:103][ 44]LogModuleManager: Shutting down and abandoning module ShaderFormatOpenGL (169)
[2022.06.01-16.02.14:103][ 44]LogModuleManager: Shutting down and abandoning module ShaderFormatD3D (167)
[2022.06.01-16.02.14:103][ 44]LogModuleManager: Shutting down and abandoning module MetalShaderFormat (165)
[2022.06.01-16.02.14:103][ 44]LogModuleManager: Shutting down and abandoning module TextureFormatOodle (163)
[2022.06.01-16.02.14:103][ 44]LogModuleManager: Shutting down and abandoning module TextureFormatUncompressed (161)
[2022.06.01-16.02.14:103][ 44]LogModuleManager: Shutting down and abandoning module TextureFormatPVR (159)
[2022.06.01-16.02.14:103][ 44]LogModuleManager: Shutting down and abandoning module TextureFormatETC2 (157)
[2022.06.01-16.02.14:103][ 44]LogModuleManager: Shutting down and abandoning module TextureFormatDXT (155)
[2022.06.01-16.02.14:103][ 44]LogModuleManager: Shutting down and abandoning module TextureFormatIntelISPCTexComp (153)
[2022.06.01-16.02.14:103][ 44]LogModuleManager: Shutting down and abandoning module TextureFormatASTC (151)
[2022.06.01-16.02.14:103][ 44]LogModuleManager: Shutting down and abandoning module ImageWrapper (150)
[2022.06.01-16.02.14:103][ 44]LogModuleManager: Shutting down and abandoning module AudioFormatOpus (147)
[2022.06.01-16.02.14:103][ 44]LogModuleManager: Shutting down and abandoning module AudioFormatOgg (145)
[2022.06.01-16.02.14:103][ 44]LogModuleManager: Shutting down and abandoning module AudioFormatADPCM (143)
[2022.06.01-16.02.14:103][ 44]LogModuleManager: Shutting down and abandoning module WindowsServerTargetPlatform (141)
[2022.06.01-16.02.14:103][ 44]LogModuleManager: Shutting down and abandoning module WindowsClientTargetPlatform (139)
[2022.06.01-16.02.14:103][ 44]LogModuleManager: Shutting down and abandoning module WindowsTargetPlatform (137)
[2022.06.01-16.02.14:103][ 44]LogModuleManager: Shutting down and abandoning module WindowsNoEditorTargetPlatform (135)
[2022.06.01-16.02.14:103][ 44]LogModuleManager: Shutting down and abandoning module D3D11RHI (132)
[2022.06.01-16.02.14:103][ 44]LogModuleManager: Shutting down and abandoning module InputCore (130)
[2022.06.01-16.02.14:103][ 44]LogModuleManager: Shutting down and abandoning module Settings (128)
[2022.06.01-16.02.14:103][ 44]LogModuleManager: Shutting down and abandoning module PhysXCooking (126)
[2022.06.01-16.02.14:103][ 44]LogModuleManager: Shutting down and abandoning module Chaos (124)
[2022.06.01-16.02.14:103][ 44]LogModuleManager: Shutting down and abandoning module WindowsPlatformFeatures (122)
[2022.06.01-16.02.14:104][ 44]LogModuleManager: Shutting down and abandoning module GameplayMediaEncoder (121)
[2022.06.01-16.02.14:104][ 44]LogModuleManager: Shutting down and abandoning module AVEncoder (120)
[2022.06.01-16.02.14:104][ 44]LogModuleManager: Shutting down and abandoning module SteamVRInputDevice (116)
[2022.06.01-16.02.14:104][ 44]LogModuleManager: Shutting down and abandoning module SteamVRInput (114)
[2022.06.01-16.02.14:104][ 44]LogModuleManager: Shutting down and abandoning module SteamVR (112)
[2022.06.01-16.02.14:104][ 44]LogHMD: Freeing OpenVRDLLHandle.
[2022.06.01-16.02.14:104][ 44]LogModuleManager: Shutting down and abandoning module OculusHMD (110)
[2022.06.01-16.02.14:104][ 44]LogModuleManager: Shutting down and abandoning module OpenXRHandTracking (108)
[2022.06.01-16.02.14:104][ 44]LogSlate: Slate User Destroyed.  User Index 0, Is Virtual User: 0
[2022.06.01-16.02.14:104][ 44]LogModuleManager: Shutting down and abandoning module OpenXREyeTracker (106)
[2022.06.01-16.02.14:104][ 44]LogModuleManager: Shutting down and abandoning module OpenXRAR (104)
[2022.06.01-16.02.14:104][ 44]LogModuleManager: Shutting down and abandoning module AugmentedReality (103)
[2022.06.01-16.02.14:104][ 44]LogModuleManager: Shutting down and abandoning module OpenXRHMD (100)
[2022.06.01-16.02.14:104][ 44]LogModuleManager: Shutting down and abandoning module ExampleDeviceProfileSelector (98)
[2022.06.01-16.02.14:104][ 44]LogModuleManager: Shutting down and abandoning module ChunkDownloader (96)
[2022.06.01-16.02.14:104][ 44]LogModuleManager: Shutting down and abandoning module OnlineBlueprintSupport (94)
[2022.06.01-16.02.14:104][ 44]LogModuleManager: Shutting down and abandoning module OnlineSubsystem (90)
[2022.06.01-16.02.14:105][ 44]LogModuleManager: Shutting down and abandoning module XMPP (85)
[2022.06.01-16.02.14:105][ 44]LogModuleManager: Shutting down and abandoning module WebSockets (84)
[2022.06.01-16.02.14:139][ 44]LogModuleManager: Shutting down and abandoning module HTTP (81)
[2022.06.01-16.02.14:139][ 44]LogHttp: Display: cleaning up 0 outstanding Http requests.
[2022.06.01-16.02.14:160][ 44]LogModuleManager: Shutting down and abandoning module SSL (80)
[2022.06.01-16.02.14:161][ 44]LogModuleManager: Shutting down and abandoning module WmfMedia (76)
[2022.06.01-16.02.14:162][ 44]LogModuleManager: Shutting down and abandoning module Media (75)
[2022.06.01-16.02.14:162][ 44]LogModuleManager: Shutting down and abandoning module MediaInfo (74)
[2022.06.01-16.02.14:162][ 44]LogModuleManager: Shutting down and abandoning module LauncherChunkInstaller (70)
[2022.06.01-16.02.14:162][ 44]LogModuleManager: Shutting down and abandoning module ExrReaderGpu (68)
[2022.06.01-16.02.14:162][ 44]LogModuleManager: Shutting down and abandoning module MLSDK (66)
[2022.06.01-16.02.14:162][ 44]LogModuleManager: Shutting down and abandoning module MagicLeap (64)
[2022.06.01-16.02.14:162][ 44]LogModuleManager: Shutting down and abandoning module VariantManagerContent (62)
[2022.06.01-16.02.14:162][ 44]LogModuleManager: Shutting down and abandoning module NiagaraVertexFactories (60)
[2022.06.01-16.02.14:162][ 44]LogModuleManager: Shutting down and abandoning module NiagaraShader (58)
[2022.06.01-16.02.14:162][ 44]LogModuleManager: Shutting down and abandoning module DatasmithContent (56)
[2022.06.01-16.02.14:162][ 44]LogModuleManager: Shutting down and abandoning module ChaosCloth (54)
[2022.06.01-16.02.14:162][ 44]LogModuleManager: Shutting down and abandoning module PixWinPlugin (52)
[2022.06.01-16.02.14:162][ 44]LogModuleManager: Shutting down and abandoning module AISupportModule (50)
[2022.06.01-16.02.14:162][ 44]LogModuleManager: Shutting down and abandoning module DesktopPlatform (48)
[2022.06.01-16.02.14:162][ 44]LogModuleManager: Shutting down and abandoning module PythonScriptPluginPreload (46)
[2022.06.01-16.02.14:163][ 44]LogModuleManager: Shutting down and abandoning module PlatformCryptoOpenSSL (44)
[2022.06.01-16.02.14:163][ 44]LogModuleManager: Shutting down and abandoning module PlatformCryptoTypes (42)
[2022.06.01-16.02.14:163][ 44]LogModuleManager: Shutting down and abandoning module PlatformCrypto (40)
[2022.06.01-16.02.14:163][ 44]LogModuleManager: Shutting down and abandoning module OodleDataCompressionFormat (38)
[2022.06.01-16.02.14:163][ 44]LogModuleManager: Shutting down and abandoning module XGEController (36)
[2022.06.01-16.02.14:163][ 44]LogModuleManager: Shutting down and abandoning module AnimationModifiers (34)
[2022.06.01-16.02.14:163][ 44]LogModuleManager: Shutting down and abandoning module AudioEditor (32)
[2022.06.01-16.02.14:163][ 44]LogModuleManager: Shutting down and abandoning module PropertyEditor (31)
[2022.06.01-16.02.14:163][ 44]LogModuleManager: Shutting down and abandoning module TextureCompressor (28)
[2022.06.01-16.02.14:163][ 44]LogModuleManager: Shutting down and abandoning module RenderCore (26)
[2022.06.01-16.02.14:163][ 44]LogModuleManager: Shutting down and abandoning module Landscape (24)
[2022.06.01-16.02.14:163][ 44]LogModuleManager: Shutting down and abandoning module SlateRHIRenderer (22)
[2022.06.01-16.02.14:163][ 44]LogModuleManager: Shutting down and abandoning module AnimGraphRuntime (20)
[2022.06.01-16.02.14:163][ 44]LogModuleManager: Shutting down and abandoning module Renderer (18)
[2022.06.01-16.02.14:163][ 44]LogModuleManager: Shutting down and abandoning module Engine (16)
[2022.06.01-16.02.14:163][ 44]LogModuleManager: Shutting down and abandoning module CoreUObject (14)
[2022.06.01-16.02.14:163][ 44]LogModuleManager: Shutting down and abandoning module NetworkFile (12)
[2022.06.01-16.02.14:163][ 44]LogModuleManager: Shutting down and abandoning module CookedIterativeFile (10)
[2022.06.01-16.02.14:163][ 44]LogModuleManager: Shutting down and abandoning module StreamingFile (8)
[2022.06.01-16.02.14:163][ 44]LogModuleManager: Shutting down and abandoning module SandboxFile (6)
[2022.06.01-16.02.14:163][ 44]LogModuleManager: Shutting down and abandoning module PakFile (4)
[2022.06.01-16.02.14:163][ 44]LogModuleManager: Shutting down and abandoning module RSA (3)
[2022.06.01-16.02.14:248][ 44]LogContentStreaming: Display: There are 1 unreleased StreamingManagers
[2022.06.01-16.02.14:264][ 44]LogD3D11RHI: Shutdown
[2022.06.01-16.02.14:264][ 44]LogD3D11RHI: CleanupD3DDevice
[2022.06.01-16.02.14:265][ 44]LogExit: Exiting.
[2022.06.01-16.02.14:276][ 44]Log file closed, 06/01/22 18:02:14
